#
# A fatal error has been detected by the Java Runtime Environment:
#
#  SIGSEGV (0xb) at pc=0x00007f07df72e73f, pid=25068, tid=139672195430144
#
# JRE version: Java(TM) SE Runtime Environment (7.0_45-b18) (build 1.7.0_45-b18)
# Java VM: Java HotSpot(TM) 64-Bit Server VM (24.45-b08 mixed mode linux-amd64 compressed oops)
# Problematic frame:
# C  [libgdk-x11-2.0.so.0+0x5173f]  gdk_display_open+0x3f
#
# Failed to write core dump. Core dumps have been disabled. To enable core dumping, try "ulimit -c unlimited" before starting Java again
#
# If you would like to submit a bug report, please visit:
#   http://bugreport.sun.com/bugreport/crash.jsp
# The crash happened outside the Java Virtual Machine in native code.
# See problematic frame for where to report the bug.
#

---------------  T H R E A D  ---------------

Current thread (0x0000000001336000):  JavaThread "main" [_thread_in_native, id=25069, stack(0x00007f07f787f000,0x00007f07f7980000)]

siginfo:si_signo=SIGSEGV: si_errno=0, si_code=1 (SEGV_MAPERR), si_addr=0x0000000000000114

Registers:
RAX=0x0000000000000000, RBX=0x0000000000000000, RCX=0x00007f07f797f700, RDX=0x0000000000000000
RSP=0x00007f07f797d800, RBP=0x0000000001e09700, RSI=0x00007f07df72e2e0, RDI=0x0000000001e09700
R8 =0x0000000001e0b5f0, R9 =0x0000000000000020, R10=0x0000000000000000, R11=0x0000000000000000
R12=0x0000000000000000, R13=0x00007f07f797d9f0, R14=0x0000000001e0f0d0, R15=0x0000000001336000
RIP=0x00007f07df72e73f, EFLAGS=0x0000000000010246, CSGSFS=0x0000000000000033, ERR=0x0000000000000006
  TRAPNO=0x000000000000000e

Top of Stack: (sp=0x00007f07f797d800)
0x00007f07f797d800:   0000000000000000 0000000000000000
0x00007f07f797d810:   0000000000000000 00007f07e6edd7d9
0x00007f07f797d820:   00007f07df6e5b60 0000000001be20d0
0x00007f07f797d830:   0000000000000000 00000000ffffffff
0x00007f07f797d840:   0000000001be2df0 0000000000000005
0x00007f07f797d850:   00000000006386f8 0000000000000000
0x00007f07f797d860:   0000000001e0f0d0 0000000001336000
0x00007f07f797d870:   00007f07dfb95000 00007f07f778f9f2
0x00007f07f797d880:   0000000000000005 0000000000000000
0x00007f07f797d890:   0000000001336000 00007f07df6e5b60
0x00007f07f797d8a0:   0000000001be2df0 00000000013361e8
0x00007f07f797d8b0:   0000000000000000 0000000000000000
0x00007f07f797d8c0:   00007f07f797d9f0 0000000000000000
0x00007f07f797d8d0:   0000000000000000 0000000000000000
0x00007f07f797d8e0:   00007f07f797d9f0 0000000001e0f0d0
0x00007f07f797d8f0:   0000000001336000 00007f07df6fd60d
0x00007f07f797d900:   00000000013361e8 0000000000000000
0x00007f07f797d910:   0000000000000000 00007f07dfcd1624
0x00007f07f797d920:   00000000000001ba 00007f07e0225096
0x00007f07f797d930:   00000000d0e9bdc8 00000000d0e9bdc8
0x00007f07f797d940:   00007f07f797d9c8 0000000000000000
0x00007f07f797d950:   00000000d0e9bdc8 00007f07f797d9f0
0x00007f07f797d960:   0000000001336000 00007f07f1c58cd8
0x00007f07f797d970:   00000000f63e5308 0000000000000001
0x00007f07f797d980:   0000000001336000 00007f07f797d988
0x00007f07f797d990:   00000000d0e9bdc8 00007f07f797d9f0
0x00007f07f797d9a0:   00000000d0eed870 0000000000000000
0x00007f07f797d9b0:   00000000d0e9bdc8 0000000000000000
0x00007f07f797d9c0:   00007f07f797d9e8 00007f07f797da38
0x00007f07f797d9d0:   00007f07f1c4c350 00000000f63e3060
0x00007f07f797d9e0:   00007f07f1c54cc0 0000000000000000
0x00007f07f797d9f0:   00000000f664e868 00007f07f797d9f8 

Instructions: (pc=0x00007f07df72e73f)
0x00007f07df72e71f:   06 00 00 e8 c9 fe ff ff 31 f6 48 89 c7 31 c0 e8
0x00007f07df72e72f:   4d d0 fc ff 48 8d 35 a6 fb ff ff 31 d2 48 89 ef
0x00007f07df72e73f:   c7 80 14 01 00 00 01 00 00 00 48 89 a8 d8 00 00
0x00007f07df72e74f:   00 48 89 c3 e8 f8 d4 fc ff 48 8d 35 c1 f4 25 00 

Register to memory mapping:

RAX=0x0000000000000000 is an unknown value
RBX=0x0000000000000000 is an unknown value
RCX=0x00007f07f797f700 is pointing into the stack for thread: 0x0000000001336000
RDX=0x0000000000000000 is an unknown value
RSP=0x00007f07f797d800 is pointing into the stack for thread: 0x0000000001336000
RBP=0x0000000001e09700 is an unknown value
RSI=0x00007f07df72e2e0: <offset 0x512e0> in /usr/lib/x86_64-linux-gnu/libgdk-x11-2.0.so.0 at 0x00007f07df6dd000
RDI=0x0000000001e09700 is an unknown value
R8 =0x0000000001e0b5f0 is an unknown value
R9 =0x0000000000000020 is an unknown value
R10=0x0000000000000000 is an unknown value
R11=0x0000000000000000 is an unknown value
R12=0x0000000000000000 is an unknown value
R13=0x00007f07f797d9f0 is pointing into the stack for thread: 0x0000000001336000
R14=0x0000000001e0f0d0 is an unknown value
R15=0x0000000001336000 is a thread


Stack: [0x00007f07f787f000,0x00007f07f7980000],  sp=0x00007f07f797d800,  free space=1018k
Native frames: (J=compiled Java code, j=interpreted, Vv=VM code, C=native code)
C  [libgdk-x11-2.0.so.0+0x5173f]  gdk_display_open+0x3f

Java frames: (J=compiled Java code, j=interpreted, Vv=VM code)
j  org.eclipse.swt.internal.gtk.OS._gtk_init_check([J[J)Z+0
j  org.eclipse.swt.internal.gtk.OS.gtk_init_check([J[J)Z+9
j  org.eclipse.swt.widgets.Display.createDisplay(Lorg/eclipse/swt/graphics/DeviceData;)V+44
j  org.eclipse.swt.widgets.Display.create(Lorg/eclipse/swt/graphics/DeviceData;)V+18
j  org.eclipse.swt.graphics.Device.<init>(Lorg/eclipse/swt/graphics/DeviceData;)V+163
j  org.eclipse.swt.widgets.Display.<init>(Lorg/eclipse/swt/graphics/DeviceData;)V+2
j  org.eclipse.swt.widgets.Display.<init>()V+2
j  org.eclipse.ui.internal.Workbench.createDisplay()Lorg/eclipse/swt/widgets/Display;+81
j  org.eclipse.ui.PlatformUI.createDisplay()Lorg/eclipse/swt/widgets/Display;+0
j  org.eclipse.ui.internal.ide.application.IDEApplication.createDisplay()Lorg/eclipse/swt/widgets/Display;+0
j  org.eclipse.ui.internal.ide.application.IDEApplication.start(Lorg/eclipse/equinox/app/IApplicationContext;)Ljava/lang/Object;+1
j  org.eclipse.equinox.internal.app.EclipseAppHandle.run(Ljava/lang/Object;)Ljava/lang/Object;+135
j  org.eclipse.core.runtime.internal.adaptor.EclipseAppLauncher.runApplication(Ljava/lang/Object;)Ljava/lang/Object;+88
j  org.eclipse.core.runtime.internal.adaptor.EclipseAppLauncher.start(Ljava/lang/Object;)Ljava/lang/Object;+29
j  org.eclipse.core.runtime.adaptor.EclipseStarter.run(Ljava/lang/Object;)Ljava/lang/Object;+109
j  org.eclipse.core.runtime.adaptor.EclipseStarter.run([Ljava/lang/String;Ljava/lang/Runnable;)Ljava/lang/Object;+132
v  ~StubRoutines::call_stub
j  sun.reflect.NativeMethodAccessorImpl.invoke0(Ljava/lang/reflect/Method;Ljava/lang/Object;[Ljava/lang/Object;)Ljava/lang/Object;+0
j  sun.reflect.NativeMethodAccessorImpl.invoke(Ljava/lang/Object;[Ljava/lang/Object;)Ljava/lang/Object;+87
j  sun.reflect.DelegatingMethodAccessorImpl.invoke(Ljava/lang/Object;[Ljava/lang/Object;)Ljava/lang/Object;+6
j  java.lang.reflect.Method.invoke(Ljava/lang/Object;[Ljava/lang/Object;)Ljava/lang/Object;+57
j  org.eclipse.equinox.launcher.Main.invokeFramework([Ljava/lang/String;[Ljava/net/URL;)V+211
j  org.eclipse.equinox.launcher.Main.basicRun([Ljava/lang/String;)V+126
j  org.eclipse.equinox.launcher.Main.run([Ljava/lang/String;)I+4
j  org.eclipse.equinox.launcher.Main.main([Ljava/lang/String;)V+10
v  ~StubRoutines::call_stub

---------------  P R O C E S S  ---------------

Java Threads: ( => current thread )
  0x0000000001ee8000 JavaThread "EMF Reference Cleaner" daemon [_thread_blocked, id=25090, stack(0x00007f07e06d1000,0x00007f07e07d2000)]
  0x00007f07eccf4000 JavaThread "Worker-JM" [_thread_blocked, id=25088, stack(0x00007f07e0f13000,0x00007f07e1014000)]
  0x00007f07ec72d800 JavaThread "Bundle File Closer" daemon [_thread_blocked, id=25087, stack(0x00007f07e0acb000,0x00007f07e0bcc000)]
  0x00007f07ec7e3800 JavaThread "[Timer] - Main Queue Handler" daemon [_thread_blocked, id=25086, stack(0x00007f07e0db5000,0x00007f07e0eb6000)]
  0x000000000171c800 JavaThread "Start Level: Equinox Container: 801423d4-b669-0013-1408-81965d71336c" daemon [_thread_blocked, id=25084, stack(0x00007f07e1014000,0x00007f07e1115000)]
  0x00000000016eb000 JavaThread "Framework Event Dispatcher: Equinox Container: 801423d4-b669-0013-1408-81965d71336c" daemon [_thread_blocked, id=25083, stack(0x00007f07e1115000,0x00007f07e1216000)]
  0x000000000178f800 JavaThread "Active Thread: Equinox Container: 801423d4-b669-0013-1408-81965d71336c" [_thread_blocked, id=25082, stack(0x00007f07e1216000,0x00007f07e1317000)]
  0x00007f07ec009000 JavaThread "Service Thread" daemon [_thread_blocked, id=25080, stack(0x00007f07ea184000,0x00007f07ea285000)]
  0x00007f07ec006800 JavaThread "C2 CompilerThread1" daemon [_thread_blocked, id=25079, stack(0x00007f07ea285000,0x00007f07ea386000)]
  0x0000000001484800 JavaThread "C2 CompilerThread0" daemon [_thread_blocked, id=25078, stack(0x00007f07ea386000,0x00007f07ea487000)]
  0x000000000147a000 JavaThread "Signal Dispatcher" daemon [_thread_blocked, id=25077, stack(0x00007f07ea487000,0x00007f07ea588000)]
  0x0000000001463000 JavaThread "Finalizer" daemon [_thread_blocked, id=25076, stack(0x00007f07ea6ff000,0x00007f07ea800000)]
  0x000000000145f000 JavaThread "Reference Handler" daemon [_thread_blocked, id=25075, stack(0x00007f07f002d000,0x00007f07f012e000)]
=>0x0000000001336000 JavaThread "main" [_thread_in_native, id=25069, stack(0x00007f07f787f000,0x00007f07f7980000)]

Other Threads:
  0x000000000145c800 VMThread [stack: 0x00007f07f012e000,0x00007f07f022f000] [id=25074]
  0x00007f07ec014000 WatcherThread [stack: 0x00007f07ea083000,0x00007f07ea184000] [id=25081]

VM state:not at safepoint (normal execution)

VM Mutex/Monitor currently owned by a thread: None

Heap
 PSYoungGen      total 44544K, used 19642K [0x00000000f5500000, 0x00000000f8200000, 0x0000000100000000)
  eden space 43008K, 42% used [0x00000000f5500000,0x00000000f66aeab0,0x00000000f7f00000)
  from space 1536K, 100% used [0x00000000f8080000,0x00000000f8200000,0x00000000f8200000)
  to   space 1536K, 0% used [0x00000000f7f00000,0x00000000f7f00000,0x00000000f8080000)
 ParOldGen       total 27648K, used 16191K [0x00000000e0000000, 0x00000000e1b00000, 0x00000000f5500000)
  object space 27648K, 58% used [0x00000000e0000000,0x00000000e0fcffc0,0x00000000e1b00000)
 PSPermGen       total 21504K, used 15366K [0x00000000d0000000, 0x00000000d1500000, 0x00000000e0000000)
  object space 21504K, 71% used [0x00000000d0000000,0x00000000d0f01910,0x00000000d1500000)

Card table byte_map: [0x00007f07f1ac5000,0x00007f07f1c46000] byte_map_base: 0x00007f07f1445000

Polling page: 0x00007f07f799e000

Code Cache  [0x00007f07f1c46000, 0x00007f07f1eb6000, 0x00007f07f4c46000)
 total_blobs=792 nmethods=378 adapters=367 free_code_cache=47566Kb largest_free_block=48692160

Compilation events (10 events):
Event: 3,359 Thread 0x00007f07ec006800 nmethod 374 0x00007f07f1daf510 code [0x00007f07f1daf640, 0x00007f07f1daf698]
Event: 3,359 Thread 0x00007f07ec006800  375             java.util.concurrent.locks.ReentrantReadWriteLock::readLock (5 bytes)
Event: 3,360 Thread 0x00007f07ec006800 nmethod 375 0x00007f07f1daf310 code [0x00007f07f1daf440, 0x00007f07f1daf498]
Event: 3,360 Thread 0x00007f07ec006800  376             java.util.ArrayList::<init> (12 bytes)
Event: 3,360 Thread 0x00007f07ec006800 nmethod 376 0x00007f07f1daf110 code [0x00007f07f1daf240, 0x00007f07f1daf2b8]
Event: 3,360 Thread 0x00007f07ec006800  377             java.util.ArrayList::isEmpty (13 bytes)
Event: 3,360 Thread 0x00007f07ec006800 nmethod 377 0x00007f07f1d8ae90 code [0x00007f07f1d8afc0, 0x00007f07f1d8b018]
Event: 3,360 Thread 0x00007f07ec006800  378             java.util.ArrayList::contains (14 bytes)
Event: 3,362 Thread 0x00007f07ec006800 nmethod 378 0x00007f07f1d8aa90 code [0x00007f07f1d8abe0, 0x00007f07f1d8ad18]
Event: 3,363 Thread 0x0000000001484800 nmethod 373 0x00007f07f1d89e90 code [0x00007f07f1d8a040, 0x00007f07f1d8a678]

GC Heap History (8 events):
Event: 0,553 GC heap before
{Heap before GC invocations=1 (full 0):
 PSYoungGen      total 12288K, used 10752K [0x00000000f5500000, 0x00000000f6280000, 0x0000000100000000)
  eden space 10752K, 100% used [0x00000000f5500000,0x00000000f5f80000,0x00000000f5f80000)
  from space 1536K, 0% used [0x00000000f6100000,0x00000000f6100000,0x00000000f6280000)
  to   space 1536K, 0% used [0x00000000f5f80000,0x00000000f5f80000,0x00000000f6100000)
 ParOldGen       total 27648K, used 0K [0x00000000e0000000, 0x00000000e1b00000, 0x00000000f5500000)
  object space 27648K, 0% used [0x00000000e0000000,0x00000000e0000000,0x00000000e1b00000)
 PSPermGen       total 21504K, used 5478K [0x00000000d0000000, 0x00000000d1500000, 0x00000000e0000000)
  object space 21504K, 25% used [0x00000000d0000000,0x00000000d0559a00,0x00000000d1500000)
Event: 0,559 GC heap after
Heap after GC invocations=1 (full 0):
 PSYoungGen      total 12288K, used 1520K [0x00000000f5500000, 0x00000000f6d00000, 0x0000000100000000)
  eden space 10752K, 0% used [0x00000000f5500000,0x00000000f5500000,0x00000000f5f80000)
  from space 1536K, 98% used [0x00000000f5f80000,0x00000000f60fc010,0x00000000f6100000)
  to   space 1536K, 0% used [0x00000000f6b80000,0x00000000f6b80000,0x00000000f6d00000)
 ParOldGen       total 27648K, used 1191K [0x00000000e0000000, 0x00000000e1b00000, 0x00000000f5500000)
  object space 27648K, 4% used [0x00000000e0000000,0x00000000e0129d90,0x00000000e1b00000)
 PSPermGen       total 21504K, used 5478K [0x00000000d0000000, 0x00000000d1500000, 0x00000000e0000000)
  object space 21504K, 25% used [0x00000000d0000000,0x00000000d0559a00,0x00000000d1500000)
}
Event: 0,841 GC heap before
{Heap before GC invocations=2 (full 0):
 PSYoungGen      total 12288K, used 12272K [0x00000000f5500000, 0x00000000f6d00000, 0x0000000100000000)
  eden space 10752K, 100% used [0x00000000f5500000,0x00000000f5f80000,0x00000000f5f80000)
  from space 1536K, 98% used [0x00000000f5f80000,0x00000000f60fc010,0x00000000f6100000)
  to   space 1536K, 0% used [0x00000000f6b80000,0x00000000f6b80000,0x00000000f6d00000)
 ParOldGen       total 27648K, used 1191K [0x00000000e0000000, 0x00000000e1b00000, 0x00000000f5500000)
  object space 27648K, 4% used [0x00000000e0000000,0x00000000e0129d90,0x00000000e1b00000)
 PSPermGen       total 21504K, used 6125K [0x00000000d0000000, 0x00000000d1500000, 0x00000000e0000000)
  object space 21504K, 28% used [0x00000000d0000000,0x00000000d05fb6c0,0x00000000d1500000)
Event: 0,851 GC heap after
Heap after GC invocations=2 (full 0):
 PSYoungGen      total 23040K, used 1504K [0x00000000f5500000, 0x00000000f6d00000, 0x0000000100000000)
  eden space 21504K, 0% used [0x00000000f5500000,0x00000000f5500000,0x00000000f6a00000)
  from space 1536K, 97% used [0x00000000f6b80000,0x00000000f6cf8010,0x00000000f6d00000)
  to   space 1536K, 0% used [0x00000000f6a00000,0x00000000f6a00000,0x00000000f6b80000)
 ParOldGen       total 27648K, used 5618K [0x00000000e0000000, 0x00000000e1b00000, 0x00000000f5500000)
  object space 27648K, 20% used [0x00000000e0000000,0x00000000e057c880,0x00000000e1b00000)
 PSPermGen       total 21504K, used 6125K [0x00000000d0000000, 0x00000000d1500000, 0x00000000e0000000)
  object space 21504K, 28% used [0x00000000d0000000,0x00000000d05fb6c0,0x00000000d1500000)
}
Event: 1,803 GC heap before
{Heap before GC invocations=3 (full 0):
 PSYoungGen      total 23040K, used 23008K [0x00000000f5500000, 0x00000000f6d00000, 0x0000000100000000)
  eden space 21504K, 100% used [0x00000000f5500000,0x00000000f6a00000,0x00000000f6a00000)
  from space 1536K, 97% used [0x00000000f6b80000,0x00000000f6cf8010,0x00000000f6d00000)
  to   space 1536K, 0% used [0x00000000f6a00000,0x00000000f6a00000,0x00000000f6b80000)
 ParOldGen       total 27648K, used 5618K [0x00000000e0000000, 0x00000000e1b00000, 0x00000000f5500000)
  object space 27648K, 20% used [0x00000000e0000000,0x00000000e057c880,0x00000000e1b00000)
 PSPermGen       total 21504K, used 10516K [0x00000000d0000000, 0x00000000d1500000, 0x00000000e0000000)
  object space 21504K, 48% used [0x00000000d0000000,0x00000000d0a45320,0x00000000d1500000)
Event: 1,814 GC heap after
Heap after GC invocations=3 (full 0):
 PSYoungGen      total 23040K, used 1536K [0x00000000f5500000, 0x00000000f8200000, 0x0000000100000000)
  eden space 21504K, 0% used [0x00000000f5500000,0x00000000f5500000,0x00000000f6a00000)
  from space 1536K, 100% used [0x00000000f6a00000,0x00000000f6b80000,0x00000000f6b80000)
  to   space 1536K, 0% used [0x00000000f8080000,0x00000000f8080000,0x00000000f8200000)
 ParOldGen       total 27648K, used 10484K [0x00000000e0000000, 0x00000000e1b00000, 0x00000000f5500000)
  object space 27648K, 37% used [0x00000000e0000000,0x00000000e0a3d020,0x00000000e1b00000)
 PSPermGen       total 21504K, used 10516K [0x00000000d0000000, 0x00000000d1500000, 0x00000000e0000000)
  object space 21504K, 48% used [0x00000000d0000000,0x00000000d0a45320,0x00000000d1500000)
}
Event: 2,439 GC heap before
{Heap before GC invocations=4 (full 0):
 PSYoungGen      total 23040K, used 23040K [0x00000000f5500000, 0x00000000f8200000, 0x0000000100000000)
  eden space 21504K, 100% used [0x00000000f5500000,0x00000000f6a00000,0x00000000f6a00000)
  from space 1536K, 100% used [0x00000000f6a00000,0x00000000f6b80000,0x00000000f6b80000)
  to   space 1536K, 0% used [0x00000000f8080000,0x00000000f8080000,0x00000000f8200000)
 ParOldGen       total 27648K, used 10484K [0x00000000e0000000, 0x00000000e1b00000, 0x00000000f5500000)
  object space 27648K, 37% used [0x00000000e0000000,0x00000000e0a3d020,0x00000000e1b00000)
 PSPermGen       total 21504K, used 10589K [0x00000000d0000000, 0x00000000d1500000, 0x00000000e0000000)
  object space 21504K, 49% used [0x00000000d0000000,0x00000000d0a57690,0x00000000d1500000)
Event: 2,450 GC heap after
Heap after GC invocations=4 (full 0):
 PSYoungGen      total 44544K, used 1536K [0x00000000f5500000, 0x00000000f8200000, 0x0000000100000000)
  eden space 43008K, 0% used [0x00000000f5500000,0x00000000f5500000,0x00000000f7f00000)
  from space 1536K, 100% used [0x00000000f8080000,0x00000000f8200000,0x00000000f8200000)
  to   space 1536K, 0% used [0x00000000f7f00000,0x00000000f7f00000,0x00000000f8080000)
 ParOldGen       total 27648K, used 16191K [0x00000000e0000000, 0x00000000e1b00000, 0x00000000f5500000)
  object space 27648K, 58% used [0x00000000e0000000,0x00000000e0fcffc0,0x00000000e1b00000)
 PSPermGen       total 21504K, used 10589K [0x00000000d0000000, 0x00000000d1500000, 0x00000000e0000000)
  object space 21504K, 49% used [0x00000000d0000000,0x00000000d0a57690,0x00000000d1500000)
}

Deoptimization events (10 events):
Event: 3,038 Thread 0x0000000001336000 Uncommon trap: reason=unreached action=reinterpret pc=0x00007f07f1d4ac88 method=org.eclipse.core.internal.registry.ReferenceMap.get(I)Ljava/lang/Object; @ 43
Event: 3,145 Thread 0x0000000001336000 Uncommon trap: reason=class_check action=maybe_recompile pc=0x00007f07f1cea284 method=java.io.FilterInputStream.read()I @ 4
Event: 3,145 Thread 0x0000000001336000 Uncommon trap: reason=class_check action=maybe_recompile pc=0x00007f07f1cea284 method=java.io.FilterInputStream.read()I @ 4
Event: 3,145 Thread 0x0000000001336000 Uncommon trap: reason=class_check action=maybe_recompile pc=0x00007f07f1cca138 method=java.io.DataInputStream.readByte()B @ 4
Event: 3,145 Thread 0x0000000001336000 Uncommon trap: reason=class_check action=maybe_recompile pc=0x00007f07f1cea284 method=java.io.FilterInputStream.read()I @ 4
Event: 3,145 Thread 0x0000000001336000 Uncommon trap: reason=class_check action=maybe_recompile pc=0x00007f07f1cca138 method=java.io.DataInputStream.readByte()B @ 4
Event: 3,145 Thread 0x0000000001336000 Uncommon trap: reason=class_check action=maybe_recompile pc=0x00007f07f1cea284 method=java.io.FilterInputStream.read()I @ 4
Event: 3,145 Thread 0x0000000001336000 Uncommon trap: reason=class_check action=maybe_recompile pc=0x00007f07f1cca138 method=java.io.DataInputStream.readByte()B @ 4
Event: 3,145 Thread 0x0000000001336000 Uncommon trap: reason=class_check action=maybe_recompile pc=0x00007f07f1cca138 method=java.io.DataInputStream.readByte()B @ 4
Event: 3,150 Thread 0x0000000001336000 Uncommon trap: reason=class_check action=maybe_recompile pc=0x00007f07f1cd1a34 method=java.io.DataInputStream.readInt()I @ 4

Internal exceptions (10 events):
Event: 0,905 Thread 0x0000000001336000 Threw 0x00000000f5799c50 at /HUDSON/workspace/7u-2-build-linux-amd64/jdk7u45/229/hotspot/src/share/vm/prims/jvm.cpp:1244
Event: 1,213 Thread 0x00000000016eb000 Implicit null exception at 0x00007f07f1ce9abb to 0x00007f07f1ce9b89
Event: 1,217 Thread 0x000000000171c800 Implicit null exception at 0x00007f07f1cfb492 to 0x00007f07f1cfb5fd
Event: 2,357 Thread 0x000000000171c800 Implicit null exception at 0x00007f07f1d4e5fd to 0x00007f07f1d51731
Event: 2,724 Thread 0x000000000171c800 Threw 0x00000000f5c40650 at /HUDSON/workspace/7u-2-build-linux-amd64/jdk7u45/229/hotspot/src/share/vm/prims/jni.cpp:717
Event: 2,772 Thread 0x000000000171c800 Threw 0x00000000f5d69340 at /HUDSON/workspace/7u-2-build-linux-amd64/jdk7u45/229/hotspot/src/share/vm/prims/jni.cpp:717
Event: 3,392 Thread 0x0000000001336000 Threw 0x00000000f63fb7b0 at /HUDSON/workspace/7u-2-build-linux-amd64/jdk7u45/229/hotspot/src/share/vm/prims/jvm.cpp:3730
Event: 3,392 Thread 0x0000000001336000 Threw 0x00000000f63fb7b0 at /HUDSON/workspace/7u-2-build-linux-amd64/jdk7u45/229/hotspot/src/share/vm/prims/jni.cpp:717
Event: 3,393 Thread 0x0000000001336000 Threw 0x00000000f63ffc40 at /HUDSON/workspace/7u-2-build-linux-amd64/jdk7u45/229/hotspot/src/share/vm/prims/jvm.cpp:3730
Event: 3,393 Thread 0x0000000001336000 Threw 0x00000000f63ffc40 at /HUDSON/workspace/7u-2-build-linux-amd64/jdk7u45/229/hotspot/src/share/vm/prims/jni.cpp:717

Events (10 events):
Event: 3,259 loading class 0x0000000001526920
Event: 3,259 loading class 0x0000000001526920 done
Event: 3,296 loading class 0x00000000019f8e10
Event: 3,296 loading class 0x00000000019f8e10 done
Event: 3,309 loading class 0x0000000001515b80
Event: 3,309 loading class 0x0000000001515b80 done
Event: 3,388 loading class 0x00007f07ec342040
Event: 3,388 loading class 0x00007f07ec342040 done
Event: 3,392 loading class 0x00007f07f13c7c90
Event: 3,392 loading class 0x00007f07f13c7c90 done


Dynamic libraries:
00400000-00401000 r-xp 00000000 08:05 1583859                            /usr/lib/jvm/java-7-oracle/jre/bin/java
00600000-00601000 rw-p 00000000 08:05 1583859                            /usr/lib/jvm/java-7-oracle/jre/bin/java
0132a000-02366000 rw-p 00000000 00:00 0                                  [heap]
d0000000-d1500000 rw-p 00000000 00:00 0 
d1500000-e0000000 rw-p 00000000 00:00 0 
e0000000-e1b00000 rw-p 00000000 00:00 0 
e1b00000-f5500000 rw-p 00000000 00:00 0 
f5500000-f8200000 rw-p 00000000 00:00 0 
f8200000-100000000 rw-p 00000000 00:00 0 
7f07df6dd000-7f07df78c000 r-xp 00000000 08:05 1582462                    /usr/lib/x86_64-linux-gnu/libgdk-x11-2.0.so.0.2400.10
7f07df78c000-7f07df98b000 ---p 000af000 08:05 1582462                    /usr/lib/x86_64-linux-gnu/libgdk-x11-2.0.so.0.2400.10
7f07df98b000-7f07df990000 rw-p 000ae000 08:05 1582462                    /usr/lib/x86_64-linux-gnu/libgdk-x11-2.0.so.0.2400.10
7f07df990000-7f07df995000 r-xp 00000000 08:05 1583631                    /usr/lib/x86_64-linux-gnu/libXtst.so.6.1.0
7f07df995000-7f07dfb94000 ---p 00005000 08:05 1583631                    /usr/lib/x86_64-linux-gnu/libXtst.so.6.1.0
7f07dfb94000-7f07dfb95000 rw-p 00004000 08:05 1583631                    /usr/lib/x86_64-linux-gnu/libXtst.so.6.1.0
7f07dfb95000-7f07dffc7000 r-xp 00000000 08:05 1582442                    /usr/lib/x86_64-linux-gnu/libgtk-x11-2.0.so.0.2400.10
7f07dffc7000-7f07e01c7000 ---p 00432000 08:05 1582442                    /usr/lib/x86_64-linux-gnu/libgtk-x11-2.0.so.0.2400.10
7f07e01c7000-7f07e01d2000 rw-p 00432000 08:05 1582442                    /usr/lib/x86_64-linux-gnu/libgtk-x11-2.0.so.0.2400.10
7f07e01d2000-7f07e01d4000 rw-p 00000000 00:00 0 
7f07e01d4000-7f07e0246000 r-xp 00000000 08:05 4984654                    /home/emmanuel/programmes/eclipse_lambda/configuration/org.eclipse.osgi/195/0/.cp/libswt-pi-gtk-4413.so
7f07e0246000-7f07e0445000 ---p 00072000 08:05 4984654                    /home/emmanuel/programmes/eclipse_lambda/configuration/org.eclipse.osgi/195/0/.cp/libswt-pi-gtk-4413.so
7f07e0445000-7f07e0448000 rw-p 00071000 08:05 4984654                    /home/emmanuel/programmes/eclipse_lambda/configuration/org.eclipse.osgi/195/0/.cp/libswt-pi-gtk-4413.so
7f07e0448000-7f07e044a000 rw-p 00000000 00:00 0 
7f07e044a000-7f07e04c8000 r-xp 00000000 08:05 4984647                    /home/emmanuel/programmes/eclipse_lambda/configuration/org.eclipse.osgi/195/0/.cp/libswt-gtk-4413.so
7f07e04c8000-7f07e06c7000 ---p 0007e000 08:05 4984647                    /home/emmanuel/programmes/eclipse_lambda/configuration/org.eclipse.osgi/195/0/.cp/libswt-gtk-4413.so
7f07e06c7000-7f07e06cf000 rw-p 0007d000 08:05 4984647                    /home/emmanuel/programmes/eclipse_lambda/configuration/org.eclipse.osgi/195/0/.cp/libswt-gtk-4413.so
7f07e06cf000-7f07e06d1000 rw-p 00000000 00:00 0 
7f07e06d1000-7f07e06d4000 ---p 00000000 00:00 0 
7f07e06d4000-7f07e07d2000 rw-p 00000000 00:00 0 
7f07e07d2000-7f07e07d8000 r--s 00053000 08:05 5379874                    /home/emmanuel/programmes/eclipse_lambda/plugins/org.sat4j.core_2.3.5.v201308161310.jar
7f07e07d8000-7f07e081b000 r--s 0036b000 08:05 5381709                    /home/emmanuel/programmes/eclipse_lambda/plugins/org.eclipse.ui.workbench_3.105.100.v20131211-1321.jar
7f07e081b000-7f07e0825000 r--s 0005a000 08:05 5379850                    /home/emmanuel/programmes/eclipse_lambda/plugins/org.eclipse.ui.navigator_3.5.300.v20130517-0139.jar
7f07e0825000-7f07e084d000 r--s 0021d000 08:05 5381702                    /home/emmanuel/programmes/eclipse_lambda/plugins/org.eclipse.ui.ide_3.10.0.v20131209-2059.jar
7f07e084d000-7f07e0858000 r--s 00082000 08:05 5379835                    /home/emmanuel/programmes/eclipse_lambda/plugins/org.eclipse.ui.editors_3.8.100.v20130513-1637.jar
7f07e0858000-7f07e0874000 r--s 00144000 08:05 5379825                    /home/emmanuel/programmes/eclipse_lambda/plugins/org.eclipse.team.ui_3.7.100.v20130710-1213.jar
7f07e0874000-7f07e0892000 r--s 00180000 08:05 5379823                    /home/emmanuel/programmes/eclipse_lambda/plugins/org.eclipse.team.cvs.ui_3.3.600.v20130514-1224.jar
7f07e0892000-7f07e089b000 r--s 0005a000 08:05 5379817                    /home/emmanuel/programmes/eclipse_lambda/plugins/org.eclipse.team.core_3.7.0.v20130514-1224.jar
7f07e089b000-7f07e08b0000 r--s 00259000 08:05 5381691                    /home/emmanuel/programmes/eclipse_lambda/plugins/org.eclipse.swt.gtk.linux.x86_64_3.103.0.v20131212-1946.jar
7f07e08b0000-7f07e09c7000 r--s 020ac000 08:05 5381684                    /home/emmanuel/programmes/eclipse_lambda/plugins/org.eclipse.platform.doc.isv_4.4.0.v20131029-1424.jar
7f07e09c7000-7f07e0a13000 r--s 003e2000 08:05 5381682                    /home/emmanuel/programmes/eclipse_lambda/plugins/org.eclipse.pde.ui_3.8.100.v20131107-1819.jar
7f07e0a13000-7f07e0aaa000 r--s 00955000 08:05 5381637                    /home/emmanuel/programmes/eclipse_lambda/plugins/org.eclipse.jdt.ui_3.9.100.v20131211-1758.jar
7f07e0aaf000-7f07e0ab8000 r--s 00086000 08:05 5381693                    /home/emmanuel/programmes/eclipse_lambda/plugins/org.eclipse.team.cvs.core_3.3.600.v20131112-1442.jar
7f07e0ab8000-7f07e0acb000 r--s 007c7000 08:05 5381685                    /home/emmanuel/programmes/eclipse_lambda/plugins/org.eclipse.platform.doc.user_4.4.0.v20131128-1053.jar
7f07e0acb000-7f07e0ace000 ---p 00000000 00:00 0 
7f07e0ace000-7f07e0bcc000 rw-p 00000000 00:00 0 
7f07e0bcf000-7f07e0bda000 r--s 0007c000 08:05 5379804                    /home/emmanuel/programmes/eclipse_lambda/plugins/org.eclipse.pde.ui.templates_3.4.700.v20130711-1655.jar
7f07e0bda000-7f07e0be3000 r--s 0005e000 08:05 5379801                    /home/emmanuel/programmes/eclipse_lambda/plugins/org.eclipse.pde.ua.ui_1.0.300.v20130830-1837.jar
7f07e0be3000-7f07e0be7000 r--s 00017000 08:05 5379799                    /home/emmanuel/programmes/eclipse_lambda/plugins/org.eclipse.pde.ua.core_1.0.300.v20130402-1757.jar
7f07e0be7000-7f07e0bec000 r--s 0002a000 08:05 5379791                    /home/emmanuel/programmes/eclipse_lambda/plugins/org.eclipse.pde.ds.ui_1.0.300.v20130507-2057.jar
7f07e0bec000-7f07e0c06000 r--s 00599000 08:05 5381679                    /home/emmanuel/programmes/eclipse_lambda/plugins/org.eclipse.pde.doc.user_3.10.0.v20131002-1917.jar
7f07e0c06000-7f07e0c17000 r--s 00118000 08:05 5381677                    /home/emmanuel/programmes/eclipse_lambda/plugins/org.eclipse.pde.core_3.10.0.v20131015-1544.jar
7f07e0c17000-7f07e0c1b000 r--s 0005b000 08:05 5644476                    /home/emmanuel/programmes/eclipse_lambda/plugins/org.eclipse.pde.build_3.9.0.v20131003-1506/pdebuild.jar
7f07e0c1b000-7f07e0c25000 r--s 0006e000 08:05 5381674                    /home/emmanuel/programmes/eclipse_lambda/plugins/org.eclipse.pde.api.tools.ui_1.0.500.v20131106-1704.jar
7f07e0c25000-7f07e0c2f000 r--s 000d1000 08:05 5381672                    /home/emmanuel/programmes/eclipse_lambda/plugins/org.eclipse.pde.api.tools_1.0.600.v20131210-0248.jar
7f07e0c2f000-7f07e0c33000 r--s 00013000 08:05 5381666                    /home/emmanuel/programmes/eclipse_lambda/plugins/org.eclipse.osgi.services_3.4.0.v20131120-1328.jar
7f07e0c33000-7f07e0c3d000 r--s 00066000 08:05 5379771                    /home/emmanuel/programmes/eclipse_lambda/plugins/org.eclipse.ltk.ui.refactoring_3.7.100.v20130605-1748.jar
7f07e0c3d000-7f07e0c44000 r--s 00049000 08:05 5381661                    /home/emmanuel/programmes/eclipse_lambda/plugins/org.eclipse.ltk.core.refactoring_3.6.100.v20130812-0601.jar
7f07e0c44000-7f07e0c57000 r--s 000e0000 08:05 5381655                    /home/emmanuel/programmes/eclipse_lambda/plugins/org.eclipse.jface.text_3.9.0.v20131210-1348.jar
7f07e0c57000-7f07e0c6c000 r--s 000fb000 08:05 5381653                    /home/emmanuel/programmes/eclipse_lambda/plugins/org.eclipse.jface_3.10.0.v20131209-1448.jar
7f07e0c6c000-7f07e0c71000 r--s 00045000 08:05 5381651                    /home/emmanuel/programmes/eclipse_lambda/plugins/org.eclipse.jetty.util_8.1.12.v20130726.jar
7f07e0c71000-7f07e0c73000 r--s 00019000 08:05 5381649                    /home/emmanuel/programmes/eclipse_lambda/plugins/org.eclipse.jetty.servlet_8.1.12.v20130726.jar
7f07e0c73000-7f07e0c79000 r--s 00054000 08:05 5381647                    /home/emmanuel/programmes/eclipse_lambda/plugins/org.eclipse.jetty.server_8.1.12.v20130726.jar
7f07e0c89000-7f07e0c93000 r--s 00250000 08:05 1589403                    /usr/lib/jvm/java-7-oracle/jre/lib/resources.jar
7f07e0cf2000-7f07e0d01000 r--p 00000000 08:05 1582310                    /usr/share/locale/fr/LC_MESSAGES/gtk20.mo
7f07e0d01000-7f07e0d08000 r--s 0004f000 08:05 5381531                    /home/emmanuel/programmes/eclipse_lambda/plugins/org.eclipse.emf.common_2.10.0.v20131209-0519.jar
7f07e0d08000-7f07e0d10000 r--s 00057000 08:05 5381505                    /home/emmanuel/programmes/eclipse_lambda/plugins/org.eclipse.e4.ui.model.workbench_1.1.0.v20131211-1414.jar
7f07e0d10000-7f07e0d13000 r--s 00018000 08:05 5379509                    /home/emmanuel/programmes/eclipse_lambda/plugins/org.eclipse.core.commands_3.6.100.v20130515-1857.jar
7f07e0d13000-7f07e0d61000 r--s 008b6000 08:05 5379391                    /home/emmanuel/programmes/eclipse_lambda/plugins/com.ibm.icu_50.1.1.v201304230130.jar
7f07e0d61000-7f07e0d63000 r--s 0000d000 08:05 5379483                    /home/emmanuel/programmes/eclipse_lambda/plugins/org.apache.felix.gogo.command_0.10.0.v201209301215.jar
7f07e0d63000-7f07e0d65000 r--s 0000e000 08:05 5379487                    /home/emmanuel/programmes/eclipse_lambda/plugins/org.apache.felix.gogo.shell_0.10.0.v201212101605.jar
7f07e0d65000-7f07e0d67000 r--s 00012000 08:05 5379485                    /home/emmanuel/programmes/eclipse_lambda/plugins/org.apache.felix.gogo.runtime_0.10.0.v201209301036.jar
7f07e0d67000-7f07e0d6a000 r--s 0002a000 08:05 5379691                    /home/emmanuel/programmes/eclipse_lambda/plugins/org.eclipse.equinox.registry_3.5.400.v20130717-1325.jar
7f07e0d6a000-7f07e0d6c000 r--s 00002000 08:05 5381484                    /home/emmanuel/programmes/eclipse_lambda/plugins/org.eclipse.core.runtime.compatibility.registry_3.5.300.v20130916-1243/runtime_registry_compatibility.jar
7f07e0d6d000-7f07e0d6f000 r--s 0000b000 08:05 5379555                    /home/emmanuel/programmes/eclipse_lambda/plugins/org.eclipse.e4.core.di_1.3.0.v20130514-1256.jar
7f07e0d6f000-7f07e0d70000 r--s 00002000 08:05 5379582                    /home/emmanuel/programmes/eclipse_lambda/plugins/org.eclipse.e4.ui.workbench3_0.12.0.v20130515-1857.jar
7f07e0d70000-7f07e0d73000 r--s 0002d000 08:05 5381537                    /home/emmanuel/programmes/eclipse_lambda/plugins/org.eclipse.equinox.ds_1.4.200.v20131126-2331.jar
7f07e0d73000-7f07e0d75000 r--s 0001b000 08:05 5381535                    /home/emmanuel/programmes/eclipse_lambda/plugins/org.eclipse.equinox.console_1.1.0.v20131021-1843.jar
7f07e0d75000-7f07e0d78000 r--s 0000f000 08:05 5381552                    /home/emmanuel/programmes/eclipse_lambda/plugins/org.eclipse.equinox.p2.core_2.3.0.v20131211-1531.jar
7f07e0d78000-7f07e0d7a000 r--s 00007000 08:05 5381558                    /home/emmanuel/programmes/eclipse_lambda/plugins/org.eclipse.equinox.p2.directorywatcher_1.1.0.v20131211-1531.jar
7f07e0d7a000-7f07e0d7c000 r--s 00015000 08:05 5379538                    /home/emmanuel/programmes/eclipse_lambda/plugins/org.eclipse.core.runtime.compatibility_3.2.200.v20130326-1255.jar
7f07e0d7c000-7f07e0d7f000 r--s 00013000 08:05 5379605                    /home/emmanuel/programmes/eclipse_lambda/plugins/org.eclipse.equinox.app_1.3.200.v20130910-1609.jar
7f07e0d7f000-7f07e0d81000 r--s 00011000 08:05 5381476                    /home/emmanuel/programmes/eclipse_lambda/plugins/org.eclipse.core.runtime_3.10.0.v20131008-1415.jar
7f07e0d81000-7f07e0d84000 r--s 0001c000 08:05 5379689                    /home/emmanuel/programmes/eclipse_lambda/plugins/org.eclipse.equinox.preferences_3.5.100.v20130422-1538.jar
7f07e0d84000-7f07e0d86000 r--s 00015000 08:05 5379511                    /home/emmanuel/programmes/eclipse_lambda/plugins/org.eclipse.core.contenttype_3.4.200.v20130326-1255.jar
7f07e0d86000-7f07e0d89000 r--s 00018000 08:05 5379609                    /home/emmanuel/programmes/eclipse_lambda/plugins/org.eclipse.equinox.common_3.6.200.v20130402-1505.jar
7f07e0d89000-7f07e0d8e000 r--s 00011000 08:05 5379878                    /home/emmanuel/programmes/eclipse_lambda/plugins/org.w3c.dom.svg_1.1.0.v201011041433.jar
7f07e0d8e000-7f07e0d90000 r--s 00002000 08:05 5381722                    /home/emmanuel/programmes/eclipse_lambda/plugins/org.w3c.dom.events_3.0.0.draft20060413_v201105210656.jar
7f07e0d90000-7f07e0d92000 r--s 00007000 08:05 5379876                    /home/emmanuel/programmes/eclipse_lambda/plugins/org.w3c.css.sac_1.3.1.v200903091627.jar
7f07e0d92000-7f07e0d97000 r--s 00037000 08:05 5379875                    /home/emmanuel/programmes/eclipse_lambda/plugins/org.sat4j.pb_2.3.5.v201308161310.jar
7f07e0d97000-7f07e0d9c000 r--s 00033000 08:05 5379873                    /home/emmanuel/programmes/eclipse_lambda/plugins/org.objectweb.asm_3.3.1.v201105211655.jar
7f07e0d9c000-7f07e0d9e000 r--s 0000c000 08:05 5379870                    /home/emmanuel/programmes/eclipse_lambda/plugins/org.hamcrest.core_1.3.0.v201303031735.jar
7f07e0d9e000-7f07e0da0000 r--s 00017000 08:05 5379868                    /home/emmanuel/programmes/eclipse_lambda/plugins/org.eclipse.update.configurator_3.3.200.v20130326-1319.jar
7f07e0da0000-7f07e0dab000 r--s 00084000 08:05 5379864                    /home/emmanuel/programmes/eclipse_lambda/plugins/org.eclipse.ui.workbench.texteditor_3.9.0.v20130802-0858.jar
7f07e0dab000-7f07e0dae000 r--s 00017000 08:05 5379859                    /home/emmanuel/programmes/eclipse_lambda/plugins/org.eclipse.ui.views.properties.tabbed_3.6.0.v20130515-1857.jar
7f07e0dae000-7f07e0db2000 r--s 0001f000 08:05 5381707                    /home/emmanuel/programmes/eclipse_lambda/plugins/org.eclipse.ui.views.log_1.0.500.v20131119-1419.jar
7f07e0db2000-7f07e0db5000 r--s 00014000 08:05 5379861                    /home/emmanuel/programmes/eclipse_lambda/plugins/org.eclipse.ui.views_3.6.100.v20130326-1250.jar
7f07e0db5000-7f07e0db8000 ---p 00000000 00:00 0 
7f07e0db8000-7f07e0eb6000 rw-p 00000000 00:00 0 
7f07e0eb6000-7f07e0eb8000 r--s 00015000 08:05 5379530                    /home/emmanuel/programmes/eclipse_lambda/plugins/org.eclipse.core.jobs_3.5.400.v20130717-1327.jar
7f07e0eb8000-7f07e0eba000 r--s 0000f000 08:05 5379855                    /home/emmanuel/programmes/eclipse_lambda/plugins/org.eclipse.ui.trace_1.0.200.v20130729-2117.jar
7f07e0eba000-7f07e0ebc000 r--s 0000a000 08:05 5379852                    /home/emmanuel/programmes/eclipse_lambda/plugins/org.eclipse.ui.net_1.2.200.v20120807-0927.jar
7f07e0ebc000-7f07e0ec0000 r--s 0001a000 08:05 5379848                    /home/emmanuel/programmes/eclipse_lambda/plugins/org.eclipse.ui.navigator.resources_3.4.600.v20130910-0816.jar
7f07e0ec0000-7f07e0ec6000 r--s 00046000 08:05 5379846                    /home/emmanuel/programmes/eclipse_lambda/plugins/org.eclipse.ui.intro_3.4.200.v20130326-1254.jar
7f07e0ec6000-7f07e0ec9000 r--s 0000e000 08:05 5381703                    /home/emmanuel/programmes/eclipse_lambda/plugins/org.eclipse.ui.ide.application_1.0.500.v20131212-1138.jar
7f07e0ec9000-7f07e0ece000 r--s 00045000 08:05 5379839                    /home/emmanuel/programmes/eclipse_lambda/plugins/org.eclipse.ui.forms_3.6.100.v20130910-1539.jar
7f07e0ece000-7f07e0ed2000 r--s 0001f000 08:05 5381700                    /home/emmanuel/programmes/eclipse_lambda/plugins/org.eclipse.ui.externaltools_3.2.300.v20131205-1340.jar
7f07e0ed2000-7f07e0ed6000 r--s 00025000 08:05 5379833                    /home/emmanuel/programmes/eclipse_lambda/plugins/org.eclipse.ui.console_3.5.300.v20130819-1716.jar
7f07e0ed6000-7f07e0ede000 r--s 00049000 08:05 5379831                    /home/emmanuel/programmes/eclipse_lambda/plugins/org.eclipse.ui.cheatsheets_3.4.200.v20130326-1254.jar
7f07e0ede000-7f07e0ee3000 r--s 0002b000 08:05 5381698                    /home/emmanuel/programmes/eclipse_lambda/plugins/org.eclipse.ui.browser_3.4.200.v20131003-1453.jar
7f07e0ee3000-7f07e0ee7000 r--s 00022000 08:05 5381697                    /home/emmanuel/programmes/eclipse_lambda/plugins/org.eclipse.ui_3.106.0.v20131211-1321.jar
7f07e0ee7000-7f07e0eea000 r--s 00016000 08:05 5381659                    /home/emmanuel/programmes/eclipse_lambda/plugins/org.eclipse.jsch.ui_1.1.500.v20131112-1442.jar
7f07e0eea000-7f07e0ef2000 r--s 0003c000 08:05 5379759                    /home/emmanuel/programmes/eclipse_lambda/plugins/org.eclipse.jface.databinding_1.6.200.v20130515-1857.jar
7f07e0ef2000-7f07e0ef4000 r--s 00015000 08:05 5768078                    /home/emmanuel/programmes/eclipse_lambda/plugins/org.eclipse.ui.intro.universal_3.2.700.v20130904-1701/universal.jar
7f07e0ef4000-7f07e0ef9000 r--s 00038000 08:05 5379827                    /home/emmanuel/programmes/eclipse_lambda/plugins/org.eclipse.text_3.5.300.v20130515-1451.jar
7f07e0ef9000-7f07e0f03000 r--s 0006a000 08:05 5381688                    /home/emmanuel/programmes/eclipse_lambda/plugins/org.eclipse.search_3.9.100.v20131121-1332.jar
7f07e0f03000-7f07e0f08000 r--s 00023000 08:05 5379797                    /home/emmanuel/programmes/eclipse_lambda/plugins/org.eclipse.pde.runtime_3.4.400.v20130830-1837.jar
7f07e0f08000-7f07e0f0a000 r--s 00010000 08:05 5381671                    /home/emmanuel/programmes/eclipse_lambda/plugins/org.eclipse.pde_3.8.200.v20131212-1600.jar
7f07e0f0a000-7f07e0f0d000 r--s 00016000 08:05 5381645                    /home/emmanuel/programmes/eclipse_lambda/plugins/org.eclipse.jetty.security_8.1.12.v20130726.jar
7f07e0f0d000-7f07e0f0f000 r--s 0001a000 08:05 5381643                    /home/emmanuel/programmes/eclipse_lambda/plugins/org.eclipse.jetty.io_8.1.12.v20130726.jar
7f07e0f0f000-7f07e0f11000 r--s 00008000 08:05 5381657                    /home/emmanuel/programmes/eclipse_lambda/plugins/org.eclipse.jsch.core_1.1.500.v20131112-1442.jar
7f07e0f11000-7f07e0f13000 r--s 00018000 08:05 5381641                    /home/emmanuel/programmes/eclipse_lambda/plugins/org.eclipse.jetty.http_8.1.12.v20130726.jar
7f07e0f13000-7f07e0f16000 ---p 00000000 00:00 0 
7f07e0f16000-7f07e1014000 rw-p 00000000 00:00 0 
7f07e1014000-7f07e1017000 ---p 00000000 00:00 0 
7f07e1017000-7f07e1115000 rw-p 00000000 00:00 0 
7f07e1115000-7f07e1118000 ---p 00000000 00:00 0 
7f07e1118000-7f07e1216000 rw-p 00000000 00:00 0 
7f07e1216000-7f07e1219000 ---p 00000000 00:00 0 
7f07e1219000-7f07e1317000 rw-p 00000000 00:00 0 
7f07e1317000-7f07e1327000 r-xp 00000000 08:05 1589378                    /usr/lib/jvm/java-7-oracle/jre/lib/amd64/libnio.so
7f07e1327000-7f07e1527000 ---p 00010000 08:05 1589378                    /usr/lib/jvm/java-7-oracle/jre/lib/amd64/libnio.so
7f07e1527000-7f07e1528000 rw-p 00010000 08:05 1589378                    /usr/lib/jvm/java-7-oracle/jre/lib/amd64/libnio.so
7f07e1528000-7f07e153e000 r-xp 00000000 08:05 1589335                    /usr/lib/jvm/java-7-oracle/jre/lib/amd64/libnet.so
7f07e153e000-7f07e173e000 ---p 00016000 08:05 1589335                    /usr/lib/jvm/java-7-oracle/jre/lib/amd64/libnet.so
7f07e173e000-7f07e173f000 rw-p 00016000 08:05 1589335                    /usr/lib/jvm/java-7-oracle/jre/lib/amd64/libnet.so
7f07e173f000-7f07e17a3000 rw-p 00000000 00:00 0 
7f07e17a3000-7f07e17a6000 r-xp 00000000 08:05 1709045                    /usr/lib/x86_64-linux-gnu/gdk-pixbuf-2.0/2.10.0/loaders/libpixbufloader-bmp.so
7f07e17a6000-7f07e19a6000 ---p 00003000 08:05 1709045                    /usr/lib/x86_64-linux-gnu/gdk-pixbuf-2.0/2.10.0/loaders/libpixbufloader-bmp.so
7f07e19a6000-7f07e19a7000 r--p 00003000 08:05 1709045                    /usr/lib/x86_64-linux-gnu/gdk-pixbuf-2.0/2.10.0/loaders/libpixbufloader-bmp.so
7f07e19a7000-7f07e19a8000 rw-p 00004000 08:05 1709045                    /usr/lib/x86_64-linux-gnu/gdk-pixbuf-2.0/2.10.0/loaders/libpixbufloader-bmp.so
7f07e19a8000-7f07e19c7000 r--s 00000000 08:05 1840787                    /usr/share/mime/mime.cache
7f07e19c7000-7f07e19cf000 r-xp 00000000 08:05 3014676                    /lib/x86_64-linux-gnu/libcrypt-2.13.so
7f07e19cf000-7f07e1bce000 ---p 00008000 08:05 3014676                    /lib/x86_64-linux-gnu/libcrypt-2.13.so
7f07e1bce000-7f07e1bcf000 r--p 00007000 08:05 3014676                    /lib/x86_64-linux-gnu/libcrypt-2.13.so
7f07e1bcf000-7f07e1bd0000 rw-p 00008000 08:05 3014676                    /lib/x86_64-linux-gnu/libcrypt-2.13.so
7f07e1bd0000-7f07e1bfe000 rw-p 00000000 00:00 0 
7f07e1bfe000-7f07e1c07000 r-xp 00000000 08:05 1578259                    /usr/lib/x86_64-linux-gnu/libltdl.so.7.3.0
7f07e1c07000-7f07e1e06000 ---p 00009000 08:05 1578259                    /usr/lib/x86_64-linux-gnu/libltdl.so.7.3.0
7f07e1e06000-7f07e1e07000 rw-p 00008000 08:05 1578259                    /usr/lib/x86_64-linux-gnu/libltdl.so.7.3.0
7f07e1e07000-7f07e1e18000 r-xp 00000000 08:05 1581278                    /usr/lib/x86_64-linux-gnu/libtdb.so.1.2.10
7f07e1e18000-7f07e2017000 ---p 00011000 08:05 1581278                    /usr/lib/x86_64-linux-gnu/libtdb.so.1.2.10
7f07e2017000-7f07e2018000 rw-p 00010000 08:05 1581278                    /usr/lib/x86_64-linux-gnu/libtdb.so.1.2.10
7f07e2018000-7f07e201e000 r-xp 00000000 08:05 1581274                    /usr/lib/x86_64-linux-gnu/libogg.so.0.8.0
7f07e201e000-7f07e221d000 ---p 00006000 08:05 1581274                    /usr/lib/x86_64-linux-gnu/libogg.so.0.8.0
7f07e221d000-7f07e221e000 rw-p 00005000 08:05 1581274                    /usr/lib/x86_64-linux-gnu/libogg.so.0.8.0
7f07e221e000-7f07e224a000 r-xp 00000000 08:05 1581282                    /usr/lib/x86_64-linux-gnu/libvorbis.so.0.4.5
7f07e224a000-7f07e2449000 ---p 0002c000 08:05 1581282                    /usr/lib/x86_64-linux-gnu/libvorbis.so.0.4.5
7f07e2449000-7f07e244a000 r--p 0002b000 08:05 1581282                    /usr/lib/x86_64-linux-gnu/libvorbis.so.0.4.5
7f07e244a000-7f07e244b000 rw-p 0002c000 08:05 1581282                    /usr/lib/x86_64-linux-gnu/libvorbis.so.0.4.5
7f07e244b000-7f07e2453000 r-xp 00000000 08:05 1581288                    /usr/lib/x86_64-linux-gnu/libvorbisfile.so.3.3.4
7f07e2453000-7f07e2652000 ---p 00008000 08:05 1581288                    /usr/lib/x86_64-linux-gnu/libvorbisfile.so.3.3.4
7f07e2652000-7f07e2653000 r--p 00007000 08:05 1581288                    /usr/lib/x86_64-linux-gnu/libvorbisfile.so.3.3.4
7f07e2653000-7f07e2654000 rw-p 00008000 08:05 1581288                    /usr/lib/x86_64-linux-gnu/libvorbisfile.so.3.3.4
7f07e2654000-7f07e2658000 r-xp 00000000 08:05 1581300                    /usr/lib/x86_64-linux-gnu/libcanberra-gtk3.so.0.1.8
7f07e2658000-7f07e2857000 ---p 00004000 08:05 1581300                    /usr/lib/x86_64-linux-gnu/libcanberra-gtk3.so.0.1.8
7f07e2857000-7f07e2858000 r--p 00003000 08:05 1581300                    /usr/lib/x86_64-linux-gnu/libcanberra-gtk3.so.0.1.8
7f07e2858000-7f07e2859000 rw-p 00004000 08:05 1581300                    /usr/lib/x86_64-linux-gnu/libcanberra-gtk3.so.0.1.8
7f07e2859000-7f07e2869000 r-xp 00000000 08:05 1581294                    /usr/lib/x86_64-linux-gnu/libcanberra.so.0.2.5
7f07e2869000-7f07e2a68000 ---p 00010000 08:05 1581294                    /usr/lib/x86_64-linux-gnu/libcanberra.so.0.2.5
7f07e2a68000-7f07e2a69000 r--p 0000f000 08:05 1581294                    /usr/lib/x86_64-linux-gnu/libcanberra.so.0.2.5
7f07e2a69000-7f07e2a6a000 rw-p 00010000 08:05 1581294                    /usr/lib/x86_64-linux-gnu/libcanberra.so.0.2.5
7f07e2a6a000-7f07e2a6f000 r-xp 00000000 08:05 2504272                    /usr/lib/x86_64-linux-gnu/gtk-3.0/modules/libcanberra-gtk3-module.so
7f07e2a6f000-7f07e2c6e000 ---p 00005000 08:05 2504272                    /usr/lib/x86_64-linux-gnu/gtk-3.0/modules/libcanberra-gtk3-module.so
7f07e2c6e000-7f07e2c6f000 r--p 00004000 08:05 2504272                    /usr/lib/x86_64-linux-gnu/gtk-3.0/modules/libcanberra-gtk3-module.so
7f07e2c6f000-7f07e2c70000 rw-p 00005000 08:05 2504272                    /usr/lib/x86_64-linux-gnu/gtk-3.0/modules/libcanberra-gtk3-module.so
7f07e2c70000-7f07e2c92000 r-xp 00000000 08:05 3014696                    /lib/x86_64-linux-gnu/liblzma.so.5.0.0
7f07e2c92000-7f07e2e91000 ---p 00022000 08:05 3014696                    /lib/x86_64-linux-gnu/liblzma.so.5.0.0
7f07e2e91000-7f07e2e92000 r--p 00021000 08:05 3014696                    /lib/x86_64-linux-gnu/liblzma.so.5.0.0
7f07e2e92000-7f07e2e93000 rw-p 00022000 08:05 3014696                    /lib/x86_64-linux-gnu/liblzma.so.5.0.0
7f07e2e93000-7f07e2fe9000 r-xp 00000000 08:05 1575824                    /usr/lib/x86_64-linux-gnu/libxml2.so.2.8.0
7f07e2fe9000-7f07e2fea000 ---p 00156000 08:05 1575824                    /usr/lib/x86_64-linux-gnu/libxml2.so.2.8.0
7f07e2fea000-7f07e2ff2000 r--p 00156000 08:05 1575824                    /usr/lib/x86_64-linux-gnu/libxml2.so.2.8.0
7f07e2ff2000-7f07e2ff4000 rw-p 0015e000 08:05 1575824                    /usr/lib/x86_64-linux-gnu/libxml2.so.2.8.0
7f07e2ff4000-7f07e2ff5000 rw-p 00000000 00:00 0 
7f07e2ff5000-7f07e302c000 r-xp 00000000 08:05 1579099                    /usr/lib/x86_64-linux-gnu/libcroco-0.6.so.3.0.1
7f07e302c000-7f07e322c000 ---p 00037000 08:05 1579099                    /usr/lib/x86_64-linux-gnu/libcroco-0.6.so.3.0.1
7f07e322c000-7f07e322f000 r--p 00037000 08:05 1579099                    /usr/lib/x86_64-linux-gnu/libcroco-0.6.so.3.0.1
7f07e322f000-7f07e3230000 rw-p 0003a000 08:05 1579099                    /usr/lib/x86_64-linux-gnu/libcroco-0.6.so.3.0.1
7f07e3230000-7f07e3265000 r-xp 00000000 08:05 1575695                    /usr/lib/x86_64-linux-gnu/librsvg-2.so.2.36.1
7f07e3265000-7f07e3464000 ---p 00035000 08:05 1575695                    /usr/lib/x86_64-linux-gnu/librsvg-2.so.2.36.1
7f07e3464000-7f07e3465000 r--p 00034000 08:05 1575695                    /usr/lib/x86_64-linux-gnu/librsvg-2.so.2.36.1
7f07e3465000-7f07e3466000 rw-p 00035000 08:05 1575695                    /usr/lib/x86_64-linux-gnu/librsvg-2.so.2.36.1
7f07e3466000-7f07e346a000 r-xp 00000000 08:05 1584719                    /usr/lib/gtk-3.0/3.0.0/theming-engines/libadwaita.so
7f07e346a000-7f07e366a000 ---p 00004000 08:05 1584719                    /usr/lib/gtk-3.0/3.0.0/theming-engines/libadwaita.so
7f07e366a000-7f07e366b000 r--p 00004000 08:05 1584719                    /usr/lib/gtk-3.0/3.0.0/theming-engines/libadwaita.so
7f07e366b000-7f07e366c000 rw-p 00005000 08:05 1584719                    /usr/lib/gtk-3.0/3.0.0/theming-engines/libadwaita.so
7f07e366c000-7f07e369a000 r-xp 00000000 08:05 1585720                    /usr/lib/x86_64-linux-gnu/libbluray.so.1.1.0
7f07e369a000-7f07e389a000 ---p 0002e000 08:05 1585720                    /usr/lib/x86_64-linux-gnu/libbluray.so.1.1.0
7f07e389a000-7f07e389b000 r--p 0002e000 08:05 1585720                    /usr/lib/x86_64-linux-gnu/libbluray.so.1.1.0
7f07e389b000-7f07e389c000 rw-p 0002f000 08:05 1585720                    /usr/lib/x86_64-linux-gnu/libbluray.so.1.1.0
7f07e389c000-7f07e389e000 r-xp 00000000 08:05 3014664                    /lib/x86_64-linux-gnu/libutil-2.13.so
7f07e389e000-7f07e3a9d000 ---p 00002000 08:05 3014664                    /lib/x86_64-linux-gnu/libutil-2.13.so
7f07e3a9d000-7f07e3a9e000 r--p 00001000 08:05 3014664                    /lib/x86_64-linux-gnu/libutil-2.13.so
7f07e3a9e000-7f07e3a9f000 rw-p 00002000 08:05 3014664                    /lib/x86_64-linux-gnu/libutil-2.13.so
7f07e3a9f000-7f07e3aac000 r-xp 00000000 08:05 3014982                    /lib/x86_64-linux-gnu/libudev.so.0.13.0
7f07e3aac000-7f07e3cac000 ---p 0000d000 08:05 3014982                    /lib/x86_64-linux-gnu/libudev.so.0.13.0
7f07e3cac000-7f07e3cad000 r--p 0000d000 08:05 3014982                    /lib/x86_64-linux-gnu/libudev.so.0.13.0
7f07e3cad000-7f07e3cae000 rw-p 0000e000 08:05 3014982                    /lib/x86_64-linux-gnu/libudev.so.0.13.0
7f07e3cae000-7f07e3cf2000 r-xp 00000000 08:05 3014808                    /lib/x86_64-linux-gnu/libdbus-1.so.3.7.2
7f07e3cf2000-7f07e3ef2000 ---p 00044000 08:05 3014808                    /lib/x86_64-linux-gnu/libdbus-1.so.3.7.2
7f07e3ef2000-7f07e3ef3000 r--p 00044000 08:05 3014808                    /lib/x86_64-linux-gnu/libdbus-1.so.3.7.2
7f07e3ef3000-7f07e3ef4000 rw-p 00045000 08:05 3014808                    /lib/x86_64-linux-gnu/libdbus-1.so.3.7.2
7f07e3ef4000-7f07e3ef5000 r--s 00006000 08:05 5381669                    /home/emmanuel/programmes/eclipse_lambda/plugins/org.eclipse.osgi.util_3.3.0.v20131023-1243.jar
7f07e3ef5000-7f07e3ef7000 r--s 0001b000 08:05 5381680                    /home/emmanuel/programmes/eclipse_lambda/plugins/org.eclipse.pde.launching_3.6.200.v20131106-1803.jar
7f07e3ef7000-7f07e3ef9000 r--s 00004000 08:05 5379793                    /home/emmanuel/programmes/eclipse_lambda/plugins/org.eclipse.pde.junit.runtime_3.4.400.v20130904-2020.jar
7f07e3ef9000-7f07e3efa000 r--s 00007000 08:05 5381539                    /home/emmanuel/programmes/eclipse_lambda/plugins/org.eclipse.equinox.event_1.3.100.v20131021-1935.jar
7f07e3efa000-7f07e3efb000 r--s 00006000 08:05 5381695                    /home/emmanuel/programmes/eclipse_lambda/plugins/org.eclipse.team.cvs.ssh2_3.2.400.v20131112-1442.jar
7f07e3efb000-7f07e3f0f000 r--s 0011d000 08:05 5381663                    /home/emmanuel/programmes/eclipse_lambda/plugins/org.eclipse.osgi_3.10.0.v20131210-2136.jar
7f07e3f0f000-7f07e3f27000 r-xp 00000000 08:05 2497678                    /usr/lib/x86_64-linux-gnu/gvfs/libgvfscommon.so
7f07e3f27000-7f07e4126000 ---p 00018000 08:05 2497678                    /usr/lib/x86_64-linux-gnu/gvfs/libgvfscommon.so
7f07e4126000-7f07e4127000 r--p 00017000 08:05 2497678                    /usr/lib/x86_64-linux-gnu/gvfs/libgvfscommon.so
7f07e4127000-7f07e4128000 rw-p 00018000 08:05 2497678                    /usr/lib/x86_64-linux-gnu/gvfs/libgvfscommon.so
7f07e4128000-7f07e4151000 r-xp 00000000 08:05 1710470                    /usr/lib/x86_64-linux-gnu/gio/modules/libgvfsdbus.so
7f07e4151000-7f07e4351000 ---p 00029000 08:05 1710470                    /usr/lib/x86_64-linux-gnu/gio/modules/libgvfsdbus.so
7f07e4351000-7f07e4352000 r--p 00029000 08:05 1710470                    /usr/lib/x86_64-linux-gnu/gio/modules/libgvfsdbus.so
7f07e4352000-7f07e4353000 rw-p 0002a000 08:05 1710470                    /usr/lib/x86_64-linux-gnu/gio/modules/libgvfsdbus.so
7f07e4353000-7f07e436c000 r--p 00000000 08:05 1585299                    /usr/share/locale/fr/LC_MESSAGES/glib20.mo
7f07e436c000-7f07e43c9000 r--p 00000000 08:05 2228641                    /usr/share/themes/Adwaita/gtk-3.0/gtk.gresource
7f07e43c9000-7f07e43f7000 r--p 00000000 08:05 1599540                    /usr/share/locale/fr/LC_MESSAGES/gtk30-properties.mo
7f07e43f7000-7f07e4418000 r-xp 00000000 08:05 1579449                    /usr/lib/x86_64-linux-gnu/libatk-1.0.so.0.20409.1
7f07e4418000-7f07e4617000 ---p 00021000 08:05 1579449                    /usr/lib/x86_64-linux-gnu/libatk-1.0.so.0.20409.1
7f07e4617000-7f07e4619000 r--p 00020000 08:05 1579449                    /usr/lib/x86_64-linux-gnu/libatk-1.0.so.0.20409.1
7f07e4619000-7f07e461a000 rw-p 00022000 08:05 1579449                    /usr/lib/x86_64-linux-gnu/libatk-1.0.so.0.20409.1
7f07e461a000-7f07e4a98000 r-xp 00000000 08:05 1576866                    /usr/lib/x86_64-linux-gnu/libgtk-3.so.0.400.2
7f07e4a98000-7f07e4c97000 ---p 0047e000 08:05 1576866                    /usr/lib/x86_64-linux-gnu/libgtk-3.so.0.400.2
7f07e4c97000-7f07e4c9e000 r--p 0047d000 08:05 1576866                    /usr/lib/x86_64-linux-gnu/libgtk-3.so.0.400.2
7f07e4c9e000-7f07e4ca3000 rw-p 00484000 08:05 1576866                    /usr/lib/x86_64-linux-gnu/libgtk-3.so.0.400.2
7f07e4ca3000-7f07e4ca5000 rw-p 00000000 00:00 0 
7f07e4ca5000-7f07e4caa000 r-xp 00000000 08:05 1576499                    /usr/lib/x86_64-linux-gnu/libXdmcp.so.6.0.0
7f07e4caa000-7f07e4ea9000 ---p 00005000 08:05 1576499                    /usr/lib/x86_64-linux-gnu/libXdmcp.so.6.0.0
7f07e4ea9000-7f07e4eaa000 rw-p 00004000 08:05 1576499                    /usr/lib/x86_64-linux-gnu/libXdmcp.so.6.0.0
7f07e4eaa000-7f07e4eac000 r-xp 00000000 08:05 1576497                    /usr/lib/x86_64-linux-gnu/libXau.so.6.0.0
7f07e4eac000-7f07e50ac000 ---p 00002000 08:05 1576497                    /usr/lib/x86_64-linux-gnu/libXau.so.6.0.0
7f07e50ac000-7f07e50ad000 rw-p 00002000 08:05 1576497                    /usr/lib/x86_64-linux-gnu/libXau.so.6.0.0
7f07e50ad000-7f07e50e9000 r-xp 00000000 08:05 3015199                    /lib/x86_64-linux-gnu/libpcre.so.3.13.1
7f07e50e9000-7f07e52e9000 ---p 0003c000 08:05 3015199                    /lib/x86_64-linux-gnu/libpcre.so.3.13.1
7f07e52e9000-7f07e52ea000 rw-p 0003c000 08:05 3015199                    /lib/x86_64-linux-gnu/libpcre.so.3.13.1
7f07e52ea000-7f07e52f6000 r-xp 00000000 08:05 1576272                    /usr/lib/x86_64-linux-gnu/libffi.so.5.0.10
7f07e52f6000-7f07e54f6000 ---p 0000c000 08:05 1576272                    /usr/lib/x86_64-linux-gnu/libffi.so.5.0.10
7f07e54f6000-7f07e54f7000 rw-p 0000c000 08:05 1576272                    /usr/lib/x86_64-linux-gnu/libffi.so.5.0.10
7f07e54f7000-7f07e54f8000 r-xp 00000000 08:05 1576275                    /usr/lib/x86_64-linux-gnu/libgthread-2.0.so.0.3200.4
7f07e54f8000-7f07e56f7000 ---p 00001000 08:05 1576275                    /usr/lib/x86_64-linux-gnu/libgthread-2.0.so.0.3200.4
7f07e56f7000-7f07e56f8000 r--p 00000000 08:05 1576275                    /usr/lib/x86_64-linux-gnu/libgthread-2.0.so.0.3200.4
7f07e56f8000-7f07e56f9000 rw-p 00001000 08:05 1576275                    /usr/lib/x86_64-linux-gnu/libgthread-2.0.so.0.3200.4
7f07e56f9000-7f07e5720000 r-xp 00000000 08:05 3017293                    /lib/x86_64-linux-gnu/libexpat.so.1.6.0
7f07e5720000-7f07e5920000 ---p 00027000 08:05 3017293                    /lib/x86_64-linux-gnu/libexpat.so.1.6.0
7f07e5920000-7f07e5922000 r--p 00027000 08:05 3017293                    /lib/x86_64-linux-gnu/libexpat.so.1.6.0
7f07e5922000-7f07e5923000 rw-p 00029000 08:05 3017293                    /lib/x86_64-linux-gnu/libexpat.so.1.6.0
7f07e5923000-7f07e5942000 r-xp 00000000 08:05 1576501                    /usr/lib/x86_64-linux-gnu/libxcb.so.1.1.0
7f07e5942000-7f07e5b41000 ---p 0001f000 08:05 1576501                    /usr/lib/x86_64-linux-gnu/libxcb.so.1.1.0
7f07e5b41000-7f07e5b42000 r--p 0001e000 08:05 1576501                    /usr/lib/x86_64-linux-gnu/libxcb.so.1.1.0
7f07e5b42000-7f07e5b43000 rw-p 0001f000 08:05 1576501                    /usr/lib/x86_64-linux-gnu/libxcb.so.1.1.0
7f07e5b43000-7f07e5b4b000 r-xp 00000000 08:05 1578413                    /usr/lib/x86_64-linux-gnu/libxcb-render.so.0.0.0
7f07e5b4b000-7f07e5d4b000 ---p 00008000 08:05 1578413                    /usr/lib/x86_64-linux-gnu/libxcb-render.so.0.0.0
7f07e5d4b000-7f07e5d4c000 r--p 00008000 08:05 1578413                    /usr/lib/x86_64-linux-gnu/libxcb-render.so.0.0.0
7f07e5d4c000-7f07e5d4d000 rw-p 00009000 08:05 1578413                    /usr/lib/x86_64-linux-gnu/libxcb-render.so.0.0.0
7f07e5d4d000-7f07e5d4f000 r-xp 00000000 08:05 1578415                    /usr/lib/x86_64-linux-gnu/libxcb-shm.so.0.0.0
7f07e5d4f000-7f07e5f4e000 ---p 00002000 08:05 1578415                    /usr/lib/x86_64-linux-gnu/libxcb-shm.so.0.0.0
7f07e5f4e000-7f07e5f4f000 r--p 00001000 08:05 1578415                    /usr/lib/x86_64-linux-gnu/libxcb-shm.so.0.0.0
7f07e5f4f000-7f07e5f50000 rw-p 00002000 08:05 1578415                    /usr/lib/x86_64-linux-gnu/libxcb-shm.so.0.0.0
7f07e5f50000-7f07e5fd0000 r-xp 00000000 08:05 1578411                    /usr/lib/x86_64-linux-gnu/libpixman-1.so.0.26.0
7f07e5fd0000-7f07e61d0000 ---p 00080000 08:05 1578411                    /usr/lib/x86_64-linux-gnu/libpixman-1.so.0.26.0
7f07e61d0000-7f07e61d6000 rw-p 00080000 08:05 1578411                    /usr/lib/x86_64-linux-gnu/libpixman-1.so.0.26.0
7f07e61d6000-7f07e61df000 r-xp 00000000 08:05 1578417                    /usr/lib/x86_64-linux-gnu/libXrender.so.1.3.0
7f07e61df000-7f07e63de000 ---p 00009000 08:05 1578417                    /usr/lib/x86_64-linux-gnu/libXrender.so.1.3.0
7f07e63de000-7f07e63df000 rw-p 00008000 08:05 1578417                    /usr/lib/x86_64-linux-gnu/libXrender.so.1.3.0
7f07e63df000-7f07e63f2000 r-xp 00000000 08:05 3014677                    /lib/x86_64-linux-gnu/libresolv-2.13.so
7f07e63f2000-7f07e65f1000 ---p 00013000 08:05 3014677                    /lib/x86_64-linux-gnu/libresolv-2.13.so
7f07e65f1000-7f07e65f2000 r--p 00012000 08:05 3014677                    /lib/x86_64-linux-gnu/libresolv-2.13.so
7f07e65f2000-7f07e65f3000 rw-p 00013000 08:05 3014677                    /lib/x86_64-linux-gnu/libresolv-2.13.so
7f07e65f3000-7f07e65f5000 rw-p 00000000 00:00 0 
7f07e65f5000-7f07e6613000 r-xp 00000000 08:05 3014702                    /lib/x86_64-linux-gnu/libselinux.so.1
7f07e6613000-7f07e6812000 ---p 0001e000 08:05 3014702                    /lib/x86_64-linux-gnu/libselinux.so.1
7f07e6812000-7f07e6813000 r--p 0001d000 08:05 3014702                    /lib/x86_64-linux-gnu/libselinux.so.1
7f07e6813000-7f07e6814000 rw-p 0001e000 08:05 3014702                    /lib/x86_64-linux-gnu/libselinux.so.1
7f07e6814000-7f07e6815000 rw-p 00000000 00:00 0 
7f07e6815000-7f07e682b000 r-xp 00000000 08:05 3014746                    /lib/x86_64-linux-gnu/libz.so.1.2.7
7f07e682b000-7f07e6a2a000 ---p 00016000 08:05 3014746                    /lib/x86_64-linux-gnu/libz.so.1.2.7
7f07e6a2a000-7f07e6a2b000 r--p 00015000 08:05 3014746                    /lib/x86_64-linux-gnu/libz.so.1.2.7
7f07e6a2b000-7f07e6a2c000 rw-p 00016000 08:05 3014746                    /lib/x86_64-linux-gnu/libz.so.1.2.7
7f07e6a2c000-7f07e6a52000 r-xp 00000000 08:05 3015207                    /lib/x86_64-linux-gnu/libpng12.so.0.49.0
7f07e6a52000-7f07e6c51000 ---p 00026000 08:05 3015207                    /lib/x86_64-linux-gnu/libpng12.so.0.49.0
7f07e6c51000-7f07e6c52000 r--p 00025000 08:05 3015207                    /lib/x86_64-linux-gnu/libpng12.so.0.49.0
7f07e6c52000-7f07e6c53000 rw-p 00026000 08:05 3015207                    /lib/x86_64-linux-gnu/libpng12.so.0.49.0
7f07e6c53000-7f07e6c56000 r-xp 00000000 08:05 1576276                    /usr/lib/x86_64-linux-gnu/libgmodule-2.0.so.0.3200.4
7f07e6c56000-7f07e6e55000 ---p 00003000 08:05 1576276                    /usr/lib/x86_64-linux-gnu/libgmodule-2.0.so.0.3200.4
7f07e6e55000-7f07e6e56000 r--p 00002000 08:05 1576276                    /usr/lib/x86_64-linux-gnu/libgmodule-2.0.so.0.3200.4
7f07e6e56000-7f07e6e57000 rw-p 00003000 08:05 1576276                    /usr/lib/x86_64-linux-gnu/libgmodule-2.0.so.0.3200.4
7f07e6e57000-7f07e6f4c000 r-xp 00000000 08:05 3015205                    /lib/x86_64-linux-gnu/libglib-2.0.so.0.3200.4
7f07e6f4c000-7f07e714c000 ---p 000f5000 08:05 3015205                    /lib/x86_64-linux-gnu/libglib-2.0.so.0.3200.4
7f07e714c000-7f07e714d000 r--p 000f5000 08:05 3015205                    /lib/x86_64-linux-gnu/libglib-2.0.so.0.3200.4
7f07e714d000-7f07e714e000 rw-p 000f6000 08:05 3015205                    /lib/x86_64-linux-gnu/libglib-2.0.so.0.3200.4
7f07e714e000-7f07e714f000 rw-p 00000000 00:00 0 
7f07e714f000-7f07e719d000 r-xp 00000000 08:05 1576274                    /usr/lib/x86_64-linux-gnu/libgobject-2.0.so.0.3200.4
7f07e719d000-7f07e739d000 ---p 0004e000 08:05 1576274                    /usr/lib/x86_64-linux-gnu/libgobject-2.0.so.0.3200.4
7f07e739d000-7f07e739e000 r--p 0004e000 08:05 1576274                    /usr/lib/x86_64-linux-gnu/libgobject-2.0.so.0.3200.4
7f07e739e000-7f07e739f000 rw-p 0004f000 08:05 1576274                    /usr/lib/x86_64-linux-gnu/libgobject-2.0.so.0.3200.4
7f07e739f000-7f07e73d4000 r-xp 00000000 08:05 1576490                    /usr/lib/x86_64-linux-gnu/libfontconfig.so.1.5.0
7f07e73d4000-7f07e75d4000 ---p 00035000 08:05 1576490                    /usr/lib/x86_64-linux-gnu/libfontconfig.so.1.5.0
7f07e75d4000-7f07e75d5000 r--p 00035000 08:05 1576490                    /usr/lib/x86_64-linux-gnu/libfontconfig.so.1.5.0
7f07e75d5000-7f07e75d6000 rw-p 00036000 08:05 1576490                    /usr/lib/x86_64-linux-gnu/libfontconfig.so.1.5.0
7f07e75d6000-7f07e766f000 r-xp 00000000 08:05 1576477                    /usr/lib/x86_64-linux-gnu/libfreetype.so.6.8.1
7f07e766f000-7f07e786e000 ---p 00099000 08:05 1576477                    /usr/lib/x86_64-linux-gnu/libfreetype.so.6.8.1
7f07e786e000-7f07e7874000 r--p 00098000 08:05 1576477                    /usr/lib/x86_64-linux-gnu/libfreetype.so.6.8.1
7f07e7874000-7f07e7875000 rw-p 0009e000 08:05 1576477                    /usr/lib/x86_64-linux-gnu/libfreetype.so.6.8.1
7f07e7875000-7f07e78bf000 r-xp 00000000 08:05 1579147                    /usr/lib/x86_64-linux-gnu/libpango-1.0.so.0.3000.0
7f07e78bf000-7f07e7abf000 ---p 0004a000 08:05 1579147                    /usr/lib/x86_64-linux-gnu/libpango-1.0.so.0.3000.0
7f07e7abf000-7f07e7ac1000 r--p 0004a000 08:05 1579147                    /usr/lib/x86_64-linux-gnu/libpango-1.0.so.0.3000.0
7f07e7ac1000-7f07e7ac2000 rw-p 0004c000 08:05 1579147                    /usr/lib/x86_64-linux-gnu/libpango-1.0.so.0.3000.0
7f07e7ac2000-7f07e7aec000 r-xp 00000000 08:05 1579155                    /usr/lib/x86_64-linux-gnu/libpangoft2-1.0.so.0.3000.0
7f07e7aec000-7f07e7ceb000 ---p 0002a000 08:05 1579155                    /usr/lib/x86_64-linux-gnu/libpangoft2-1.0.so.0.3000.0
7f07e7ceb000-7f07e7cec000 r--p 00029000 08:05 1579155                    /usr/lib/x86_64-linux-gnu/libpangoft2-1.0.so.0.3000.0
7f07e7cec000-7f07e7ced000 rw-p 0002a000 08:05 1579155                    /usr/lib/x86_64-linux-gnu/libpangoft2-1.0.so.0.3000.0
7f07e7ced000-7f07e7e22000 r-xp 00000000 08:05 1578252                    /usr/lib/x86_64-linux-gnu/libX11.so.6.3.0
7f07e7e22000-7f07e8022000 ---p 00135000 08:05 1578252                    /usr/lib/x86_64-linux-gnu/libX11.so.6.3.0
7f07e8022000-7f07e8028000 rw-p 00135000 08:05 1578252                    /usr/lib/x86_64-linux-gnu/libX11.so.6.3.0
7f07e8028000-7f07e811c000 r-xp 00000000 08:05 1578419                    /usr/lib/x86_64-linux-gnu/libcairo.so.2.11200.2
7f07e811c000-7f07e831b000 ---p 000f4000 08:05 1578419                    /usr/lib/x86_64-linux-gnu/libcairo.so.2.11200.2
7f07e831b000-7f07e831e000 r--p 000f3000 08:05 1578419                    /usr/lib/x86_64-linux-gnu/libcairo.so.2.11200.2
7f07e831e000-7f07e831f000 rw-p 000f6000 08:05 1578419                    /usr/lib/x86_64-linux-gnu/libcairo.so.2.11200.2
7f07e831f000-7f07e8321000 rw-p 00000000 00:00 0 
7f07e8321000-7f07e8326000 r-xp 00000000 08:05 1579493                    /usr/lib/x86_64-linux-gnu/libXfixes.so.3.1.0
7f07e8326000-7f07e8525000 ---p 00005000 08:05 1579493                    /usr/lib/x86_64-linux-gnu/libXfixes.so.3.1.0
7f07e8525000-7f07e8526000 r--p 00004000 08:05 1579493                    /usr/lib/x86_64-linux-gnu/libXfixes.so.3.1.0
7f07e8526000-7f07e8527000 rw-p 00005000 08:05 1579493                    /usr/lib/x86_64-linux-gnu/libXfixes.so.3.1.0
7f07e8527000-7f07e8529000 r-xp 00000000 08:05 1579497                    /usr/lib/x86_64-linux-gnu/libXdamage.so.1.1.0
7f07e8529000-7f07e8728000 ---p 00002000 08:05 1579497                    /usr/lib/x86_64-linux-gnu/libXdamage.so.1.1.0
7f07e8728000-7f07e8729000 rw-p 00001000 08:05 1579497                    /usr/lib/x86_64-linux-gnu/libXdamage.so.1.1.0
7f07e8729000-7f07e872b000 r-xp 00000000 08:05 1579489                    /usr/lib/x86_64-linux-gnu/libXcomposite.so.1.0.0
7f07e872b000-7f07e892a000 ---p 00002000 08:05 1579489                    /usr/lib/x86_64-linux-gnu/libXcomposite.so.1.0.0
7f07e892a000-7f07e892b000 rw-p 00001000 08:05 1579489                    /usr/lib/x86_64-linux-gnu/libXcomposite.so.1.0.0
7f07e892b000-7f07e8935000 r-xp 00000000 08:05 1579821                    /usr/lib/x86_64-linux-gnu/libXcursor.so.1.0.2
7f07e8935000-7f07e8b34000 ---p 0000a000 08:05 1579821                    /usr/lib/x86_64-linux-gnu/libXcursor.so.1.0.2
7f07e8b34000-7f07e8b35000 rw-p 00009000 08:05 1579821                    /usr/lib/x86_64-linux-gnu/libXcursor.so.1.0.2
7f07e8b35000-7f07e8b3c000 r-xp 00000000 08:05 1579833                    /usr/lib/x86_64-linux-gnu/libXrandr.so.2.2.0
7f07e8b3c000-7f07e8d3c000 ---p 00007000 08:05 1579833                    /usr/lib/x86_64-linux-gnu/libXrandr.so.2.2.0
7f07e8d3c000-7f07e8d3d000 rw-p 00007000 08:05 1579833                    /usr/lib/x86_64-linux-gnu/libXrandr.so.2.2.0
7f07e8d3d000-7f07e8d4b000 r-xp 00000000 08:05 1579825                    /usr/lib/x86_64-linux-gnu/libXi.so.6.1.0
7f07e8d4b000-7f07e8f4b000 ---p 0000e000 08:05 1579825                    /usr/lib/x86_64-linux-gnu/libXi.so.6.1.0
7f07e8f4b000-7f07e8f4c000 rw-p 0000e000 08:05 1579825                    /usr/lib/x86_64-linux-gnu/libXi.so.6.1.0
7f07e8f4c000-7f07e8f4e000 r-xp 00000000 08:05 1579829                    /usr/lib/x86_64-linux-gnu/libXinerama.so.1.0.0
7f07e8f4e000-7f07e914d000 ---p 00002000 08:05 1579829                    /usr/lib/x86_64-linux-gnu/libXinerama.so.1.0.0
7f07e914d000-7f07e914e000 rw-p 00001000 08:05 1579829                    /usr/lib/x86_64-linux-gnu/libXinerama.so.1.0.0
7f07e914e000-7f07e915f000 r-xp 00000000 08:05 1579501                    /usr/lib/x86_64-linux-gnu/libXext.so.6.4.0
7f07e915f000-7f07e935f000 ---p 00011000 08:05 1579501                    /usr/lib/x86_64-linux-gnu/libXext.so.6.4.0
7f07e935f000-7f07e9360000 rw-p 00011000 08:05 1579501                    /usr/lib/x86_64-linux-gnu/libXext.so.6.4.0
7f07e9360000-7f07e94ac000 r-xp 00000000 08:05 1576278                    /usr/lib/x86_64-linux-gnu/libgio-2.0.so.0.3200.4
7f07e94ac000-7f07e96ab000 ---p 0014c000 08:05 1576278                    /usr/lib/x86_64-linux-gnu/libgio-2.0.so.0.3200.4
7f07e96ab000-7f07e96af000 r--p 0014b000 08:05 1576278                    /usr/lib/x86_64-linux-gnu/libgio-2.0.so.0.3200.4
7f07e96af000-7f07e96b1000 rw-p 0014f000 08:05 1576278                    /usr/lib/x86_64-linux-gnu/libgio-2.0.so.0.3200.4
7f07e96b1000-7f07e96b3000 rw-p 00000000 00:00 0 
7f07e96b3000-7f07e96ba000 r-xp 00000000 08:05 1579453                    /usr/lib/x86_64-linux-gnu/libcairo-gobject.so.2.11200.2
7f07e96ba000-7f07e98b9000 ---p 00007000 08:05 1579453                    /usr/lib/x86_64-linux-gnu/libcairo-gobject.so.2.11200.2
7f07e98b9000-7f07e98bb000 r--p 00006000 08:05 1579453                    /usr/lib/x86_64-linux-gnu/libcairo-gobject.so.2.11200.2
7f07e98bb000-7f07e98bc000 rw-p 00008000 08:05 1579453                    /usr/lib/x86_64-linux-gnu/libcairo-gobject.so.2.11200.2
7f07e98bc000-7f07e98db000 r-xp 00000000 08:05 1579093                    /usr/lib/x86_64-linux-gnu/libgdk_pixbuf-2.0.so.0.2600.1
7f07e98db000-7f07e9ada000 ---p 0001f000 08:05 1579093                    /usr/lib/x86_64-linux-gnu/libgdk_pixbuf-2.0.so.0.2600.1
7f07e9ada000-7f07e9adb000 r--p 0001e000 08:05 1579093                    /usr/lib/x86_64-linux-gnu/libgdk_pixbuf-2.0.so.0.2600.1
7f07e9adb000-7f07e9adc000 rw-p 0001f000 08:05 1579093                    /usr/lib/x86_64-linux-gnu/libgdk_pixbuf-2.0.so.0.2600.1
7f07e9adc000-7f07e9ae8000 r-xp 00000000 08:05 1579149                    /usr/lib/x86_64-linux-gnu/libpangocairo-1.0.so.0.3000.0
7f07e9ae8000-7f07e9ce7000 ---p 0000c000 08:05 1579149                    /usr/lib/x86_64-linux-gnu/libpangocairo-1.0.so.0.3000.0
7f07e9ce7000-7f07e9ce8000 r--p 0000b000 08:05 1579149                    /usr/lib/x86_64-linux-gnu/libpangocairo-1.0.so.0.3000.0
7f07e9ce8000-7f07e9ce9000 rw-p 0000c000 08:05 1579149                    /usr/lib/x86_64-linux-gnu/libpangocairo-1.0.so.0.3000.0
7f07e9ce9000-7f07e9d64000 r-xp 00000000 08:05 1576867                    /usr/lib/x86_64-linux-gnu/libgdk-3.so.0.400.2
7f07e9d64000-7f07e9f64000 ---p 0007b000 08:05 1576867                    /usr/lib/x86_64-linux-gnu/libgdk-3.so.0.400.2
7f07e9f64000-7f07e9f67000 r--p 0007b000 08:05 1576867                    /usr/lib/x86_64-linux-gnu/libgdk-3.so.0.400.2
7f07e9f67000-7f07e9f69000 rw-p 0007e000 08:05 1576867                    /usr/lib/x86_64-linux-gnu/libgdk-3.so.0.400.2
7f07e9f69000-7f07e9f78000 r-xp 00000000 08:05 5381560                    /home/emmanuel/programmes/eclipse_lambda/plugins/org.eclipse.equinox.launcher.gtk.linux.x86_64_1.1.200.v20131025-1931/eclipse_1601.so
7f07e9f78000-7f07ea078000 ---p 0000f000 08:05 5381560                    /home/emmanuel/programmes/eclipse_lambda/plugins/org.eclipse.equinox.launcher.gtk.linux.x86_64_1.1.200.v20131025-1931/eclipse_1601.so
7f07ea078000-7f07ea07a000 rw-p 0000f000 08:05 5381560                    /home/emmanuel/programmes/eclipse_lambda/plugins/org.eclipse.equinox.launcher.gtk.linux.x86_64_1.1.200.v20131025-1931/eclipse_1601.so
7f07ea07a000-7f07ea07d000 r--s 0003a000 08:05 5381664                    /home/emmanuel/programmes/eclipse_lambda/plugins/org.eclipse.osgi.compatibility.state_1.0.0.v20131023-1243.jar
7f07ea07d000-7f07ea081000 r--s 0008a000 08:05 1604295                    /usr/lib/jvm/java-7-oracle/jre/lib/jsse.jar
7f07ea081000-7f07ea083000 r--s 0000b000 08:05 5379631                    /home/emmanuel/programmes/eclipse_lambda/plugins/org.eclipse.equinox.launcher_1.3.0.v20130327-1440.jar
7f07ea083000-7f07ea084000 ---p 00000000 00:00 0 
7f07ea084000-7f07ea184000 rw-p 00000000 00:00 0 
7f07ea184000-7f07ea187000 ---p 00000000 00:00 0 
7f07ea187000-7f07ea285000 rw-p 00000000 00:00 0 
7f07ea285000-7f07ea288000 ---p 00000000 00:00 0 
7f07ea288000-7f07ea386000 rw-p 00000000 00:00 0 
7f07ea386000-7f07ea389000 ---p 00000000 00:00 0 
7f07ea389000-7f07ea487000 rw-p 00000000 00:00 0 
7f07ea487000-7f07ea48a000 ---p 00000000 00:00 0 
7f07ea48a000-7f07ea588000 rw-p 00000000 00:00 0 
7f07ea588000-7f07ea6ff000 r--p 00000000 08:05 1579336                    /usr/lib/locale/locale-archive
7f07ea6ff000-7f07ea702000 ---p 00000000 00:00 0 
7f07ea702000-7f07ec000000 rw-p 00000000 00:00 0 
7f07ec000000-7f07ed5c1000 rw-p 00000000 00:00 0 
7f07ed5c1000-7f07f0000000 ---p 00000000 00:00 0 
7f07f0000000-7f07f0001000 r--s 00006000 08:05 5381639                    /home/emmanuel/programmes/eclipse_lambda/plugins/org.eclipse.jetty.continuation_8.1.12.v20130726.jar
7f07f0001000-7f07f0002000 r--s 0000b000 08:05 5381583                    /home/emmanuel/programmes/eclipse_lambda/plugins/org.eclipse.equinox.p2.reconciler.dropins_1.1.200.v20131119-0908.jar
7f07f0002000-7f07f0004000 r--s 0000c000 08:05 5379789                    /home/emmanuel/programmes/eclipse_lambda/plugins/org.eclipse.pde.ds.core_1.0.300.v20130514-1232.jar
7f07f0004000-7f07f000a000 r--p 00000000 08:05 1579069                    /usr/share/locale/fr/LC_MESSAGES/gdk-pixbuf.mo
7f07f000a000-7f07f002d000 r--p 00000000 08:05 1579346                    /usr/share/locale/fr/LC_MESSAGES/libc.mo
7f07f002d000-7f07f0030000 ---p 00000000 00:00 0 
7f07f0030000-7f07f012e000 rw-p 00000000 00:00 0 
7f07f012e000-7f07f012f000 ---p 00000000 00:00 0 
7f07f012f000-7f07f1189000 rw-p 00000000 00:00 0 
7f07f1189000-7f07f1345000 r--s 039b2000 08:05 1583874                    /usr/lib/jvm/java-7-oracle/jre/lib/rt.jar
7f07f1345000-7f07f1596000 rw-p 00000000 00:00 0 
7f07f1596000-7f07f1597000 ---p 00000000 00:00 0 
7f07f1597000-7f07f1697000 rw-p 00000000 00:00 0 
7f07f1697000-7f07f1698000 ---p 00000000 00:00 0 
7f07f1698000-7f07f1798000 rw-p 00000000 00:00 0 
7f07f1798000-7f07f1799000 ---p 00000000 00:00 0 
7f07f1799000-7f07f1899000 rw-p 00000000 00:00 0 
7f07f1899000-7f07f189a000 ---p 00000000 00:00 0 
7f07f189a000-7f07f19a5000 rw-p 00000000 00:00 0 
7f07f19a5000-7f07f1a1a000 rw-p 00000000 00:00 0 
7f07f1a1a000-7f07f1a28000 rw-p 00000000 00:00 0 
7f07f1a28000-7f07f1ac5000 rw-p 00000000 00:00 0 
7f07f1ac5000-7f07f1ad0000 rw-p 00000000 00:00 0 
7f07f1ad0000-7f07f1b45000 rw-p 00000000 00:00 0 
7f07f1b45000-7f07f1b53000 rw-p 00000000 00:00 0 
7f07f1b53000-7f07f1bef000 rw-p 00000000 00:00 0 
7f07f1bef000-7f07f1c06000 rw-p 00000000 00:00 0 
7f07f1c06000-7f07f1c45000 rw-p 00000000 00:00 0 
7f07f1c45000-7f07f1c46000 rw-p 00000000 00:00 0 
7f07f1c46000-7f07f1eb6000 rwxp 00000000 00:00 0 
7f07f1eb6000-7f07f4c46000 rw-p 00000000 00:00 0 
7f07f4c46000-7f07f4c60000 r-xp 00000000 08:05 1589353                    /usr/lib/jvm/java-7-oracle/jre/lib/amd64/libzip.so
7f07f4c60000-7f07f4e60000 ---p 0001a000 08:05 1589353                    /usr/lib/jvm/java-7-oracle/jre/lib/amd64/libzip.so
7f07f4e60000-7f07f4e61000 rw-p 0001a000 08:05 1589353                    /usr/lib/jvm/java-7-oracle/jre/lib/amd64/libzip.so
7f07f4e61000-7f07f4e6c000 r-xp 00000000 08:05 3014669                    /lib/x86_64-linux-gnu/libnss_files-2.13.so
7f07f4e6c000-7f07f506b000 ---p 0000b000 08:05 3014669                    /lib/x86_64-linux-gnu/libnss_files-2.13.so
7f07f506b000-7f07f506c000 r--p 0000a000 08:05 3014669                    /lib/x86_64-linux-gnu/libnss_files-2.13.so
7f07f506c000-7f07f506d000 rw-p 0000b000 08:05 3014669                    /lib/x86_64-linux-gnu/libnss_files-2.13.so
7f07f506d000-7f07f5077000 r-xp 00000000 08:05 3014681                    /lib/x86_64-linux-gnu/libnss_nis-2.13.so
7f07f5077000-7f07f5276000 ---p 0000a000 08:05 3014681                    /lib/x86_64-linux-gnu/libnss_nis-2.13.so
7f07f5276000-7f07f5277000 r--p 00009000 08:05 3014681                    /lib/x86_64-linux-gnu/libnss_nis-2.13.so
7f07f5277000-7f07f5278000 rw-p 0000a000 08:05 3014681                    /lib/x86_64-linux-gnu/libnss_nis-2.13.so
7f07f5278000-7f07f528d000 r-xp 00000000 08:05 3014679                    /lib/x86_64-linux-gnu/libnsl-2.13.so
7f07f528d000-7f07f548c000 ---p 00015000 08:05 3014679                    /lib/x86_64-linux-gnu/libnsl-2.13.so
7f07f548c000-7f07f548d000 r--p 00014000 08:05 3014679                    /lib/x86_64-linux-gnu/libnsl-2.13.so
7f07f548d000-7f07f548e000 rw-p 00015000 08:05 3014679                    /lib/x86_64-linux-gnu/libnsl-2.13.so
7f07f548e000-7f07f5490000 rw-p 00000000 00:00 0 
7f07f5490000-7f07f5497000 r-xp 00000000 08:05 3014671                    /lib/x86_64-linux-gnu/libnss_compat-2.13.so
7f07f5497000-7f07f5696000 ---p 00007000 08:05 3014671                    /lib/x86_64-linux-gnu/libnss_compat-2.13.so
7f07f5696000-7f07f5697000 r--p 00006000 08:05 3014671                    /lib/x86_64-linux-gnu/libnss_compat-2.13.so
7f07f5697000-7f07f5698000 rw-p 00007000 08:05 3014671                    /lib/x86_64-linux-gnu/libnss_compat-2.13.so
7f07f5698000-7f07f56c1000 r-xp 00000000 08:05 1589351                    /usr/lib/jvm/java-7-oracle/jre/lib/amd64/libjava.so
7f07f56c1000-7f07f58c1000 ---p 00029000 08:05 1589351                    /usr/lib/jvm/java-7-oracle/jre/lib/amd64/libjava.so
7f07f58c1000-7f07f58c3000 rw-p 00029000 08:05 1589351                    /usr/lib/jvm/java-7-oracle/jre/lib/amd64/libjava.so
7f07f58c3000-7f07f58d0000 r-xp 00000000 08:05 1589355                    /usr/lib/jvm/java-7-oracle/jre/lib/amd64/libverify.so
7f07f58d0000-7f07f5acf000 ---p 0000d000 08:05 1589355                    /usr/lib/jvm/java-7-oracle/jre/lib/amd64/libverify.so
7f07f5acf000-7f07f5ad1000 rw-p 0000c000 08:05 1589355                    /usr/lib/jvm/java-7-oracle/jre/lib/amd64/libverify.so
7f07f5ad1000-7f07f5ad8000 r-xp 00000000 08:05 3014670                    /lib/x86_64-linux-gnu/librt-2.13.so
7f07f5ad8000-7f07f5cd7000 ---p 00007000 08:05 3014670                    /lib/x86_64-linux-gnu/librt-2.13.so
7f07f5cd7000-7f07f5cd8000 r--p 00006000 08:05 3014670                    /lib/x86_64-linux-gnu/librt-2.13.so
7f07f5cd8000-7f07f5cd9000 rw-p 00007000 08:05 3014670                    /lib/x86_64-linux-gnu/librt-2.13.so
7f07f5cd9000-7f07f5d5a000 r-xp 00000000 08:05 3014672                    /lib/x86_64-linux-gnu/libm-2.13.so
7f07f5d5a000-7f07f5f59000 ---p 00081000 08:05 3014672                    /lib/x86_64-linux-gnu/libm-2.13.so
7f07f5f59000-7f07f5f5a000 r--p 00080000 08:05 3014672                    /lib/x86_64-linux-gnu/libm-2.13.so
7f07f5f5a000-7f07f5f5b000 rw-p 00081000 08:05 3014672                    /lib/x86_64-linux-gnu/libm-2.13.so
7f07f5f5b000-7f07f6abd000 r-xp 00000000 08:05 1589340                    /usr/lib/jvm/java-7-oracle/jre/lib/amd64/server/libjvm.so
7f07f6abd000-7f07f6cbd000 ---p 00b62000 08:05 1589340                    /usr/lib/jvm/java-7-oracle/jre/lib/amd64/server/libjvm.so
7f07f6cbd000-7f07f6d80000 rw-p 00b62000 08:05 1589340                    /usr/lib/jvm/java-7-oracle/jre/lib/amd64/server/libjvm.so
7f07f6d80000-7f07f6dc1000 rw-p 00000000 00:00 0 
7f07f6dc1000-7f07f6f41000 r-xp 00000000 08:05 3014675                    /lib/x86_64-linux-gnu/libc-2.13.so
7f07f6f41000-7f07f7141000 ---p 00180000 08:05 3014675                    /lib/x86_64-linux-gnu/libc-2.13.so
7f07f7141000-7f07f7145000 r--p 00180000 08:05 3014675                    /lib/x86_64-linux-gnu/libc-2.13.so
7f07f7145000-7f07f7146000 rw-p 00184000 08:05 3014675                    /lib/x86_64-linux-gnu/libc-2.13.so
7f07f7146000-7f07f714b000 rw-p 00000000 00:00 0 
7f07f714b000-7f07f714d000 r-xp 00000000 08:05 3014668                    /lib/x86_64-linux-gnu/libdl-2.13.so
7f07f714d000-7f07f734d000 ---p 00002000 08:05 3014668                    /lib/x86_64-linux-gnu/libdl-2.13.so
7f07f734d000-7f07f734e000 r--p 00002000 08:05 3014668                    /lib/x86_64-linux-gnu/libdl-2.13.so
7f07f734e000-7f07f734f000 rw-p 00003000 08:05 3014668                    /lib/x86_64-linux-gnu/libdl-2.13.so
7f07f734f000-7f07f7365000 r-xp 00000000 08:05 1589381                    /usr/lib/jvm/java-7-oracle/jre/lib/amd64/jli/libjli.so
7f07f7365000-7f07f7565000 ---p 00016000 08:05 1589381                    /usr/lib/jvm/java-7-oracle/jre/lib/amd64/jli/libjli.so
7f07f7565000-7f07f7566000 rw-p 00016000 08:05 1589381                    /usr/lib/jvm/java-7-oracle/jre/lib/amd64/jli/libjli.so
7f07f7566000-7f07f757d000 r-xp 00000000 08:05 3014665                    /lib/x86_64-linux-gnu/libpthread-2.13.so
7f07f757d000-7f07f777c000 ---p 00017000 08:05 3014665                    /lib/x86_64-linux-gnu/libpthread-2.13.so
7f07f777c000-7f07f777d000 r--p 00016000 08:05 3014665                    /lib/x86_64-linux-gnu/libpthread-2.13.so
7f07f777d000-7f07f777e000 rw-p 00017000 08:05 3014665                    /lib/x86_64-linux-gnu/libpthread-2.13.so
7f07f777e000-7f07f7782000 rw-p 00000000 00:00 0 
7f07f7782000-7f07f77a2000 r-xp 00000000 08:05 3014678                    /lib/x86_64-linux-gnu/ld-2.13.so
7f07f77a2000-7f07f77a3000 r--s 00004000 08:05 5381690                    /home/emmanuel/programmes/eclipse_lambda/plugins/org.eclipse.swt_3.103.0.v20131212-1937.jar
7f07f77a3000-7f07f77a4000 r--s 00003000 08:05 5381687                    /home/emmanuel/programmes/eclipse_lambda/plugins/org.eclipse.rcp_4.3.100.v20131212-1600.jar
7f07f77a4000-7f07f77a5000 r--s 00002000 08:05 919489                     /home/emmanuel/programmes/eclipse_lambda/plugins/org.eclipse.platform_4.4.0.v20131212-1600/platform.jar
7f07f77a5000-7f07f77a8000 r--p 00000000 08:05 1579313                    /usr/share/locale/fr/LC_MESSAGES/atk10.mo
7f07f77a8000-7f07f77af000 r--s 00000000 08:05 1572926                    /usr/lib/x86_64-linux-gnu/gconv/gconv-modules.cache
7f07f77af000-7f07f77bf000 r--p 00000000 08:05 1599541                    /usr/share/locale/fr/LC_MESSAGES/gtk30.mo
7f07f77bf000-7f07f77c9000 rw-p 00000000 00:00 0 
7f07f77c9000-7f07f787f000 rw-p 00000000 00:00 0 
7f07f787f000-7f07f7882000 ---p 00000000 00:00 0 
7f07f7882000-7f07f7984000 rw-p 00000000 00:00 0 
7f07f7984000-7f07f7985000 r--s 00002000 08:05 5381720                    /home/emmanuel/programmes/eclipse_lambda/plugins/org.eclipse.pde.api.tools.annotations_1.0.0.v20130923-1839.jar
7f07f7985000-7f07f7986000 r--s 00003000 08:05 5379877                    /home/emmanuel/programmes/eclipse_lambda/plugins/org.w3c.dom.smil_1.0.0.v200806040011.jar
7f07f7986000-7f07f7995000 rw-p 00000000 00:00 0 
7f07f7995000-7f07f799d000 rw-s 00000000 08:05 2099621                    /tmp/hsperfdata_emmanuel/25068
7f07f799d000-7f07f799e000 rw-p 00000000 00:00 0 
7f07f799e000-7f07f799f000 r--p 00000000 00:00 0 
7f07f799f000-7f07f79a1000 rw-p 00000000 00:00 0 
7f07f79a1000-7f07f79a2000 r--p 0001f000 08:05 3014678                    /lib/x86_64-linux-gnu/ld-2.13.so
7f07f79a2000-7f07f79a3000 rw-p 00020000 08:05 3014678                    /lib/x86_64-linux-gnu/ld-2.13.so
7f07f79a3000-7f07f79a4000 rw-p 00000000 00:00 0 
7fffa1f39000-7fffa1f5a000 rw-p 00000000 00:00 0                          [stack]
7fffa1fff000-7fffa2000000 r-xp 00000000 00:00 0                          [vdso]
ffffffffff600000-ffffffffff601000 r-xp 00000000 00:00 0                  [vsyscall]

VM Arguments:
jvm_args: -Xms40m -Xmx512m -XX:MaxPermSize=256m 
java_command: /home/emmanuel/programmes/eclipse_lambda//plugins/org.eclipse.equinox.launcher_1.3.0.v20130327-1440.jar -os linux -ws gtk -arch x86_64 -showsplash /home/emmanuel/programmes/eclipse_lambda//plugins/org.eclipse.platform_4.4.0.v20131212-1600/splash.bmp -launcher /home/emmanuel/programmes/eclipse_lambda/eclipse -name Eclipse --launcher.library /home/emmanuel/programmes/eclipse_lambda//plugins/org.eclipse.equinox.launcher.gtk.linux.x86_64_1.1.200.v20131025-1931/eclipse_1601.so -startup /home/emmanuel/programmes/eclipse_lambda//plugins/org.eclipse.equinox.launcher_1.3.0.v20130327-1440.jar --launcher.appendVmargs -exitdata 9ae8002 -vm /usr/bin/java -vmargs -Xms40m -Xmx512m -XX:MaxPermSize=256m -jar /home/emmanuel/programmes/eclipse_lambda//plugins/org.eclipse.equinox.launcher_1.3.0.v20130327-1440.jar
Launcher Type: SUN_STANDARD

Environment Variables:
PATH=/usr/local/bin:/usr/bin:/bin:/usr/local/games:/usr/games
USERNAME=emmanuel
SHELL=/bin/bash
DISPLAY=:0

Signal Handlers:
SIGSEGV: [libjvm.so+0x9935b0], sa_mask[0]=0x7ffbfeff, sa_flags=0x10000004
SIGBUS: [libjvm.so+0x9935b0], sa_mask[0]=0x7ffbfeff, sa_flags=0x10000004
SIGFPE: [libjvm.so+0x810330], sa_mask[0]=0x7ffbfeff, sa_flags=0x10000004
SIGPIPE: SIG_IGN, sa_mask[0]=0x00001000, sa_flags=0x10000000
SIGXFSZ: [libjvm.so+0x810330], sa_mask[0]=0x7ffbfeff, sa_flags=0x10000004
SIGILL: [libjvm.so+0x810330], sa_mask[0]=0x7ffbfeff, sa_flags=0x10000004
SIGUSR1: SIG_DFL, sa_mask[0]=0x00000000, sa_flags=0x00000000
SIGUSR2: [libjvm.so+0x811820], sa_mask[0]=0x00000000, sa_flags=0x10000004
SIGHUP: [libjvm.so+0x812790], sa_mask[0]=0x7ffbfeff, sa_flags=0x10000004
SIGINT: [libjvm.so+0x812790], sa_mask[0]=0x7ffbfeff, sa_flags=0x10000004
SIGTERM: [libjvm.so+0x812790], sa_mask[0]=0x7ffbfeff, sa_flags=0x10000004
SIGQUIT: [libjvm.so+0x812790], sa_mask[0]=0x7ffbfeff, sa_flags=0x10000004


---------------  S Y S T E M  ---------------

OS:7.3

uname:Linux 3.2.0-4-amd64 #1 SMP Debian 3.2.51-1 x86_64
libc:glibc 2.13 NPTL 2.13 
rlimit: STACK 8192k, CORE 0k, NPROC 30937, NOFILE 4096, AS infinity
load average:0,64 0,37 0,17

/proc/meminfo:
MemTotal:        3972192 kB
MemFree:          639344 kB
Buffers:           91404 kB
Cached:          1699872 kB
SwapCached:            4 kB
Active:          1919520 kB
Inactive:        1237112 kB
Active(anon):    1205720 kB
Inactive(anon):   463944 kB
Active(file):     713800 kB
Inactive(file):   773168 kB
Unevictable:          16 kB
Mlocked:              16 kB
SwapTotal:       4335612 kB
SwapFree:        4334768 kB
Dirty:               472 kB
Writeback:             0 kB
AnonPages:       1365632 kB
Mapped:           288640 kB
Shmem:            304308 kB
Slab:              99072 kB
SReclaimable:      69072 kB
SUnreclaim:        30000 kB
KernelStack:        3872 kB
PageTables:        32572 kB
NFS_Unstable:          0 kB
Bounce:                0 kB
WritebackTmp:          0 kB
CommitLimit:     6321708 kB
Committed_AS:    4270092 kB
VmallocTotal:   34359738367 kB
VmallocUsed:      359596 kB
VmallocChunk:   34359372272 kB
HardwareCorrupted:     0 kB
AnonHugePages:         0 kB
HugePages_Total:       0
HugePages_Free:        0
HugePages_Rsvd:        0
HugePages_Surp:        0
Hugepagesize:       2048 kB
DirectMap4k:       65536 kB
DirectMap2M:     4044800 kB


CPU:total 4 (2 cores per cpu, 2 threads per core) family 6 model 42 stepping 7, cmov, cx8, fxsr, mmx, sse, sse2, sse3, ssse3, sse4.1, sse4.2, popcnt, avx, ht, tsc, tscinvbit

/proc/cpuinfo:
processor	: 0
vendor_id	: GenuineIntel
cpu family	: 6
model		: 42
model name	: Intel(R) Core(TM) i3-2330M CPU @ 2.20GHz
stepping	: 7
microcode	: 0x1a
cpu MHz		: 800.000
cache size	: 3072 KB
physical id	: 0
siblings	: 4
core id		: 0
cpu cores	: 2
apicid		: 0
initial apicid	: 0
fpu		: yes
fpu_exception	: yes
cpuid level	: 13
wp		: yes
flags		: fpu vme de pse tsc msr pae mce cx8 apic sep mtrr pge mca cmov pat pse36 clflush dts acpi mmx fxsr sse sse2 ss ht tm pbe syscall nx rdtscp lm constant_tsc arch_perfmon pebs bts nopl xtopology nonstop_tsc aperfmperf pni pclmulqdq dtes64 monitor ds_cpl vmx est tm2 ssse3 cx16 xtpr pdcm pcid sse4_1 sse4_2 x2apic popcnt tsc_deadline_timer xsave avx lahf_lm arat epb xsaveopt pln pts dtherm tpr_shadow vnmi flexpriority ept vpid
bogomips	: 4390.35
clflush size	: 64
cache_alignment	: 64
address sizes	: 36 bits physical, 48 bits virtual
power management:

processor	: 1
vendor_id	: GenuineIntel
cpu family	: 6
model		: 42
model name	: Intel(R) Core(TM) i3-2330M CPU @ 2.20GHz
stepping	: 7
microcode	: 0x1a
cpu MHz		: 800.000
cache size	: 3072 KB
physical id	: 0
siblings	: 4
core id		: 0
cpu cores	: 2
apicid		: 1
initial apicid	: 1
fpu		: yes
fpu_exception	: yes
cpuid level	: 13
wp		: yes
flags		: fpu vme de pse tsc msr pae mce cx8 apic sep mtrr pge mca cmov pat pse36 clflush dts acpi mmx fxsr sse sse2 ss ht tm pbe syscall nx rdtscp lm constant_tsc arch_perfmon pebs bts nopl xtopology nonstop_tsc aperfmperf pni pclmulqdq dtes64 monitor ds_cpl vmx est tm2 ssse3 cx16 xtpr pdcm pcid sse4_1 sse4_2 x2apic popcnt tsc_deadline_timer xsave avx lahf_lm arat epb xsaveopt pln pts dtherm tpr_shadow vnmi flexpriority ept vpid
bogomips	: 4389.82
clflush size	: 64
cache_alignment	: 64
address sizes	: 36 bits physical, 48 bits virtual
power management:

processor	: 2
vendor_id	: GenuineIntel
cpu family	: 6
model		: 42
model name	: Intel(R) Core(TM) i3-2330M CPU @ 2.20GHz
stepping	: 7
microcode	: 0x1a
cpu MHz		: 2200.000
cache size	: 3072 KB
physical id	: 0
siblings	: 4
core id		: 1
cpu cores	: 2
apicid		: 2
initial apicid	: 2
fpu		: yes
fpu_exception	: yes
cpuid level	: 13
wp		: yes
flags		: fpu vme de pse tsc msr pae mce cx8 apic sep mtrr pge mca cmov pat pse36 clflush dts acpi mmx fxsr sse sse2 ss ht tm pbe syscall nx rdtscp lm constant_tsc arch_perfmon pebs bts nopl xtopology nonstop_tsc aperfmperf pni pclmulqdq dtes64 monitor ds_cpl vmx est tm2 ssse3 cx16 xtpr pdcm pcid sse4_1 sse4_2 x2apic popcnt tsc_deadline_timer xsave avx lahf_lm arat epb xsaveopt pln pts dtherm tpr_shadow vnmi flexpriority ept vpid
bogomips	: 4389.82
clflush size	: 64
cache_alignment	: 64
address sizes	: 36 bits physical, 48 bits virtual
power management:

processor	: 3
vendor_id	: GenuineIntel
cpu family	: 6
model		: 42
model name	: Intel(R) Core(TM) i3-2330M CPU @ 2.20GHz
stepping	: 7
microcode	: 0x1a
cpu MHz		: 2200.000
cache size	: 3072 KB
physical id	: 0
siblings	: 4
core id		: 1
cpu cores	: 2
apicid		: 3
initial apicid	: 3
fpu		: yes
fpu_exception	: yes
cpuid level	: 13
wp		: yes
flags		: fpu vme de pse tsc msr pae mce cx8 apic sep mtrr pge mca cmov pat pse36 clflush dts acpi mmx fxsr sse sse2 ss ht tm pbe syscall nx rdtscp lm constant_tsc arch_perfmon pebs bts nopl xtopology nonstop_tsc aperfmperf pni pclmulqdq dtes64 monitor ds_cpl vmx est tm2 ssse3 cx16 xtpr pdcm pcid sse4_1 sse4_2 x2apic popcnt tsc_deadline_timer xsave avx lahf_lm arat epb xsaveopt pln pts dtherm tpr_shadow vnmi flexpriority ept vpid
bogomips	: 4389.82
clflush size	: 64
cache_alignment	: 64
address sizes	: 36 bits physical, 48 bits virtual
power management:



Memory: 4k page, physical 3972192k(639344k free), swap 4335612k(4334768k free)

vm_info: Java HotSpot(TM) 64-Bit Server VM (24.45-b08) for linux-amd64 JRE (1.7.0_45-b18), built on Oct  8 2013 05:44:25 by "java_re" with gcc 4.3.0 20080428 (Red Hat 4.3.0-8)

time: Fri Dec 20 21:39:34 2013
elapsed time: 3 seconds

