#
# A fatal error has been detected by the Java Runtime Environment:
#
#  SIGSEGV (0xb) at pc=0x00007f8e7866b73f, pid=25106, tid=140250287150848
#
# JRE version: Java(TM) SE Runtime Environment (7.0_45-b18) (build 1.7.0_45-b18)
# Java VM: Java HotSpot(TM) 64-Bit Server VM (24.45-b08 mixed mode linux-amd64 compressed oops)
# Problematic frame:
# C  [libgdk-x11-2.0.so.0+0x5173f]  gdk_display_open+0x3f
#
# Failed to write core dump. Core dumps have been disabled. To enable core dumping, try "ulimit -c unlimited" before starting Java again
#
# If you would like to submit a bug report, please visit:
#   http://bugreport.sun.com/bugreport/crash.jsp
# The crash happened outside the Java Virtual Machine in native code.
# See problematic frame for where to report the bug.
#

---------------  T H R E A D  ---------------

Current thread (0x0000000000f9c000):  JavaThread "main" [_thread_in_native, id=25107, stack(0x00007f8e907b9000,0x00007f8e908ba000)]

siginfo:si_signo=SIGSEGV: si_errno=0, si_code=1 (SEGV_MAPERR), si_addr=0x0000000000000114

Registers:
RAX=0x0000000000000000, RBX=0x0000000000000000, RCX=0x00007f8e908b9700, RDX=0x0000000000000000
RSP=0x00007f8e908b7800, RBP=0x00007f8e7436d6f0, RSI=0x00007f8e7866b2e0, RDI=0x00007f8e7436d6f0
R8 =0x00007f8e7436f5e0, R9 =0x0000000000000020, R10=0x0000000000000000, R11=0x0000000000000000
R12=0x0000000000000000, R13=0x00007f8e908b79f0, R14=0x00007f8e74119180, R15=0x0000000000f9c000
RIP=0x00007f8e7866b73f, EFLAGS=0x0000000000010246, CSGSFS=0x0000000000000033, ERR=0x0000000000000006
  TRAPNO=0x000000000000000e

Top of Stack: (sp=0x00007f8e908b7800)
0x00007f8e908b7800:   0000000000000000 0000000000000000
0x00007f8e908b7810:   0000000000000000 00007f8e7fdd47d9
0x00007f8e908b7820:   00007f8e78622b60 00007f8e74368100
0x00007f8e908b7830:   0000000000000000 00000000ffffffff
0x00007f8e908b7840:   00007f8e7436bd60 0000000000000005
0x00007f8e908b7850:   00000000006386f8 0000000000000000
0x00007f8e908b7860:   00007f8e74119180 0000000000f9c000
0x00007f8e908b7870:   00007f8e78ad2000 00007f8e906c99f2
0x00007f8e908b7880:   00007f8e00000005 0000000000000000
0x00007f8e908b7890:   0000000000f9c000 00007f8e78622b60
0x00007f8e908b78a0:   00007f8e7436bd60 0000000000f9c1e8
0x00007f8e908b78b0:   0000000000000000 0000000000000000
0x00007f8e908b78c0:   00007f8e908b79f0 0000000000000000
0x00007f8e908b78d0:   0000000000000000 0000000000000000
0x00007f8e908b78e0:   00007f8e908b79f0 00007f8e74119180
0x00007f8e908b78f0:   0000000000f9c000 00007f8e7863a60d
0x00007f8e908b7900:   0000000000f9c1e8 0000000000000000
0x00007f8e908b7910:   0000000000000000 00007f8e78c0e624
0x00007f8e908b7920:   00000000000001ba 00007f8e79162096
0x00007f8e908b7930:   00000000d0e9be28 00000000d0e9be28
0x00007f8e908b7940:   00007f8e908b79c8 0000000000000000
0x00007f8e908b7950:   00000000d0e9be28 00007f8e908b79f0
0x00007f8e908b7960:   0000000000f9c000 00007f8e8ab92cd8
0x00007f8e908b7970:   00000000f635b520 0000000000000001
0x00007f8e908b7980:   0000000000f9c000 00007f8e908b7988
0x00007f8e908b7990:   00000000d0e9be28 00007f8e908b79f0
0x00007f8e908b79a0:   00000000d0eed8d0 0000000000000000
0x00007f8e908b79b0:   00000000d0e9be28 0000000000000000
0x00007f8e908b79c0:   00007f8e908b79e8 00007f8e908b7a38
0x00007f8e908b79d0:   00007f8e8ab86350 00000000f6359278
0x00007f8e908b79e0:   00007f8e8ab8ecc0 0000000000000000
0x00007f8e908b79f0:   00000000f65d45f0 00007f8e908b79f8 

Instructions: (pc=0x00007f8e7866b73f)
0x00007f8e7866b71f:   06 00 00 e8 c9 fe ff ff 31 f6 48 89 c7 31 c0 e8
0x00007f8e7866b72f:   4d d0 fc ff 48 8d 35 a6 fb ff ff 31 d2 48 89 ef
0x00007f8e7866b73f:   c7 80 14 01 00 00 01 00 00 00 48 89 a8 d8 00 00
0x00007f8e7866b74f:   00 48 89 c3 e8 f8 d4 fc ff 48 8d 35 c1 f4 25 00 

Register to memory mapping:

RAX=0x0000000000000000 is an unknown value
RBX=0x0000000000000000 is an unknown value
RCX=0x00007f8e908b9700 is pointing into the stack for thread: 0x0000000000f9c000
RDX=0x0000000000000000 is an unknown value
RSP=0x00007f8e908b7800 is pointing into the stack for thread: 0x0000000000f9c000
RBP=0x00007f8e7436d6f0 is an unknown value
RSI=0x00007f8e7866b2e0: <offset 0x512e0> in /usr/lib/x86_64-linux-gnu/libgdk-x11-2.0.so.0 at 0x00007f8e7861a000
RDI=0x00007f8e7436d6f0 is an unknown value
R8 =0x00007f8e7436f5e0 is an unknown value
R9 =0x0000000000000020 is an unknown value
R10=0x0000000000000000 is an unknown value
R11=0x0000000000000000 is an unknown value
R12=0x0000000000000000 is an unknown value
R13=0x00007f8e908b79f0 is pointing into the stack for thread: 0x0000000000f9c000
R14=0x00007f8e74119180 is an unknown value
R15=0x0000000000f9c000 is a thread


Stack: [0x00007f8e907b9000,0x00007f8e908ba000],  sp=0x00007f8e908b7800,  free space=1018k
Native frames: (J=compiled Java code, j=interpreted, Vv=VM code, C=native code)
C  [libgdk-x11-2.0.so.0+0x5173f]  gdk_display_open+0x3f

Java frames: (J=compiled Java code, j=interpreted, Vv=VM code)
j  org.eclipse.swt.internal.gtk.OS._gtk_init_check([J[J)Z+0
j  org.eclipse.swt.internal.gtk.OS.gtk_init_check([J[J)Z+9
j  org.eclipse.swt.widgets.Display.createDisplay(Lorg/eclipse/swt/graphics/DeviceData;)V+44
j  org.eclipse.swt.widgets.Display.create(Lorg/eclipse/swt/graphics/DeviceData;)V+18
j  org.eclipse.swt.graphics.Device.<init>(Lorg/eclipse/swt/graphics/DeviceData;)V+163
j  org.eclipse.swt.widgets.Display.<init>(Lorg/eclipse/swt/graphics/DeviceData;)V+2
j  org.eclipse.swt.widgets.Display.<init>()V+2
j  org.eclipse.ui.internal.Workbench.createDisplay()Lorg/eclipse/swt/widgets/Display;+81
j  org.eclipse.ui.PlatformUI.createDisplay()Lorg/eclipse/swt/widgets/Display;+0
j  org.eclipse.ui.internal.ide.application.IDEApplication.createDisplay()Lorg/eclipse/swt/widgets/Display;+0
j  org.eclipse.ui.internal.ide.application.IDEApplication.start(Lorg/eclipse/equinox/app/IApplicationContext;)Ljava/lang/Object;+1
j  org.eclipse.equinox.internal.app.EclipseAppHandle.run(Ljava/lang/Object;)Ljava/lang/Object;+135
j  org.eclipse.core.runtime.internal.adaptor.EclipseAppLauncher.runApplication(Ljava/lang/Object;)Ljava/lang/Object;+88
j  org.eclipse.core.runtime.internal.adaptor.EclipseAppLauncher.start(Ljava/lang/Object;)Ljava/lang/Object;+29
j  org.eclipse.core.runtime.adaptor.EclipseStarter.run(Ljava/lang/Object;)Ljava/lang/Object;+109
j  org.eclipse.core.runtime.adaptor.EclipseStarter.run([Ljava/lang/String;Ljava/lang/Runnable;)Ljava/lang/Object;+132
v  ~StubRoutines::call_stub
j  sun.reflect.NativeMethodAccessorImpl.invoke0(Ljava/lang/reflect/Method;Ljava/lang/Object;[Ljava/lang/Object;)Ljava/lang/Object;+0
j  sun.reflect.NativeMethodAccessorImpl.invoke(Ljava/lang/Object;[Ljava/lang/Object;)Ljava/lang/Object;+87
j  sun.reflect.DelegatingMethodAccessorImpl.invoke(Ljava/lang/Object;[Ljava/lang/Object;)Ljava/lang/Object;+6
j  java.lang.reflect.Method.invoke(Ljava/lang/Object;[Ljava/lang/Object;)Ljava/lang/Object;+57
j  org.eclipse.equinox.launcher.Main.invokeFramework([Ljava/lang/String;[Ljava/net/URL;)V+211
j  org.eclipse.equinox.launcher.Main.basicRun([Ljava/lang/String;)V+126
j  org.eclipse.equinox.launcher.Main.run([Ljava/lang/String;)I+4
j  org.eclipse.equinox.launcher.Main.main([Ljava/lang/String;)V+10
v  ~StubRoutines::call_stub

---------------  P R O C E S S  ---------------

Java Threads: ( => current thread )
  0x00007f8e74334800 JavaThread "EMF Reference Cleaner" daemon [_thread_blocked, id=25128, stack(0x00007f8e7960e000,0x00007f8e7970f000)]
  0x00007f8e7425e000 JavaThread "Worker-JM" [_thread_blocked, id=25126, stack(0x00007f8e79e4d000,0x00007f8e79f4e000)]
  0x00007f8e74326000 JavaThread "Bundle File Closer" daemon [_thread_blocked, id=25125, stack(0x00007f8e79a05000,0x00007f8e79b06000)]
  0x00007f8e74138000 JavaThread "[Timer] - Main Queue Handler" daemon [_thread_blocked, id=25124, stack(0x00007f8e79cf0000,0x00007f8e79df1000)]
  0x00007f8e84523800 JavaThread "Start Level: Equinox Container: 9021b0d9-b669-0013-1885-8706135a0e1a" daemon [_thread_blocked, id=25122, stack(0x00007f8e79f52000,0x00007f8e7a053000)]
  0x00007f8e8452e800 JavaThread "Framework Event Dispatcher: Equinox Container: 9021b0d9-b669-0013-1885-8706135a0e1a" daemon [_thread_blocked, id=25121, stack(0x00007f8e7a053000,0x00007f8e7a154000)]
  0x00007f8e84485800 JavaThread "Active Thread: Equinox Container: 9021b0d9-b669-0013-1885-8706135a0e1a" [_thread_blocked, id=25120, stack(0x00007f8e7a154000,0x00007f8e7a255000)]
  0x00007f8e84001800 JavaThread "Service Thread" daemon [_thread_blocked, id=25118, stack(0x00007f8e8307b000,0x00007f8e8317c000)]
  0x00000000010f3000 JavaThread "C2 CompilerThread1" daemon [_thread_in_native, id=25117, stack(0x00007f8e8317c000,0x00007f8e8327d000)]
  0x00000000010f0000 JavaThread "C2 CompilerThread0" daemon [_thread_in_native, id=25116, stack(0x00007f8e8327d000,0x00007f8e8337e000)]
  0x00000000010e6000 JavaThread "Signal Dispatcher" daemon [_thread_blocked, id=25115, stack(0x00007f8e8337e000,0x00007f8e8347f000)]
  0x00000000010ce800 JavaThread "Finalizer" daemon [_thread_blocked, id=25114, stack(0x00007f8e835f6000,0x00007f8e836f7000)]
  0x00000000010c5000 JavaThread "Reference Handler" daemon [_thread_blocked, id=25113, stack(0x00007f8e836f7000,0x00007f8e837f8000)]
=>0x0000000000f9c000 JavaThread "main" [_thread_in_native, id=25107, stack(0x00007f8e907b9000,0x00007f8e908ba000)]

Other Threads:
  0x00000000010c2800 VMThread [stack: 0x00007f8e837f8000,0x00007f8e838f9000] [id=25112]
  0x00007f8e8400c000 WatcherThread [stack: 0x00007f8e82f7a000,0x00007f8e8307b000] [id=25119]

VM state:not at safepoint (normal execution)

VM Mutex/Monitor currently owned by a thread: None

Heap
 PSYoungGen      total 23040K, used 18828K [0x00000000f5500000, 0x00000000f8e00000, 0x0000000100000000)
  eden space 21504K, 80% used [0x00000000f5500000,0x00000000f65e7250,0x00000000f6a00000)
  from space 1536K, 98% used [0x00000000f6a00000,0x00000000f6b7c020,0x00000000f6b80000)
  to   space 7680K, 0% used [0x00000000f8680000,0x00000000f8680000,0x00000000f8e00000)
 ParOldGen       total 27648K, used 16195K [0x00000000e0000000, 0x00000000e1b00000, 0x00000000f5500000)
  object space 27648K, 58% used [0x00000000e0000000,0x00000000e0fd0f48,0x00000000e1b00000)
 PSPermGen       total 21504K, used 15366K [0x00000000d0000000, 0x00000000d1500000, 0x00000000e0000000)
  object space 21504K, 71% used [0x00000000d0000000,0x00000000d0f01970,0x00000000d1500000)

Card table byte_map: [0x00007f8e8a9ff000,0x00007f8e8ab80000] byte_map_base: 0x00007f8e8a37f000

Polling page: 0x00007f8e908d8000

Code Cache  [0x00007f8e8ab80000, 0x00007f8e8adf0000, 0x00007f8e8db80000)
 total_blobs=781 nmethods=367 adapters=367 free_code_cache=47600Kb largest_free_block=48707328

Compilation events (10 events):
Event: 3,461 Thread 0x00000000010f0000 nmethod 366 0x00007f8e8ace1290 code [0x00007f8e8ace13c0, 0x00007f8e8ace1418]
Event: 3,461 Thread 0x00000000010f0000  367             org.eclipse.osgi.internal.serviceregistry.FilteredServiceListener::serviceChanged (280 bytes)
Event: 3,464 Thread 0x00000000010f3000 nmethod 363 0x00007f8e8acf25d0 code [0x00007f8e8acf2780, 0x00007f8e8acf31c8]
Event: 3,464 Thread 0x00000000010f3000  369             org.eclipse.osgi.framework.eventmgr.CopyOnWriteIdentityMap$Snapshot$SnapshotIterator::hasNext (15 bytes)
Event: 3,465 Thread 0x00000000010f3000 nmethod 369 0x00007f8e8acf0ed0 code [0x00007f8e8acf1000, 0x00007f8e8acf1058]
Event: 3,465 Thread 0x00000000010f3000  370             java.util.concurrent.locks.AbstractQueuedSynchronizer::compareAndSetState (13 bytes)
Event: 3,465 Thread 0x00000000010f3000 nmethod 370 0x00007f8e8acf0c90 code [0x00007f8e8acf0dc0, 0x00007f8e8acf0e18]
Event: 3,465 Thread 0x00000000010f3000  371             java.lang.Object::equals (11 bytes)
Event: 3,465 Thread 0x00000000010f3000 nmethod 371 0x00007f8e8acf5790 code [0x00007f8e8acf58c0, 0x00007f8e8acf5918]
Event: 3,465 Thread 0x00000000010f3000  372             java.util.HashMap::put (142 bytes)

GC Heap History (10 events):
Event: 0,598 GC heap before
{Heap before GC invocations=1 (full 0):
 PSYoungGen      total 12288K, used 10752K [0x00000000f5500000, 0x00000000f6280000, 0x0000000100000000)
  eden space 10752K, 100% used [0x00000000f5500000,0x00000000f5f80000,0x00000000f5f80000)
  from space 1536K, 0% used [0x00000000f6100000,0x00000000f6100000,0x00000000f6280000)
  to   space 1536K, 0% used [0x00000000f5f80000,0x00000000f5f80000,0x00000000f6100000)
 ParOldGen       total 27648K, used 0K [0x00000000e0000000, 0x00000000e1b00000, 0x00000000f5500000)
  object space 27648K, 0% used [0x00000000e0000000,0x00000000e0000000,0x00000000e1b00000)
 PSPermGen       total 21504K, used 5478K [0x00000000d0000000, 0x00000000d1500000, 0x00000000e0000000)
  object space 21504K, 25% used [0x00000000d0000000,0x00000000d0559a40,0x00000000d1500000)
Event: 0,603 GC heap after
Heap after GC invocations=1 (full 0):
 PSYoungGen      total 12288K, used 1536K [0x00000000f5500000, 0x00000000f6280000, 0x0000000100000000)
  eden space 10752K, 0% used [0x00000000f5500000,0x00000000f5500000,0x00000000f5f80000)
  from space 1536K, 100% used [0x00000000f5f80000,0x00000000f6100000,0x00000000f6100000)
  to   space 1536K, 0% used [0x00000000f6100000,0x00000000f6100000,0x00000000f6280000)
 ParOldGen       total 27648K, used 1179K [0x00000000e0000000, 0x00000000e1b00000, 0x00000000f5500000)
  object space 27648K, 4% used [0x00000000e0000000,0x00000000e0126ef0,0x00000000e1b00000)
 PSPermGen       total 21504K, used 5478K [0x00000000d0000000, 0x00000000d1500000, 0x00000000e0000000)
  object space 21504K, 25% used [0x00000000d0000000,0x00000000d0559a40,0x00000000d1500000)
}
Event: 0,884 GC heap before
{Heap before GC invocations=2 (full 0):
 PSYoungGen      total 12288K, used 12288K [0x00000000f5500000, 0x00000000f6280000, 0x0000000100000000)
  eden space 10752K, 100% used [0x00000000f5500000,0x00000000f5f80000,0x00000000f5f80000)
  from space 1536K, 100% used [0x00000000f5f80000,0x00000000f6100000,0x00000000f6100000)
  to   space 1536K, 0% used [0x00000000f6100000,0x00000000f6100000,0x00000000f6280000)
 ParOldGen       total 27648K, used 1179K [0x00000000e0000000, 0x00000000e1b00000, 0x00000000f5500000)
  object space 27648K, 4% used [0x00000000e0000000,0x00000000e0126ef0,0x00000000e1b00000)
 PSPermGen       total 21504K, used 6125K [0x00000000d0000000, 0x00000000d1500000, 0x00000000e0000000)
  object space 21504K, 28% used [0x00000000d0000000,0x00000000d05fb760,0x00000000d1500000)
Event: 0,894 GC heap after
Heap after GC invocations=2 (full 0):
 PSYoungGen      total 12288K, used 1520K [0x00000000f5500000, 0x00000000f6d00000, 0x0000000100000000)
  eden space 10752K, 0% used [0x00000000f5500000,0x00000000f5500000,0x00000000f5f80000)
  from space 1536K, 98% used [0x00000000f6100000,0x00000000f627c030,0x00000000f6280000)
  to   space 1536K, 0% used [0x00000000f5f80000,0x00000000f5f80000,0x00000000f6100000)
 ParOldGen       total 27648K, used 5615K [0x00000000e0000000, 0x00000000e1b00000, 0x00000000f5500000)
  object space 27648K, 20% used [0x00000000e0000000,0x00000000e057bd80,0x00000000e1b00000)
 PSPermGen       total 21504K, used 6125K [0x00000000d0000000, 0x00000000d1500000, 0x00000000e0000000)
  object space 21504K, 28% used [0x00000000d0000000,0x00000000d05fb760,0x00000000d1500000)
}
Event: 1,274 GC heap before
{Heap before GC invocations=3 (full 0):
 PSYoungGen      total 12288K, used 12272K [0x00000000f5500000, 0x00000000f6d00000, 0x0000000100000000)
  eden space 10752K, 100% used [0x00000000f5500000,0x00000000f5f80000,0x00000000f5f80000)
  from space 1536K, 98% used [0x00000000f6100000,0x00000000f627c030,0x00000000f6280000)
  to   space 1536K, 0% used [0x00000000f5f80000,0x00000000f5f80000,0x00000000f6100000)
 ParOldGen       total 27648K, used 5615K [0x00000000e0000000, 0x00000000e1b00000, 0x00000000f5500000)
  object space 27648K, 20% used [0x00000000e0000000,0x00000000e057bd80,0x00000000e1b00000)
 PSPermGen       total 21504K, used 7983K [0x00000000d0000000, 0x00000000d1500000, 0x00000000e0000000)
  object space 21504K, 37% used [0x00000000d0000000,0x00000000d07cbfb8,0x00000000d1500000)
Event: 1,283 GC heap after
Heap after GC invocations=3 (full 0):
 PSYoungGen      total 12288K, used 1504K [0x00000000f5500000, 0x00000000f6d00000, 0x0000000100000000)
  eden space 10752K, 0% used [0x00000000f5500000,0x00000000f5500000,0x00000000f5f80000)
  from space 1536K, 97% used [0x00000000f5f80000,0x00000000f60f8010,0x00000000f6100000)
  to   space 1536K, 0% used [0x00000000f6b80000,0x00000000f6b80000,0x00000000f6d00000)
 ParOldGen       total 27648K, used 7644K [0x00000000e0000000, 0x00000000e1b00000, 0x00000000f5500000)
  object space 27648K, 27% used [0x00000000e0000000,0x00000000e0777020,0x00000000e1b00000)
 PSPermGen       total 21504K, used 7983K [0x00000000d0000000, 0x00000000d1500000, 0x00000000e0000000)
  object space 21504K, 37% used [0x00000000d0000000,0x00000000d07cbfb8,0x00000000d1500000)
}
Event: 1,929 GC heap before
{Heap before GC invocations=4 (full 0):
 PSYoungGen      total 12288K, used 12256K [0x00000000f5500000, 0x00000000f6d00000, 0x0000000100000000)
  eden space 10752K, 100% used [0x00000000f5500000,0x00000000f5f80000,0x00000000f5f80000)
  from space 1536K, 97% used [0x00000000f5f80000,0x00000000f60f8010,0x00000000f6100000)
  to   space 1536K, 0% used [0x00000000f6b80000,0x00000000f6b80000,0x00000000f6d00000)
 ParOldGen       total 27648K, used 7644K [0x00000000e0000000, 0x00000000e1b00000, 0x00000000f5500000)
  object space 27648K, 27% used [0x00000000e0000000,0x00000000e0777020,0x00000000e1b00000)
 PSPermGen       total 21504K, used 10521K [0x00000000d0000000, 0x00000000d1500000, 0x00000000e0000000)
  object space 21504K, 48% used [0x00000000d0000000,0x00000000d0a466c0,0x00000000d1500000)
Event: 1,937 GC heap after
Heap after GC invocations=4 (full 0):
 PSYoungGen      total 23040K, used 1520K [0x00000000f5500000, 0x00000000f6d00000, 0x0000000100000000)
  eden space 21504K, 0% used [0x00000000f5500000,0x00000000f5500000,0x00000000f6a00000)
  from space 1536K, 98% used [0x00000000f6b80000,0x00000000f6cfc020,0x00000000f6d00000)
  to   space 1536K, 0% used [0x00000000f6a00000,0x00000000f6a00000,0x00000000f6b80000)
 ParOldGen       total 27648K, used 10600K [0x00000000e0000000, 0x00000000e1b00000, 0x00000000f5500000)
  object space 27648K, 38% used [0x00000000e0000000,0x00000000e0a5a190,0x00000000e1b00000)
 PSPermGen       total 21504K, used 10521K [0x00000000d0000000, 0x00000000d1500000, 0x00000000e0000000)
  object space 21504K, 48% used [0x00000000d0000000,0x00000000d0a466c0,0x00000000d1500000)
}
Event: 2,566 GC heap before
{Heap before GC invocations=5 (full 0):
 PSYoungGen      total 23040K, used 23024K [0x00000000f5500000, 0x00000000f6d00000, 0x0000000100000000)
  eden space 21504K, 100% used [0x00000000f5500000,0x00000000f6a00000,0x00000000f6a00000)
  from space 1536K, 98% used [0x00000000f6b80000,0x00000000f6cfc020,0x00000000f6d00000)
  to   space 1536K, 0% used [0x00000000f6a00000,0x00000000f6a00000,0x00000000f6b80000)
 ParOldGen       total 27648K, used 10600K [0x00000000e0000000, 0x00000000e1b00000, 0x00000000f5500000)
  object space 27648K, 38% used [0x00000000e0000000,0x00000000e0a5a190,0x00000000e1b00000)
 PSPermGen       total 21504K, used 10588K [0x00000000d0000000, 0x00000000d1500000, 0x00000000e0000000)
  object space 21504K, 49% used [0x00000000d0000000,0x00000000d0a570d8,0x00000000d1500000)
Event: 2,578 GC heap after
Heap after GC invocations=5 (full 0):
 PSYoungGen      total 23040K, used 1520K [0x00000000f5500000, 0x00000000f8e00000, 0x0000000100000000)
  eden space 21504K, 0% used [0x00000000f5500000,0x00000000f5500000,0x00000000f6a00000)
  from space 1536K, 98% used [0x00000000f6a00000,0x00000000f6b7c020,0x00000000f6b80000)
  to   space 7680K, 0% used [0x00000000f8680000,0x00000000f8680000,0x00000000f8e00000)
 ParOldGen       total 27648K, used 16195K [0x00000000e0000000, 0x00000000e1b00000, 0x00000000f5500000)
  object space 27648K, 58% used [0x00000000e0000000,0x00000000e0fd0f48,0x00000000e1b00000)
 PSPermGen       total 21504K, used 10588K [0x00000000d0000000, 0x00000000d1500000, 0x00000000e0000000)
  object space 21504K, 49% used [0x00000000d0000000,0x00000000d0a570d8,0x00000000d1500000)
}

Deoptimization events (10 events):
Event: 3,107 Thread 0x0000000000f9c000 Uncommon trap: reason=unreached action=reinterpret pc=0x00007f8e8abf1d48 method=org.eclipse.core.internal.registry.ReferenceMap.get(I)Ljava/lang/Object; @ 43
Event: 3,174 Thread 0x0000000000f9c000 Uncommon trap: reason=class_check action=maybe_recompile pc=0x00007f8e8ac35584 method=java.io.FilterInputStream.read()I @ 4
Event: 3,174 Thread 0x0000000000f9c000 Uncommon trap: reason=class_check action=maybe_recompile pc=0x00007f8e8ac35584 method=java.io.FilterInputStream.read()I @ 4
Event: 3,174 Thread 0x0000000000f9c000 Uncommon trap: reason=class_check action=maybe_recompile pc=0x00007f8e8ac063b8 method=java.io.DataInputStream.readByte()B @ 4
Event: 3,174 Thread 0x0000000000f9c000 Uncommon trap: reason=class_check action=maybe_recompile pc=0x00007f8e8ac35584 method=java.io.FilterInputStream.read()I @ 4
Event: 3,174 Thread 0x0000000000f9c000 Uncommon trap: reason=class_check action=maybe_recompile pc=0x00007f8e8ac063b8 method=java.io.DataInputStream.readByte()B @ 4
Event: 3,174 Thread 0x0000000000f9c000 Uncommon trap: reason=class_check action=maybe_recompile pc=0x00007f8e8ac35584 method=java.io.FilterInputStream.read()I @ 4
Event: 3,174 Thread 0x0000000000f9c000 Uncommon trap: reason=class_check action=maybe_recompile pc=0x00007f8e8ac063b8 method=java.io.DataInputStream.readByte()B @ 4
Event: 3,174 Thread 0x0000000000f9c000 Uncommon trap: reason=class_check action=maybe_recompile pc=0x00007f8e8ac063b8 method=java.io.DataInputStream.readByte()B @ 4
Event: 3,177 Thread 0x0000000000f9c000 Uncommon trap: reason=class_check action=maybe_recompile pc=0x00007f8e8ac0f0f4 method=java.io.DataInputStream.readInt()I @ 4

Internal exceptions (10 events):
Event: 0,962 Thread 0x0000000000f9c000 Threw 0x00000000f579a778 at /HUDSON/workspace/7u-2-build-linux-amd64/jdk7u45/229/hotspot/src/share/vm/prims/jvm.cpp:1244
Event: 1,311 Thread 0x00007f8e8452e800 Implicit null exception at 0x00007f8e8ac3243b to 0x00007f8e8ac32509
Event: 1,315 Thread 0x00007f8e84523800 Implicit null exception at 0x00007f8e8ac36c52 to 0x00007f8e8ac36dbd
Event: 2,471 Thread 0x00007f8e84523800 Implicit null exception at 0x00007f8e8ac8aa8d to 0x00007f8e8ac8dbd1
Event: 2,837 Thread 0x00007f8e84523800 Threw 0x00000000f5bd6fd8 at /HUDSON/workspace/7u-2-build-linux-amd64/jdk7u45/229/hotspot/src/share/vm/prims/jni.cpp:717
Event: 2,886 Thread 0x00007f8e84523800 Threw 0x00000000f5ceb9d0 at /HUDSON/workspace/7u-2-build-linux-amd64/jdk7u45/229/hotspot/src/share/vm/prims/jni.cpp:717
Event: 3,463 Thread 0x0000000000f9c000 Threw 0x00000000f65be348 at /HUDSON/workspace/7u-2-build-linux-amd64/jdk7u45/229/hotspot/src/share/vm/prims/jvm.cpp:3730
Event: 3,463 Thread 0x0000000000f9c000 Threw 0x00000000f65be348 at /HUDSON/workspace/7u-2-build-linux-amd64/jdk7u45/229/hotspot/src/share/vm/prims/jni.cpp:717
Event: 3,465 Thread 0x0000000000f9c000 Threw 0x00000000f65c2838 at /HUDSON/workspace/7u-2-build-linux-amd64/jdk7u45/229/hotspot/src/share/vm/prims/jvm.cpp:3730
Event: 3,465 Thread 0x0000000000f9c000 Threw 0x00000000f65c2838 at /HUDSON/workspace/7u-2-build-linux-amd64/jdk7u45/229/hotspot/src/share/vm/prims/jni.cpp:717

Events (10 events):
Event: 3,291 loading class 0x000000000187d730 done
Event: 3,302 Thread 0x00007f8e74334800 Thread added: 0x00007f8e74334800
Event: 3,309 loading class 0x000000000122dd50
Event: 3,309 loading class 0x000000000122dd50 done
Event: 3,351 loading class 0x00007f8e740d1170
Event: 3,351 loading class 0x00007f8e740d1170 done
Event: 3,457 loading class 0x000000000139c950
Event: 3,457 loading class 0x000000000139c950 done
Event: 3,463 loading class 0x00007f8e88b01c90
Event: 3,463 loading class 0x00007f8e88b01c90 done


Dynamic libraries:
00400000-00401000 r-xp 00000000 08:05 1583859                            /usr/lib/jvm/java-7-oracle/jre/bin/java
00600000-00601000 rw-p 00000000 08:05 1583859                            /usr/lib/jvm/java-7-oracle/jre/bin/java
00f90000-0218f000 rw-p 00000000 00:00 0                                  [heap]
d0000000-d1500000 rw-p 00000000 00:00 0 
d1500000-e0000000 rw-p 00000000 00:00 0 
e0000000-e1b00000 rw-p 00000000 00:00 0 
e1b00000-f5500000 rw-p 00000000 00:00 0 
f5500000-f8e00000 rw-p 00000000 00:00 0 
f8e00000-100000000 rw-p 00000000 00:00 0 
7f8e74000000-7f8e7441b000 rw-p 00000000 00:00 0 
7f8e7441b000-7f8e78000000 ---p 00000000 00:00 0 
7f8e7861a000-7f8e786c9000 r-xp 00000000 08:05 1582462                    /usr/lib/x86_64-linux-gnu/libgdk-x11-2.0.so.0.2400.10
7f8e786c9000-7f8e788c8000 ---p 000af000 08:05 1582462                    /usr/lib/x86_64-linux-gnu/libgdk-x11-2.0.so.0.2400.10
7f8e788c8000-7f8e788cd000 rw-p 000ae000 08:05 1582462                    /usr/lib/x86_64-linux-gnu/libgdk-x11-2.0.so.0.2400.10
7f8e788cd000-7f8e788d2000 r-xp 00000000 08:05 1583631                    /usr/lib/x86_64-linux-gnu/libXtst.so.6.1.0
7f8e788d2000-7f8e78ad1000 ---p 00005000 08:05 1583631                    /usr/lib/x86_64-linux-gnu/libXtst.so.6.1.0
7f8e78ad1000-7f8e78ad2000 rw-p 00004000 08:05 1583631                    /usr/lib/x86_64-linux-gnu/libXtst.so.6.1.0
7f8e78ad2000-7f8e78f04000 r-xp 00000000 08:05 1582442                    /usr/lib/x86_64-linux-gnu/libgtk-x11-2.0.so.0.2400.10
7f8e78f04000-7f8e79104000 ---p 00432000 08:05 1582442                    /usr/lib/x86_64-linux-gnu/libgtk-x11-2.0.so.0.2400.10
7f8e79104000-7f8e7910f000 rw-p 00432000 08:05 1582442                    /usr/lib/x86_64-linux-gnu/libgtk-x11-2.0.so.0.2400.10
7f8e7910f000-7f8e79111000 rw-p 00000000 00:00 0 
7f8e79111000-7f8e79183000 r-xp 00000000 08:05 4984654                    /home/emmanuel/programmes/eclipse_lambda/configuration/org.eclipse.osgi/195/0/.cp/libswt-pi-gtk-4413.so
7f8e79183000-7f8e79382000 ---p 00072000 08:05 4984654                    /home/emmanuel/programmes/eclipse_lambda/configuration/org.eclipse.osgi/195/0/.cp/libswt-pi-gtk-4413.so
7f8e79382000-7f8e79385000 rw-p 00071000 08:05 4984654                    /home/emmanuel/programmes/eclipse_lambda/configuration/org.eclipse.osgi/195/0/.cp/libswt-pi-gtk-4413.so
7f8e79385000-7f8e79387000 rw-p 00000000 00:00 0 
7f8e79387000-7f8e79405000 r-xp 00000000 08:05 4984647                    /home/emmanuel/programmes/eclipse_lambda/configuration/org.eclipse.osgi/195/0/.cp/libswt-gtk-4413.so
7f8e79405000-7f8e79604000 ---p 0007e000 08:05 4984647                    /home/emmanuel/programmes/eclipse_lambda/configuration/org.eclipse.osgi/195/0/.cp/libswt-gtk-4413.so
7f8e79604000-7f8e7960c000 rw-p 0007d000 08:05 4984647                    /home/emmanuel/programmes/eclipse_lambda/configuration/org.eclipse.osgi/195/0/.cp/libswt-gtk-4413.so
7f8e7960c000-7f8e7960e000 rw-p 00000000 00:00 0 
7f8e7960e000-7f8e79611000 ---p 00000000 00:00 0 
7f8e79611000-7f8e7970f000 rw-p 00000000 00:00 0 
7f8e7970f000-7f8e79752000 r--s 0036b000 08:05 5381709                    /home/emmanuel/programmes/eclipse_lambda/plugins/org.eclipse.ui.workbench_3.105.100.v20131211-1321.jar
7f8e79752000-7f8e7975c000 r--s 0005a000 08:05 5379850                    /home/emmanuel/programmes/eclipse_lambda/plugins/org.eclipse.ui.navigator_3.5.300.v20130517-0139.jar
7f8e7975c000-7f8e79784000 r--s 0021d000 08:05 5381702                    /home/emmanuel/programmes/eclipse_lambda/plugins/org.eclipse.ui.ide_3.10.0.v20131209-2059.jar
7f8e79784000-7f8e7978f000 r--s 00082000 08:05 5379835                    /home/emmanuel/programmes/eclipse_lambda/plugins/org.eclipse.ui.editors_3.8.100.v20130513-1637.jar
7f8e7978f000-7f8e797ab000 r--s 00144000 08:05 5379825                    /home/emmanuel/programmes/eclipse_lambda/plugins/org.eclipse.team.ui_3.7.100.v20130710-1213.jar
7f8e797ab000-7f8e797c9000 r--s 00180000 08:05 5379823                    /home/emmanuel/programmes/eclipse_lambda/plugins/org.eclipse.team.cvs.ui_3.3.600.v20130514-1224.jar
7f8e797c9000-7f8e797d2000 r--s 0005a000 08:05 5379817                    /home/emmanuel/programmes/eclipse_lambda/plugins/org.eclipse.team.core_3.7.0.v20130514-1224.jar
7f8e797d2000-7f8e797e7000 r--s 00259000 08:05 5381691                    /home/emmanuel/programmes/eclipse_lambda/plugins/org.eclipse.swt.gtk.linux.x86_64_3.103.0.v20131212-1946.jar
7f8e797e7000-7f8e797f1000 r--s 0006a000 08:05 5381688                    /home/emmanuel/programmes/eclipse_lambda/plugins/org.eclipse.search_3.9.100.v20131121-1332.jar
7f8e797f1000-7f8e79908000 r--s 020ac000 08:05 5381684                    /home/emmanuel/programmes/eclipse_lambda/plugins/org.eclipse.platform.doc.isv_4.4.0.v20131029-1424.jar
7f8e79908000-7f8e79954000 r--s 003e2000 08:05 5381682                    /home/emmanuel/programmes/eclipse_lambda/plugins/org.eclipse.pde.ui_3.8.100.v20131107-1819.jar
7f8e79954000-7f8e799eb000 r--s 00955000 08:05 5381637                    /home/emmanuel/programmes/eclipse_lambda/plugins/org.eclipse.jdt.ui_3.9.100.v20131211-1758.jar
7f8e799ee000-7f8e799f2000 r--s 00025000 08:05 5379833                    /home/emmanuel/programmes/eclipse_lambda/plugins/org.eclipse.ui.console_3.5.300.v20130819-1716.jar
7f8e799f2000-7f8e79a05000 r--s 007c7000 08:05 5381685                    /home/emmanuel/programmes/eclipse_lambda/plugins/org.eclipse.platform.doc.user_4.4.0.v20131128-1053.jar
7f8e79a05000-7f8e79a08000 ---p 00000000 00:00 0 
7f8e79a08000-7f8e79b06000 rw-p 00000000 00:00 0 
7f8e79b09000-7f8e79b14000 r--s 0007c000 08:05 5379804                    /home/emmanuel/programmes/eclipse_lambda/plugins/org.eclipse.pde.ui.templates_3.4.700.v20130711-1655.jar
7f8e79b14000-7f8e79b1d000 r--s 0005e000 08:05 5379801                    /home/emmanuel/programmes/eclipse_lambda/plugins/org.eclipse.pde.ua.ui_1.0.300.v20130830-1837.jar
7f8e79b1d000-7f8e79b37000 r--s 00599000 08:05 5381679                    /home/emmanuel/programmes/eclipse_lambda/plugins/org.eclipse.pde.doc.user_3.10.0.v20131002-1917.jar
7f8e79b37000-7f8e79b48000 r--s 00118000 08:05 5381677                    /home/emmanuel/programmes/eclipse_lambda/plugins/org.eclipse.pde.core_3.10.0.v20131015-1544.jar
7f8e79b48000-7f8e79b4c000 r--s 0005b000 08:05 5644476                    /home/emmanuel/programmes/eclipse_lambda/plugins/org.eclipse.pde.build_3.9.0.v20131003-1506/pdebuild.jar
7f8e79b4c000-7f8e79b56000 r--s 0006e000 08:05 5381674                    /home/emmanuel/programmes/eclipse_lambda/plugins/org.eclipse.pde.api.tools.ui_1.0.500.v20131106-1704.jar
7f8e79b56000-7f8e79b60000 r--s 000d1000 08:05 5381672                    /home/emmanuel/programmes/eclipse_lambda/plugins/org.eclipse.pde.api.tools_1.0.600.v20131210-0248.jar
7f8e79b60000-7f8e79b64000 r--s 00013000 08:05 5381666                    /home/emmanuel/programmes/eclipse_lambda/plugins/org.eclipse.osgi.services_3.4.0.v20131120-1328.jar
7f8e79b64000-7f8e79b6e000 r--s 00066000 08:05 5379771                    /home/emmanuel/programmes/eclipse_lambda/plugins/org.eclipse.ltk.ui.refactoring_3.7.100.v20130605-1748.jar
7f8e79b6e000-7f8e79b75000 r--s 00049000 08:05 5381661                    /home/emmanuel/programmes/eclipse_lambda/plugins/org.eclipse.ltk.core.refactoring_3.6.100.v20130812-0601.jar
7f8e79b75000-7f8e79b88000 r--s 000e0000 08:05 5381655                    /home/emmanuel/programmes/eclipse_lambda/plugins/org.eclipse.jface.text_3.9.0.v20131210-1348.jar
7f8e79b88000-7f8e79b9d000 r--s 000fb000 08:05 5381653                    /home/emmanuel/programmes/eclipse_lambda/plugins/org.eclipse.jface_3.10.0.v20131209-1448.jar
7f8e79bc4000-7f8e79bce000 r--s 00250000 08:05 1589403                    /usr/lib/jvm/java-7-oracle/jre/lib/resources.jar
7f8e79bcf000-7f8e79bd4000 r--s 00045000 08:05 5381651                    /home/emmanuel/programmes/eclipse_lambda/plugins/org.eclipse.jetty.util_8.1.12.v20130726.jar
7f8e79bd4000-7f8e79bd6000 r--s 00019000 08:05 5381649                    /home/emmanuel/programmes/eclipse_lambda/plugins/org.eclipse.jetty.servlet_8.1.12.v20130726.jar
7f8e79bd6000-7f8e79bdc000 r--s 00054000 08:05 5381647                    /home/emmanuel/programmes/eclipse_lambda/plugins/org.eclipse.jetty.server_8.1.12.v20130726.jar
7f8e79c23000-7f8e79c32000 r--p 00000000 08:05 1582310                    /usr/share/locale/fr/LC_MESSAGES/gtk20.mo
7f8e79c32000-7f8e79c34000 r--s 0000b000 08:05 5379555                    /home/emmanuel/programmes/eclipse_lambda/plugins/org.eclipse.e4.core.di_1.3.0.v20130514-1256.jar
7f8e79c34000-7f8e79c3b000 r--s 0004f000 08:05 5381531                    /home/emmanuel/programmes/eclipse_lambda/plugins/org.eclipse.emf.common_2.10.0.v20131209-0519.jar
7f8e79c3b000-7f8e79c43000 r--s 00057000 08:05 5381505                    /home/emmanuel/programmes/eclipse_lambda/plugins/org.eclipse.e4.ui.model.workbench_1.1.0.v20131211-1414.jar
7f8e79c43000-7f8e79c46000 r--s 00018000 08:05 5379509                    /home/emmanuel/programmes/eclipse_lambda/plugins/org.eclipse.core.commands_3.6.100.v20130515-1857.jar
7f8e79c46000-7f8e79c94000 r--s 008b6000 08:05 5379391                    /home/emmanuel/programmes/eclipse_lambda/plugins/com.ibm.icu_50.1.1.v201304230130.jar
7f8e79c94000-7f8e79c96000 r--s 0000d000 08:05 5379483                    /home/emmanuel/programmes/eclipse_lambda/plugins/org.apache.felix.gogo.command_0.10.0.v201209301215.jar
7f8e79c96000-7f8e79c98000 r--s 0000e000 08:05 5379487                    /home/emmanuel/programmes/eclipse_lambda/plugins/org.apache.felix.gogo.shell_0.10.0.v201212101605.jar
7f8e79c98000-7f8e79c9b000 r--s 0002d000 08:05 5381537                    /home/emmanuel/programmes/eclipse_lambda/plugins/org.eclipse.equinox.ds_1.4.200.v20131126-2331.jar
7f8e79c9b000-7f8e79c9d000 r--s 0001b000 08:05 5381535                    /home/emmanuel/programmes/eclipse_lambda/plugins/org.eclipse.equinox.console_1.1.0.v20131021-1843.jar
7f8e79c9d000-7f8e79ca0000 r--s 0000f000 08:05 5381552                    /home/emmanuel/programmes/eclipse_lambda/plugins/org.eclipse.equinox.p2.core_2.3.0.v20131211-1531.jar
7f8e79ca0000-7f8e79ca2000 r--s 00007000 08:05 5381558                    /home/emmanuel/programmes/eclipse_lambda/plugins/org.eclipse.equinox.p2.directorywatcher_1.1.0.v20131211-1531.jar
7f8e79ca2000-7f8e79ca5000 r--s 0002a000 08:05 5379691                    /home/emmanuel/programmes/eclipse_lambda/plugins/org.eclipse.equinox.registry_3.5.400.v20130717-1325.jar
7f8e79ca5000-7f8e79ca7000 r--s 00002000 08:05 5381484                    /home/emmanuel/programmes/eclipse_lambda/plugins/org.eclipse.core.runtime.compatibility.registry_3.5.300.v20130916-1243/runtime_registry_compatibility.jar
7f8e79ca7000-7f8e79ca8000 r--s 0000b000 08:05 5381583                    /home/emmanuel/programmes/eclipse_lambda/plugins/org.eclipse.equinox.p2.reconciler.dropins_1.1.200.v20131119-0908.jar
7f8e79ca8000-7f8e79ca9000 r--s 00002000 08:05 5379582                    /home/emmanuel/programmes/eclipse_lambda/plugins/org.eclipse.e4.ui.workbench3_0.12.0.v20130515-1857.jar
7f8e79ca9000-7f8e79caa000 r--s 00007000 08:05 5381539                    /home/emmanuel/programmes/eclipse_lambda/plugins/org.eclipse.equinox.event_1.3.100.v20131021-1935.jar
7f8e79caa000-7f8e79cac000 r--s 00012000 08:05 5379485                    /home/emmanuel/programmes/eclipse_lambda/plugins/org.apache.felix.gogo.runtime_0.10.0.v201209301036.jar
7f8e79cac000-7f8e79cae000 r--s 00015000 08:05 5379538                    /home/emmanuel/programmes/eclipse_lambda/plugins/org.eclipse.core.runtime.compatibility_3.2.200.v20130326-1255.jar
7f8e79cae000-7f8e79cb1000 r--s 00013000 08:05 5379605                    /home/emmanuel/programmes/eclipse_lambda/plugins/org.eclipse.equinox.app_1.3.200.v20130910-1609.jar
7f8e79cb1000-7f8e79cb3000 r--s 00015000 08:05 5379530                    /home/emmanuel/programmes/eclipse_lambda/plugins/org.eclipse.core.jobs_3.5.400.v20130717-1327.jar
7f8e79cb3000-7f8e79cb5000 r--s 00011000 08:05 5381476                    /home/emmanuel/programmes/eclipse_lambda/plugins/org.eclipse.core.runtime_3.10.0.v20131008-1415.jar
7f8e79cb5000-7f8e79cb7000 r--s 00015000 08:05 5379511                    /home/emmanuel/programmes/eclipse_lambda/plugins/org.eclipse.core.contenttype_3.4.200.v20130326-1255.jar
7f8e79cb7000-7f8e79cba000 r--s 0001c000 08:05 5379689                    /home/emmanuel/programmes/eclipse_lambda/plugins/org.eclipse.equinox.preferences_3.5.100.v20130422-1538.jar
7f8e79cba000-7f8e79cbd000 r--s 00018000 08:05 5379609                    /home/emmanuel/programmes/eclipse_lambda/plugins/org.eclipse.equinox.common_3.6.200.v20130402-1505.jar
7f8e79cbd000-7f8e79cc2000 r--s 00011000 08:05 5379878                    /home/emmanuel/programmes/eclipse_lambda/plugins/org.w3c.dom.svg_1.1.0.v201011041433.jar
7f8e79cc2000-7f8e79cc4000 r--s 00002000 08:05 5381722                    /home/emmanuel/programmes/eclipse_lambda/plugins/org.w3c.dom.events_3.0.0.draft20060413_v201105210656.jar
7f8e79cc4000-7f8e79cc6000 r--s 00007000 08:05 5379876                    /home/emmanuel/programmes/eclipse_lambda/plugins/org.w3c.css.sac_1.3.1.v200903091627.jar
7f8e79cc6000-7f8e79ccb000 r--s 00037000 08:05 5379875                    /home/emmanuel/programmes/eclipse_lambda/plugins/org.sat4j.pb_2.3.5.v201308161310.jar
7f8e79ccb000-7f8e79cd1000 r--s 00053000 08:05 5379874                    /home/emmanuel/programmes/eclipse_lambda/plugins/org.sat4j.core_2.3.5.v201308161310.jar
7f8e79cd1000-7f8e79cd6000 r--s 00033000 08:05 5379873                    /home/emmanuel/programmes/eclipse_lambda/plugins/org.objectweb.asm_3.3.1.v201105211655.jar
7f8e79cd6000-7f8e79cd8000 r--s 0000c000 08:05 5379870                    /home/emmanuel/programmes/eclipse_lambda/plugins/org.hamcrest.core_1.3.0.v201303031735.jar
7f8e79cd8000-7f8e79cda000 r--s 00017000 08:05 5379868                    /home/emmanuel/programmes/eclipse_lambda/plugins/org.eclipse.update.configurator_3.3.200.v20130326-1319.jar
7f8e79cda000-7f8e79ce5000 r--s 00084000 08:05 5379864                    /home/emmanuel/programmes/eclipse_lambda/plugins/org.eclipse.ui.workbench.texteditor_3.9.0.v20130802-0858.jar
7f8e79ce5000-7f8e79ce8000 r--s 00017000 08:05 5379859                    /home/emmanuel/programmes/eclipse_lambda/plugins/org.eclipse.ui.views.properties.tabbed_3.6.0.v20130515-1857.jar
7f8e79ce8000-7f8e79cec000 r--s 0001f000 08:05 5381707                    /home/emmanuel/programmes/eclipse_lambda/plugins/org.eclipse.ui.views.log_1.0.500.v20131119-1419.jar
7f8e79cec000-7f8e79cf0000 r--s 0001a000 08:05 5379848                    /home/emmanuel/programmes/eclipse_lambda/plugins/org.eclipse.ui.navigator.resources_3.4.600.v20130910-0816.jar
7f8e79cf0000-7f8e79cf3000 ---p 00000000 00:00 0 
7f8e79cf3000-7f8e79df1000 rw-p 00000000 00:00 0 
7f8e79df1000-7f8e79df4000 r--s 00014000 08:05 5379861                    /home/emmanuel/programmes/eclipse_lambda/plugins/org.eclipse.ui.views_3.6.100.v20130326-1250.jar
7f8e79df4000-7f8e79df6000 r--s 00015000 08:05 5768078                    /home/emmanuel/programmes/eclipse_lambda/plugins/org.eclipse.ui.intro.universal_3.2.700.v20130904-1701/universal.jar
7f8e79df6000-7f8e79dfc000 r--s 00046000 08:05 5379846                    /home/emmanuel/programmes/eclipse_lambda/plugins/org.eclipse.ui.intro_3.4.200.v20130326-1254.jar
7f8e79dfc000-7f8e79dff000 r--s 0000e000 08:05 5381703                    /home/emmanuel/programmes/eclipse_lambda/plugins/org.eclipse.ui.ide.application_1.0.500.v20131212-1138.jar
7f8e79dff000-7f8e79e04000 r--s 00045000 08:05 5379839                    /home/emmanuel/programmes/eclipse_lambda/plugins/org.eclipse.ui.forms_3.6.100.v20130910-1539.jar
7f8e79e04000-7f8e79e08000 r--s 0001f000 08:05 5381700                    /home/emmanuel/programmes/eclipse_lambda/plugins/org.eclipse.ui.externaltools_3.2.300.v20131205-1340.jar
7f8e79e08000-7f8e79e10000 r--s 00049000 08:05 5379831                    /home/emmanuel/programmes/eclipse_lambda/plugins/org.eclipse.ui.cheatsheets_3.4.200.v20130326-1254.jar
7f8e79e10000-7f8e79e15000 r--s 0002b000 08:05 5381698                    /home/emmanuel/programmes/eclipse_lambda/plugins/org.eclipse.ui.browser_3.4.200.v20131003-1453.jar
7f8e79e15000-7f8e79e19000 r--s 00022000 08:05 5381697                    /home/emmanuel/programmes/eclipse_lambda/plugins/org.eclipse.ui_3.106.0.v20131211-1321.jar
7f8e79e19000-7f8e79e22000 r--s 00086000 08:05 5381693                    /home/emmanuel/programmes/eclipse_lambda/plugins/org.eclipse.team.cvs.core_3.3.600.v20131112-1442.jar
7f8e79e22000-7f8e79e25000 r--s 00016000 08:05 5381659                    /home/emmanuel/programmes/eclipse_lambda/plugins/org.eclipse.jsch.ui_1.1.500.v20131112-1442.jar
7f8e79e25000-7f8e79e2d000 r--s 0003c000 08:05 5379759                    /home/emmanuel/programmes/eclipse_lambda/plugins/org.eclipse.jface.databinding_1.6.200.v20130515-1857.jar
7f8e79e2d000-7f8e79e2f000 r--s 0000f000 08:05 5379855                    /home/emmanuel/programmes/eclipse_lambda/plugins/org.eclipse.ui.trace_1.0.200.v20130729-2117.jar
7f8e79e2f000-7f8e79e34000 r--s 00038000 08:05 5379827                    /home/emmanuel/programmes/eclipse_lambda/plugins/org.eclipse.text_3.5.300.v20130515-1451.jar
7f8e79e34000-7f8e79e38000 r--s 00017000 08:05 5379799                    /home/emmanuel/programmes/eclipse_lambda/plugins/org.eclipse.pde.ua.core_1.0.300.v20130402-1757.jar
7f8e79e38000-7f8e79e3d000 r--s 00023000 08:05 5379797                    /home/emmanuel/programmes/eclipse_lambda/plugins/org.eclipse.pde.runtime_3.4.400.v20130830-1837.jar
7f8e79e3d000-7f8e79e42000 r--s 0002a000 08:05 5379791                    /home/emmanuel/programmes/eclipse_lambda/plugins/org.eclipse.pde.ds.ui_1.0.300.v20130507-2057.jar
7f8e79e42000-7f8e79e44000 r--s 00010000 08:05 5381671                    /home/emmanuel/programmes/eclipse_lambda/plugins/org.eclipse.pde_3.8.200.v20131212-1600.jar
7f8e79e44000-7f8e79e47000 r--s 00016000 08:05 5381645                    /home/emmanuel/programmes/eclipse_lambda/plugins/org.eclipse.jetty.security_8.1.12.v20130726.jar
7f8e79e47000-7f8e79e49000 r--s 0001a000 08:05 5381643                    /home/emmanuel/programmes/eclipse_lambda/plugins/org.eclipse.jetty.io_8.1.12.v20130726.jar
7f8e79e49000-7f8e79e4b000 r--s 00008000 08:05 5381657                    /home/emmanuel/programmes/eclipse_lambda/plugins/org.eclipse.jsch.core_1.1.500.v20131112-1442.jar
7f8e79e4b000-7f8e79e4d000 r--s 00018000 08:05 5381641                    /home/emmanuel/programmes/eclipse_lambda/plugins/org.eclipse.jetty.http_8.1.12.v20130726.jar
7f8e79e4d000-7f8e79e50000 ---p 00000000 00:00 0 
7f8e79e50000-7f8e79f4e000 rw-p 00000000 00:00 0 
7f8e79f4e000-7f8e79f50000 r--s 0001b000 08:05 5381680                    /home/emmanuel/programmes/eclipse_lambda/plugins/org.eclipse.pde.launching_3.6.200.v20131106-1803.jar
7f8e79f50000-7f8e79f52000 r--s 00004000 08:05 5379793                    /home/emmanuel/programmes/eclipse_lambda/plugins/org.eclipse.pde.junit.runtime_3.4.400.v20130904-2020.jar
7f8e79f52000-7f8e79f55000 ---p 00000000 00:00 0 
7f8e79f55000-7f8e7a053000 rw-p 00000000 00:00 0 
7f8e7a053000-7f8e7a056000 ---p 00000000 00:00 0 
7f8e7a056000-7f8e7a154000 rw-p 00000000 00:00 0 
7f8e7a154000-7f8e7a157000 ---p 00000000 00:00 0 
7f8e7a157000-7f8e7a255000 rw-p 00000000 00:00 0 
7f8e7a255000-7f8e7a265000 r-xp 00000000 08:05 1589378                    /usr/lib/jvm/java-7-oracle/jre/lib/amd64/libnio.so
7f8e7a265000-7f8e7a465000 ---p 00010000 08:05 1589378                    /usr/lib/jvm/java-7-oracle/jre/lib/amd64/libnio.so
7f8e7a465000-7f8e7a466000 rw-p 00010000 08:05 1589378                    /usr/lib/jvm/java-7-oracle/jre/lib/amd64/libnio.so
7f8e7a466000-7f8e7a47c000 r-xp 00000000 08:05 1589335                    /usr/lib/jvm/java-7-oracle/jre/lib/amd64/libnet.so
7f8e7a47c000-7f8e7a67c000 ---p 00016000 08:05 1589335                    /usr/lib/jvm/java-7-oracle/jre/lib/amd64/libnet.so
7f8e7a67c000-7f8e7a67d000 rw-p 00016000 08:05 1589335                    /usr/lib/jvm/java-7-oracle/jre/lib/amd64/libnet.so
7f8e7a67d000-7f8e7a6e1000 rw-p 00000000 00:00 0 
7f8e7a6e1000-7f8e7a6e4000 r-xp 00000000 08:05 1709045                    /usr/lib/x86_64-linux-gnu/gdk-pixbuf-2.0/2.10.0/loaders/libpixbufloader-bmp.so
7f8e7a6e4000-7f8e7a8e4000 ---p 00003000 08:05 1709045                    /usr/lib/x86_64-linux-gnu/gdk-pixbuf-2.0/2.10.0/loaders/libpixbufloader-bmp.so
7f8e7a8e4000-7f8e7a8e5000 r--p 00003000 08:05 1709045                    /usr/lib/x86_64-linux-gnu/gdk-pixbuf-2.0/2.10.0/loaders/libpixbufloader-bmp.so
7f8e7a8e5000-7f8e7a8e6000 rw-p 00004000 08:05 1709045                    /usr/lib/x86_64-linux-gnu/gdk-pixbuf-2.0/2.10.0/loaders/libpixbufloader-bmp.so
7f8e7a8e6000-7f8e7a905000 r--s 00000000 08:05 1840787                    /usr/share/mime/mime.cache
7f8e7a905000-7f8e7a90d000 r-xp 00000000 08:05 3014676                    /lib/x86_64-linux-gnu/libcrypt-2.13.so
7f8e7a90d000-7f8e7ab0c000 ---p 00008000 08:05 3014676                    /lib/x86_64-linux-gnu/libcrypt-2.13.so
7f8e7ab0c000-7f8e7ab0d000 r--p 00007000 08:05 3014676                    /lib/x86_64-linux-gnu/libcrypt-2.13.so
7f8e7ab0d000-7f8e7ab0e000 rw-p 00008000 08:05 3014676                    /lib/x86_64-linux-gnu/libcrypt-2.13.so
7f8e7ab0e000-7f8e7ab3c000 rw-p 00000000 00:00 0 
7f8e7ab3c000-7f8e7ab45000 r-xp 00000000 08:05 1578259                    /usr/lib/x86_64-linux-gnu/libltdl.so.7.3.0
7f8e7ab45000-7f8e7ad44000 ---p 00009000 08:05 1578259                    /usr/lib/x86_64-linux-gnu/libltdl.so.7.3.0
7f8e7ad44000-7f8e7ad45000 rw-p 00008000 08:05 1578259                    /usr/lib/x86_64-linux-gnu/libltdl.so.7.3.0
7f8e7ad45000-7f8e7ad56000 r-xp 00000000 08:05 1581278                    /usr/lib/x86_64-linux-gnu/libtdb.so.1.2.10
7f8e7ad56000-7f8e7af55000 ---p 00011000 08:05 1581278                    /usr/lib/x86_64-linux-gnu/libtdb.so.1.2.10
7f8e7af55000-7f8e7af56000 rw-p 00010000 08:05 1581278                    /usr/lib/x86_64-linux-gnu/libtdb.so.1.2.10
7f8e7af56000-7f8e7af5c000 r-xp 00000000 08:05 1581274                    /usr/lib/x86_64-linux-gnu/libogg.so.0.8.0
7f8e7af5c000-7f8e7b15b000 ---p 00006000 08:05 1581274                    /usr/lib/x86_64-linux-gnu/libogg.so.0.8.0
7f8e7b15b000-7f8e7b15c000 rw-p 00005000 08:05 1581274                    /usr/lib/x86_64-linux-gnu/libogg.so.0.8.0
7f8e7b15c000-7f8e7b188000 r-xp 00000000 08:05 1581282                    /usr/lib/x86_64-linux-gnu/libvorbis.so.0.4.5
7f8e7b188000-7f8e7b387000 ---p 0002c000 08:05 1581282                    /usr/lib/x86_64-linux-gnu/libvorbis.so.0.4.5
7f8e7b387000-7f8e7b388000 r--p 0002b000 08:05 1581282                    /usr/lib/x86_64-linux-gnu/libvorbis.so.0.4.5
7f8e7b388000-7f8e7b389000 rw-p 0002c000 08:05 1581282                    /usr/lib/x86_64-linux-gnu/libvorbis.so.0.4.5
7f8e7b389000-7f8e7b391000 r-xp 00000000 08:05 1581288                    /usr/lib/x86_64-linux-gnu/libvorbisfile.so.3.3.4
7f8e7b391000-7f8e7b590000 ---p 00008000 08:05 1581288                    /usr/lib/x86_64-linux-gnu/libvorbisfile.so.3.3.4
7f8e7b590000-7f8e7b591000 r--p 00007000 08:05 1581288                    /usr/lib/x86_64-linux-gnu/libvorbisfile.so.3.3.4
7f8e7b591000-7f8e7b592000 rw-p 00008000 08:05 1581288                    /usr/lib/x86_64-linux-gnu/libvorbisfile.so.3.3.4
7f8e7b592000-7f8e7b596000 r-xp 00000000 08:05 1581300                    /usr/lib/x86_64-linux-gnu/libcanberra-gtk3.so.0.1.8
7f8e7b596000-7f8e7b795000 ---p 00004000 08:05 1581300                    /usr/lib/x86_64-linux-gnu/libcanberra-gtk3.so.0.1.8
7f8e7b795000-7f8e7b796000 r--p 00003000 08:05 1581300                    /usr/lib/x86_64-linux-gnu/libcanberra-gtk3.so.0.1.8
7f8e7b796000-7f8e7b797000 rw-p 00004000 08:05 1581300                    /usr/lib/x86_64-linux-gnu/libcanberra-gtk3.so.0.1.8
7f8e7b797000-7f8e7b7a7000 r-xp 00000000 08:05 1581294                    /usr/lib/x86_64-linux-gnu/libcanberra.so.0.2.5
7f8e7b7a7000-7f8e7b9a6000 ---p 00010000 08:05 1581294                    /usr/lib/x86_64-linux-gnu/libcanberra.so.0.2.5
7f8e7b9a6000-7f8e7b9a7000 r--p 0000f000 08:05 1581294                    /usr/lib/x86_64-linux-gnu/libcanberra.so.0.2.5
7f8e7b9a7000-7f8e7b9a8000 rw-p 00010000 08:05 1581294                    /usr/lib/x86_64-linux-gnu/libcanberra.so.0.2.5
7f8e7b9a8000-7f8e7b9ad000 r-xp 00000000 08:05 2504272                    /usr/lib/x86_64-linux-gnu/gtk-3.0/modules/libcanberra-gtk3-module.so
7f8e7b9ad000-7f8e7bbac000 ---p 00005000 08:05 2504272                    /usr/lib/x86_64-linux-gnu/gtk-3.0/modules/libcanberra-gtk3-module.so
7f8e7bbac000-7f8e7bbad000 r--p 00004000 08:05 2504272                    /usr/lib/x86_64-linux-gnu/gtk-3.0/modules/libcanberra-gtk3-module.so
7f8e7bbad000-7f8e7bbae000 rw-p 00005000 08:05 2504272                    /usr/lib/x86_64-linux-gnu/gtk-3.0/modules/libcanberra-gtk3-module.so
7f8e7bbae000-7f8e7bbd0000 r-xp 00000000 08:05 3014696                    /lib/x86_64-linux-gnu/liblzma.so.5.0.0
7f8e7bbd0000-7f8e7bdcf000 ---p 00022000 08:05 3014696                    /lib/x86_64-linux-gnu/liblzma.so.5.0.0
7f8e7bdcf000-7f8e7bdd0000 r--p 00021000 08:05 3014696                    /lib/x86_64-linux-gnu/liblzma.so.5.0.0
7f8e7bdd0000-7f8e7bdd1000 rw-p 00022000 08:05 3014696                    /lib/x86_64-linux-gnu/liblzma.so.5.0.0
7f8e7bdd1000-7f8e7bf27000 r-xp 00000000 08:05 1575824                    /usr/lib/x86_64-linux-gnu/libxml2.so.2.8.0
7f8e7bf27000-7f8e7bf28000 ---p 00156000 08:05 1575824                    /usr/lib/x86_64-linux-gnu/libxml2.so.2.8.0
7f8e7bf28000-7f8e7bf30000 r--p 00156000 08:05 1575824                    /usr/lib/x86_64-linux-gnu/libxml2.so.2.8.0
7f8e7bf30000-7f8e7bf32000 rw-p 0015e000 08:05 1575824                    /usr/lib/x86_64-linux-gnu/libxml2.so.2.8.0
7f8e7bf32000-7f8e7bf33000 rw-p 00000000 00:00 0 
7f8e7bf33000-7f8e7bf6a000 r-xp 00000000 08:05 1579099                    /usr/lib/x86_64-linux-gnu/libcroco-0.6.so.3.0.1
7f8e7bf6a000-7f8e7c16a000 ---p 00037000 08:05 1579099                    /usr/lib/x86_64-linux-gnu/libcroco-0.6.so.3.0.1
7f8e7c16a000-7f8e7c16d000 r--p 00037000 08:05 1579099                    /usr/lib/x86_64-linux-gnu/libcroco-0.6.so.3.0.1
7f8e7c16d000-7f8e7c16e000 rw-p 0003a000 08:05 1579099                    /usr/lib/x86_64-linux-gnu/libcroco-0.6.so.3.0.1
7f8e7c16e000-7f8e7c1a3000 r-xp 00000000 08:05 1575695                    /usr/lib/x86_64-linux-gnu/librsvg-2.so.2.36.1
7f8e7c1a3000-7f8e7c3a2000 ---p 00035000 08:05 1575695                    /usr/lib/x86_64-linux-gnu/librsvg-2.so.2.36.1
7f8e7c3a2000-7f8e7c3a3000 r--p 00034000 08:05 1575695                    /usr/lib/x86_64-linux-gnu/librsvg-2.so.2.36.1
7f8e7c3a3000-7f8e7c3a4000 rw-p 00035000 08:05 1575695                    /usr/lib/x86_64-linux-gnu/librsvg-2.so.2.36.1
7f8e7c3a4000-7f8e7c3a8000 r-xp 00000000 08:05 1584719                    /usr/lib/gtk-3.0/3.0.0/theming-engines/libadwaita.so
7f8e7c3a8000-7f8e7c5a8000 ---p 00004000 08:05 1584719                    /usr/lib/gtk-3.0/3.0.0/theming-engines/libadwaita.so
7f8e7c5a8000-7f8e7c5a9000 r--p 00004000 08:05 1584719                    /usr/lib/gtk-3.0/3.0.0/theming-engines/libadwaita.so
7f8e7c5a9000-7f8e7c5aa000 rw-p 00005000 08:05 1584719                    /usr/lib/gtk-3.0/3.0.0/theming-engines/libadwaita.so
7f8e7c5aa000-7f8e7c5d8000 r-xp 00000000 08:05 1585720                    /usr/lib/x86_64-linux-gnu/libbluray.so.1.1.0
7f8e7c5d8000-7f8e7c7d8000 ---p 0002e000 08:05 1585720                    /usr/lib/x86_64-linux-gnu/libbluray.so.1.1.0
7f8e7c7d8000-7f8e7c7d9000 r--p 0002e000 08:05 1585720                    /usr/lib/x86_64-linux-gnu/libbluray.so.1.1.0
7f8e7c7d9000-7f8e7c7da000 rw-p 0002f000 08:05 1585720                    /usr/lib/x86_64-linux-gnu/libbluray.so.1.1.0
7f8e7c7da000-7f8e7c7dc000 r-xp 00000000 08:05 3014664                    /lib/x86_64-linux-gnu/libutil-2.13.so
7f8e7c7dc000-7f8e7c9db000 ---p 00002000 08:05 3014664                    /lib/x86_64-linux-gnu/libutil-2.13.so
7f8e7c9db000-7f8e7c9dc000 r--p 00001000 08:05 3014664                    /lib/x86_64-linux-gnu/libutil-2.13.so
7f8e7c9dc000-7f8e7c9dd000 rw-p 00002000 08:05 3014664                    /lib/x86_64-linux-gnu/libutil-2.13.so
7f8e7c9dd000-7f8e7c9ea000 r-xp 00000000 08:05 3014982                    /lib/x86_64-linux-gnu/libudev.so.0.13.0
7f8e7c9ea000-7f8e7cbea000 ---p 0000d000 08:05 3014982                    /lib/x86_64-linux-gnu/libudev.so.0.13.0
7f8e7cbea000-7f8e7cbeb000 r--p 0000d000 08:05 3014982                    /lib/x86_64-linux-gnu/libudev.so.0.13.0
7f8e7cbeb000-7f8e7cbec000 rw-p 0000e000 08:05 3014982                    /lib/x86_64-linux-gnu/libudev.so.0.13.0
7f8e7cbec000-7f8e7cc30000 r-xp 00000000 08:05 3014808                    /lib/x86_64-linux-gnu/libdbus-1.so.3.7.2
7f8e7cc30000-7f8e7ce30000 ---p 00044000 08:05 3014808                    /lib/x86_64-linux-gnu/libdbus-1.so.3.7.2
7f8e7ce30000-7f8e7ce31000 r--p 00044000 08:05 3014808                    /lib/x86_64-linux-gnu/libdbus-1.so.3.7.2
7f8e7ce31000-7f8e7ce32000 rw-p 00045000 08:05 3014808                    /lib/x86_64-linux-gnu/libdbus-1.so.3.7.2
7f8e7ce32000-7f8e7ce33000 r--s 00003000 08:05 5379877                    /home/emmanuel/programmes/eclipse_lambda/plugins/org.w3c.dom.smil_1.0.0.v200806040011.jar
7f8e7ce33000-7f8e7ce34000 r--s 00006000 08:05 5381669                    /home/emmanuel/programmes/eclipse_lambda/plugins/org.eclipse.osgi.util_3.3.0.v20131023-1243.jar
7f8e7ce34000-7f8e7ce36000 r--s 0000a000 08:05 5379852                    /home/emmanuel/programmes/eclipse_lambda/plugins/org.eclipse.ui.net_1.2.200.v20120807-0927.jar
7f8e7ce36000-7f8e7ce37000 r--s 00006000 08:05 5381695                    /home/emmanuel/programmes/eclipse_lambda/plugins/org.eclipse.team.cvs.ssh2_3.2.400.v20131112-1442.jar
7f8e7ce37000-7f8e7ce39000 r--s 0000c000 08:05 5379789                    /home/emmanuel/programmes/eclipse_lambda/plugins/org.eclipse.pde.ds.core_1.0.300.v20130514-1232.jar
7f8e7ce39000-7f8e7ce4d000 r--s 0011d000 08:05 5381663                    /home/emmanuel/programmes/eclipse_lambda/plugins/org.eclipse.osgi_3.10.0.v20131210-2136.jar
7f8e7ce4d000-7f8e7ce65000 r-xp 00000000 08:05 2497678                    /usr/lib/x86_64-linux-gnu/gvfs/libgvfscommon.so
7f8e7ce65000-7f8e7d064000 ---p 00018000 08:05 2497678                    /usr/lib/x86_64-linux-gnu/gvfs/libgvfscommon.so
7f8e7d064000-7f8e7d065000 r--p 00017000 08:05 2497678                    /usr/lib/x86_64-linux-gnu/gvfs/libgvfscommon.so
7f8e7d065000-7f8e7d066000 rw-p 00018000 08:05 2497678                    /usr/lib/x86_64-linux-gnu/gvfs/libgvfscommon.so
7f8e7d066000-7f8e7d08f000 r-xp 00000000 08:05 1710470                    /usr/lib/x86_64-linux-gnu/gio/modules/libgvfsdbus.so
7f8e7d08f000-7f8e7d28f000 ---p 00029000 08:05 1710470                    /usr/lib/x86_64-linux-gnu/gio/modules/libgvfsdbus.so
7f8e7d28f000-7f8e7d290000 r--p 00029000 08:05 1710470                    /usr/lib/x86_64-linux-gnu/gio/modules/libgvfsdbus.so
7f8e7d290000-7f8e7d291000 rw-p 0002a000 08:05 1710470                    /usr/lib/x86_64-linux-gnu/gio/modules/libgvfsdbus.so
7f8e7d291000-7f8e7d2ee000 r--p 00000000 08:05 2228641                    /usr/share/themes/Adwaita/gtk-3.0/gtk.gresource
7f8e7d2ee000-7f8e7d30f000 r-xp 00000000 08:05 1579449                    /usr/lib/x86_64-linux-gnu/libatk-1.0.so.0.20409.1
7f8e7d30f000-7f8e7d50e000 ---p 00021000 08:05 1579449                    /usr/lib/x86_64-linux-gnu/libatk-1.0.so.0.20409.1
7f8e7d50e000-7f8e7d510000 r--p 00020000 08:05 1579449                    /usr/lib/x86_64-linux-gnu/libatk-1.0.so.0.20409.1
7f8e7d510000-7f8e7d511000 rw-p 00022000 08:05 1579449                    /usr/lib/x86_64-linux-gnu/libatk-1.0.so.0.20409.1
7f8e7d511000-7f8e7d98f000 r-xp 00000000 08:05 1576866                    /usr/lib/x86_64-linux-gnu/libgtk-3.so.0.400.2
7f8e7d98f000-7f8e7db8e000 ---p 0047e000 08:05 1576866                    /usr/lib/x86_64-linux-gnu/libgtk-3.so.0.400.2
7f8e7db8e000-7f8e7db95000 r--p 0047d000 08:05 1576866                    /usr/lib/x86_64-linux-gnu/libgtk-3.so.0.400.2
7f8e7db95000-7f8e7db9a000 rw-p 00484000 08:05 1576866                    /usr/lib/x86_64-linux-gnu/libgtk-3.so.0.400.2
7f8e7db9a000-7f8e7db9c000 rw-p 00000000 00:00 0 
7f8e7db9c000-7f8e7dba1000 r-xp 00000000 08:05 1576499                    /usr/lib/x86_64-linux-gnu/libXdmcp.so.6.0.0
7f8e7dba1000-7f8e7dda0000 ---p 00005000 08:05 1576499                    /usr/lib/x86_64-linux-gnu/libXdmcp.so.6.0.0
7f8e7dda0000-7f8e7dda1000 rw-p 00004000 08:05 1576499                    /usr/lib/x86_64-linux-gnu/libXdmcp.so.6.0.0
7f8e7dda1000-7f8e7dda3000 r-xp 00000000 08:05 1576497                    /usr/lib/x86_64-linux-gnu/libXau.so.6.0.0
7f8e7dda3000-7f8e7dfa3000 ---p 00002000 08:05 1576497                    /usr/lib/x86_64-linux-gnu/libXau.so.6.0.0
7f8e7dfa3000-7f8e7dfa4000 rw-p 00002000 08:05 1576497                    /usr/lib/x86_64-linux-gnu/libXau.so.6.0.0
7f8e7dfa4000-7f8e7dfe0000 r-xp 00000000 08:05 3015199                    /lib/x86_64-linux-gnu/libpcre.so.3.13.1
7f8e7dfe0000-7f8e7e1e0000 ---p 0003c000 08:05 3015199                    /lib/x86_64-linux-gnu/libpcre.so.3.13.1
7f8e7e1e0000-7f8e7e1e1000 rw-p 0003c000 08:05 3015199                    /lib/x86_64-linux-gnu/libpcre.so.3.13.1
7f8e7e1e1000-7f8e7e1ed000 r-xp 00000000 08:05 1576272                    /usr/lib/x86_64-linux-gnu/libffi.so.5.0.10
7f8e7e1ed000-7f8e7e3ed000 ---p 0000c000 08:05 1576272                    /usr/lib/x86_64-linux-gnu/libffi.so.5.0.10
7f8e7e3ed000-7f8e7e3ee000 rw-p 0000c000 08:05 1576272                    /usr/lib/x86_64-linux-gnu/libffi.so.5.0.10
7f8e7e3ee000-7f8e7e3ef000 r-xp 00000000 08:05 1576275                    /usr/lib/x86_64-linux-gnu/libgthread-2.0.so.0.3200.4
7f8e7e3ef000-7f8e7e5ee000 ---p 00001000 08:05 1576275                    /usr/lib/x86_64-linux-gnu/libgthread-2.0.so.0.3200.4
7f8e7e5ee000-7f8e7e5ef000 r--p 00000000 08:05 1576275                    /usr/lib/x86_64-linux-gnu/libgthread-2.0.so.0.3200.4
7f8e7e5ef000-7f8e7e5f0000 rw-p 00001000 08:05 1576275                    /usr/lib/x86_64-linux-gnu/libgthread-2.0.so.0.3200.4
7f8e7e5f0000-7f8e7e617000 r-xp 00000000 08:05 3017293                    /lib/x86_64-linux-gnu/libexpat.so.1.6.0
7f8e7e617000-7f8e7e817000 ---p 00027000 08:05 3017293                    /lib/x86_64-linux-gnu/libexpat.so.1.6.0
7f8e7e817000-7f8e7e819000 r--p 00027000 08:05 3017293                    /lib/x86_64-linux-gnu/libexpat.so.1.6.0
7f8e7e819000-7f8e7e81a000 rw-p 00029000 08:05 3017293                    /lib/x86_64-linux-gnu/libexpat.so.1.6.0
7f8e7e81a000-7f8e7e839000 r-xp 00000000 08:05 1576501                    /usr/lib/x86_64-linux-gnu/libxcb.so.1.1.0
7f8e7e839000-7f8e7ea38000 ---p 0001f000 08:05 1576501                    /usr/lib/x86_64-linux-gnu/libxcb.so.1.1.0
7f8e7ea38000-7f8e7ea39000 r--p 0001e000 08:05 1576501                    /usr/lib/x86_64-linux-gnu/libxcb.so.1.1.0
7f8e7ea39000-7f8e7ea3a000 rw-p 0001f000 08:05 1576501                    /usr/lib/x86_64-linux-gnu/libxcb.so.1.1.0
7f8e7ea3a000-7f8e7ea42000 r-xp 00000000 08:05 1578413                    /usr/lib/x86_64-linux-gnu/libxcb-render.so.0.0.0
7f8e7ea42000-7f8e7ec42000 ---p 00008000 08:05 1578413                    /usr/lib/x86_64-linux-gnu/libxcb-render.so.0.0.0
7f8e7ec42000-7f8e7ec43000 r--p 00008000 08:05 1578413                    /usr/lib/x86_64-linux-gnu/libxcb-render.so.0.0.0
7f8e7ec43000-7f8e7ec44000 rw-p 00009000 08:05 1578413                    /usr/lib/x86_64-linux-gnu/libxcb-render.so.0.0.0
7f8e7ec44000-7f8e7ec46000 r-xp 00000000 08:05 1578415                    /usr/lib/x86_64-linux-gnu/libxcb-shm.so.0.0.0
7f8e7ec46000-7f8e7ee45000 ---p 00002000 08:05 1578415                    /usr/lib/x86_64-linux-gnu/libxcb-shm.so.0.0.0
7f8e7ee45000-7f8e7ee46000 r--p 00001000 08:05 1578415                    /usr/lib/x86_64-linux-gnu/libxcb-shm.so.0.0.0
7f8e7ee46000-7f8e7ee47000 rw-p 00002000 08:05 1578415                    /usr/lib/x86_64-linux-gnu/libxcb-shm.so.0.0.0
7f8e7ee47000-7f8e7eec7000 r-xp 00000000 08:05 1578411                    /usr/lib/x86_64-linux-gnu/libpixman-1.so.0.26.0
7f8e7eec7000-7f8e7f0c7000 ---p 00080000 08:05 1578411                    /usr/lib/x86_64-linux-gnu/libpixman-1.so.0.26.0
7f8e7f0c7000-7f8e7f0cd000 rw-p 00080000 08:05 1578411                    /usr/lib/x86_64-linux-gnu/libpixman-1.so.0.26.0
7f8e7f0cd000-7f8e7f0d6000 r-xp 00000000 08:05 1578417                    /usr/lib/x86_64-linux-gnu/libXrender.so.1.3.0
7f8e7f0d6000-7f8e7f2d5000 ---p 00009000 08:05 1578417                    /usr/lib/x86_64-linux-gnu/libXrender.so.1.3.0
7f8e7f2d5000-7f8e7f2d6000 rw-p 00008000 08:05 1578417                    /usr/lib/x86_64-linux-gnu/libXrender.so.1.3.0
7f8e7f2d6000-7f8e7f2e9000 r-xp 00000000 08:05 3014677                    /lib/x86_64-linux-gnu/libresolv-2.13.so
7f8e7f2e9000-7f8e7f4e8000 ---p 00013000 08:05 3014677                    /lib/x86_64-linux-gnu/libresolv-2.13.so
7f8e7f4e8000-7f8e7f4e9000 r--p 00012000 08:05 3014677                    /lib/x86_64-linux-gnu/libresolv-2.13.so
7f8e7f4e9000-7f8e7f4ea000 rw-p 00013000 08:05 3014677                    /lib/x86_64-linux-gnu/libresolv-2.13.so
7f8e7f4ea000-7f8e7f4ec000 rw-p 00000000 00:00 0 
7f8e7f4ec000-7f8e7f50a000 r-xp 00000000 08:05 3014702                    /lib/x86_64-linux-gnu/libselinux.so.1
7f8e7f50a000-7f8e7f709000 ---p 0001e000 08:05 3014702                    /lib/x86_64-linux-gnu/libselinux.so.1
7f8e7f709000-7f8e7f70a000 r--p 0001d000 08:05 3014702                    /lib/x86_64-linux-gnu/libselinux.so.1
7f8e7f70a000-7f8e7f70b000 rw-p 0001e000 08:05 3014702                    /lib/x86_64-linux-gnu/libselinux.so.1
7f8e7f70b000-7f8e7f70c000 rw-p 00000000 00:00 0 
7f8e7f70c000-7f8e7f722000 r-xp 00000000 08:05 3014746                    /lib/x86_64-linux-gnu/libz.so.1.2.7
7f8e7f722000-7f8e7f921000 ---p 00016000 08:05 3014746                    /lib/x86_64-linux-gnu/libz.so.1.2.7
7f8e7f921000-7f8e7f922000 r--p 00015000 08:05 3014746                    /lib/x86_64-linux-gnu/libz.so.1.2.7
7f8e7f922000-7f8e7f923000 rw-p 00016000 08:05 3014746                    /lib/x86_64-linux-gnu/libz.so.1.2.7
7f8e7f923000-7f8e7f949000 r-xp 00000000 08:05 3015207                    /lib/x86_64-linux-gnu/libpng12.so.0.49.0
7f8e7f949000-7f8e7fb48000 ---p 00026000 08:05 3015207                    /lib/x86_64-linux-gnu/libpng12.so.0.49.0
7f8e7fb48000-7f8e7fb49000 r--p 00025000 08:05 3015207                    /lib/x86_64-linux-gnu/libpng12.so.0.49.0
7f8e7fb49000-7f8e7fb4a000 rw-p 00026000 08:05 3015207                    /lib/x86_64-linux-gnu/libpng12.so.0.49.0
7f8e7fb4a000-7f8e7fb4d000 r-xp 00000000 08:05 1576276                    /usr/lib/x86_64-linux-gnu/libgmodule-2.0.so.0.3200.4
7f8e7fb4d000-7f8e7fd4c000 ---p 00003000 08:05 1576276                    /usr/lib/x86_64-linux-gnu/libgmodule-2.0.so.0.3200.4
7f8e7fd4c000-7f8e7fd4d000 r--p 00002000 08:05 1576276                    /usr/lib/x86_64-linux-gnu/libgmodule-2.0.so.0.3200.4
7f8e7fd4d000-7f8e7fd4e000 rw-p 00003000 08:05 1576276                    /usr/lib/x86_64-linux-gnu/libgmodule-2.0.so.0.3200.4
7f8e7fd4e000-7f8e7fe43000 r-xp 00000000 08:05 3015205                    /lib/x86_64-linux-gnu/libglib-2.0.so.0.3200.4
7f8e7fe43000-7f8e80043000 ---p 000f5000 08:05 3015205                    /lib/x86_64-linux-gnu/libglib-2.0.so.0.3200.4
7f8e80043000-7f8e80044000 r--p 000f5000 08:05 3015205                    /lib/x86_64-linux-gnu/libglib-2.0.so.0.3200.4
7f8e80044000-7f8e80045000 rw-p 000f6000 08:05 3015205                    /lib/x86_64-linux-gnu/libglib-2.0.so.0.3200.4
7f8e80045000-7f8e80046000 rw-p 00000000 00:00 0 
7f8e80046000-7f8e80094000 r-xp 00000000 08:05 1576274                    /usr/lib/x86_64-linux-gnu/libgobject-2.0.so.0.3200.4
7f8e80094000-7f8e80294000 ---p 0004e000 08:05 1576274                    /usr/lib/x86_64-linux-gnu/libgobject-2.0.so.0.3200.4
7f8e80294000-7f8e80295000 r--p 0004e000 08:05 1576274                    /usr/lib/x86_64-linux-gnu/libgobject-2.0.so.0.3200.4
7f8e80295000-7f8e80296000 rw-p 0004f000 08:05 1576274                    /usr/lib/x86_64-linux-gnu/libgobject-2.0.so.0.3200.4
7f8e80296000-7f8e802cb000 r-xp 00000000 08:05 1576490                    /usr/lib/x86_64-linux-gnu/libfontconfig.so.1.5.0
7f8e802cb000-7f8e804cb000 ---p 00035000 08:05 1576490                    /usr/lib/x86_64-linux-gnu/libfontconfig.so.1.5.0
7f8e804cb000-7f8e804cc000 r--p 00035000 08:05 1576490                    /usr/lib/x86_64-linux-gnu/libfontconfig.so.1.5.0
7f8e804cc000-7f8e804cd000 rw-p 00036000 08:05 1576490                    /usr/lib/x86_64-linux-gnu/libfontconfig.so.1.5.0
7f8e804cd000-7f8e80566000 r-xp 00000000 08:05 1576477                    /usr/lib/x86_64-linux-gnu/libfreetype.so.6.8.1
7f8e80566000-7f8e80765000 ---p 00099000 08:05 1576477                    /usr/lib/x86_64-linux-gnu/libfreetype.so.6.8.1
7f8e80765000-7f8e8076b000 r--p 00098000 08:05 1576477                    /usr/lib/x86_64-linux-gnu/libfreetype.so.6.8.1
7f8e8076b000-7f8e8076c000 rw-p 0009e000 08:05 1576477                    /usr/lib/x86_64-linux-gnu/libfreetype.so.6.8.1
7f8e8076c000-7f8e807b6000 r-xp 00000000 08:05 1579147                    /usr/lib/x86_64-linux-gnu/libpango-1.0.so.0.3000.0
7f8e807b6000-7f8e809b6000 ---p 0004a000 08:05 1579147                    /usr/lib/x86_64-linux-gnu/libpango-1.0.so.0.3000.0
7f8e809b6000-7f8e809b8000 r--p 0004a000 08:05 1579147                    /usr/lib/x86_64-linux-gnu/libpango-1.0.so.0.3000.0
7f8e809b8000-7f8e809b9000 rw-p 0004c000 08:05 1579147                    /usr/lib/x86_64-linux-gnu/libpango-1.0.so.0.3000.0
7f8e809b9000-7f8e809e3000 r-xp 00000000 08:05 1579155                    /usr/lib/x86_64-linux-gnu/libpangoft2-1.0.so.0.3000.0
7f8e809e3000-7f8e80be2000 ---p 0002a000 08:05 1579155                    /usr/lib/x86_64-linux-gnu/libpangoft2-1.0.so.0.3000.0
7f8e80be2000-7f8e80be3000 r--p 00029000 08:05 1579155                    /usr/lib/x86_64-linux-gnu/libpangoft2-1.0.so.0.3000.0
7f8e80be3000-7f8e80be4000 rw-p 0002a000 08:05 1579155                    /usr/lib/x86_64-linux-gnu/libpangoft2-1.0.so.0.3000.0
7f8e80be4000-7f8e80d19000 r-xp 00000000 08:05 1578252                    /usr/lib/x86_64-linux-gnu/libX11.so.6.3.0
7f8e80d19000-7f8e80f19000 ---p 00135000 08:05 1578252                    /usr/lib/x86_64-linux-gnu/libX11.so.6.3.0
7f8e80f19000-7f8e80f1f000 rw-p 00135000 08:05 1578252                    /usr/lib/x86_64-linux-gnu/libX11.so.6.3.0
7f8e80f1f000-7f8e81013000 r-xp 00000000 08:05 1578419                    /usr/lib/x86_64-linux-gnu/libcairo.so.2.11200.2
7f8e81013000-7f8e81212000 ---p 000f4000 08:05 1578419                    /usr/lib/x86_64-linux-gnu/libcairo.so.2.11200.2
7f8e81212000-7f8e81215000 r--p 000f3000 08:05 1578419                    /usr/lib/x86_64-linux-gnu/libcairo.so.2.11200.2
7f8e81215000-7f8e81216000 rw-p 000f6000 08:05 1578419                    /usr/lib/x86_64-linux-gnu/libcairo.so.2.11200.2
7f8e81216000-7f8e81218000 rw-p 00000000 00:00 0 
7f8e81218000-7f8e8121d000 r-xp 00000000 08:05 1579493                    /usr/lib/x86_64-linux-gnu/libXfixes.so.3.1.0
7f8e8121d000-7f8e8141c000 ---p 00005000 08:05 1579493                    /usr/lib/x86_64-linux-gnu/libXfixes.so.3.1.0
7f8e8141c000-7f8e8141d000 r--p 00004000 08:05 1579493                    /usr/lib/x86_64-linux-gnu/libXfixes.so.3.1.0
7f8e8141d000-7f8e8141e000 rw-p 00005000 08:05 1579493                    /usr/lib/x86_64-linux-gnu/libXfixes.so.3.1.0
7f8e8141e000-7f8e81420000 r-xp 00000000 08:05 1579497                    /usr/lib/x86_64-linux-gnu/libXdamage.so.1.1.0
7f8e81420000-7f8e8161f000 ---p 00002000 08:05 1579497                    /usr/lib/x86_64-linux-gnu/libXdamage.so.1.1.0
7f8e8161f000-7f8e81620000 rw-p 00001000 08:05 1579497                    /usr/lib/x86_64-linux-gnu/libXdamage.so.1.1.0
7f8e81620000-7f8e81622000 r-xp 00000000 08:05 1579489                    /usr/lib/x86_64-linux-gnu/libXcomposite.so.1.0.0
7f8e81622000-7f8e81821000 ---p 00002000 08:05 1579489                    /usr/lib/x86_64-linux-gnu/libXcomposite.so.1.0.0
7f8e81821000-7f8e81822000 rw-p 00001000 08:05 1579489                    /usr/lib/x86_64-linux-gnu/libXcomposite.so.1.0.0
7f8e81822000-7f8e8182c000 r-xp 00000000 08:05 1579821                    /usr/lib/x86_64-linux-gnu/libXcursor.so.1.0.2
7f8e8182c000-7f8e81a2b000 ---p 0000a000 08:05 1579821                    /usr/lib/x86_64-linux-gnu/libXcursor.so.1.0.2
7f8e81a2b000-7f8e81a2c000 rw-p 00009000 08:05 1579821                    /usr/lib/x86_64-linux-gnu/libXcursor.so.1.0.2
7f8e81a2c000-7f8e81a33000 r-xp 00000000 08:05 1579833                    /usr/lib/x86_64-linux-gnu/libXrandr.so.2.2.0
7f8e81a33000-7f8e81c33000 ---p 00007000 08:05 1579833                    /usr/lib/x86_64-linux-gnu/libXrandr.so.2.2.0
7f8e81c33000-7f8e81c34000 rw-p 00007000 08:05 1579833                    /usr/lib/x86_64-linux-gnu/libXrandr.so.2.2.0
7f8e81c34000-7f8e81c42000 r-xp 00000000 08:05 1579825                    /usr/lib/x86_64-linux-gnu/libXi.so.6.1.0
7f8e81c42000-7f8e81e42000 ---p 0000e000 08:05 1579825                    /usr/lib/x86_64-linux-gnu/libXi.so.6.1.0
7f8e81e42000-7f8e81e43000 rw-p 0000e000 08:05 1579825                    /usr/lib/x86_64-linux-gnu/libXi.so.6.1.0
7f8e81e43000-7f8e81e45000 r-xp 00000000 08:05 1579829                    /usr/lib/x86_64-linux-gnu/libXinerama.so.1.0.0
7f8e81e45000-7f8e82044000 ---p 00002000 08:05 1579829                    /usr/lib/x86_64-linux-gnu/libXinerama.so.1.0.0
7f8e82044000-7f8e82045000 rw-p 00001000 08:05 1579829                    /usr/lib/x86_64-linux-gnu/libXinerama.so.1.0.0
7f8e82045000-7f8e82056000 r-xp 00000000 08:05 1579501                    /usr/lib/x86_64-linux-gnu/libXext.so.6.4.0
7f8e82056000-7f8e82256000 ---p 00011000 08:05 1579501                    /usr/lib/x86_64-linux-gnu/libXext.so.6.4.0
7f8e82256000-7f8e82257000 rw-p 00011000 08:05 1579501                    /usr/lib/x86_64-linux-gnu/libXext.so.6.4.0
7f8e82257000-7f8e823a3000 r-xp 00000000 08:05 1576278                    /usr/lib/x86_64-linux-gnu/libgio-2.0.so.0.3200.4
7f8e823a3000-7f8e825a2000 ---p 0014c000 08:05 1576278                    /usr/lib/x86_64-linux-gnu/libgio-2.0.so.0.3200.4
7f8e825a2000-7f8e825a6000 r--p 0014b000 08:05 1576278                    /usr/lib/x86_64-linux-gnu/libgio-2.0.so.0.3200.4
7f8e825a6000-7f8e825a8000 rw-p 0014f000 08:05 1576278                    /usr/lib/x86_64-linux-gnu/libgio-2.0.so.0.3200.4
7f8e825a8000-7f8e825aa000 rw-p 00000000 00:00 0 
7f8e825aa000-7f8e825b1000 r-xp 00000000 08:05 1579453                    /usr/lib/x86_64-linux-gnu/libcairo-gobject.so.2.11200.2
7f8e825b1000-7f8e827b0000 ---p 00007000 08:05 1579453                    /usr/lib/x86_64-linux-gnu/libcairo-gobject.so.2.11200.2
7f8e827b0000-7f8e827b2000 r--p 00006000 08:05 1579453                    /usr/lib/x86_64-linux-gnu/libcairo-gobject.so.2.11200.2
7f8e827b2000-7f8e827b3000 rw-p 00008000 08:05 1579453                    /usr/lib/x86_64-linux-gnu/libcairo-gobject.so.2.11200.2
7f8e827b3000-7f8e827d2000 r-xp 00000000 08:05 1579093                    /usr/lib/x86_64-linux-gnu/libgdk_pixbuf-2.0.so.0.2600.1
7f8e827d2000-7f8e829d1000 ---p 0001f000 08:05 1579093                    /usr/lib/x86_64-linux-gnu/libgdk_pixbuf-2.0.so.0.2600.1
7f8e829d1000-7f8e829d2000 r--p 0001e000 08:05 1579093                    /usr/lib/x86_64-linux-gnu/libgdk_pixbuf-2.0.so.0.2600.1
7f8e829d2000-7f8e829d3000 rw-p 0001f000 08:05 1579093                    /usr/lib/x86_64-linux-gnu/libgdk_pixbuf-2.0.so.0.2600.1
7f8e829d3000-7f8e829df000 r-xp 00000000 08:05 1579149                    /usr/lib/x86_64-linux-gnu/libpangocairo-1.0.so.0.3000.0
7f8e829df000-7f8e82bde000 ---p 0000c000 08:05 1579149                    /usr/lib/x86_64-linux-gnu/libpangocairo-1.0.so.0.3000.0
7f8e82bde000-7f8e82bdf000 r--p 0000b000 08:05 1579149                    /usr/lib/x86_64-linux-gnu/libpangocairo-1.0.so.0.3000.0
7f8e82bdf000-7f8e82be0000 rw-p 0000c000 08:05 1579149                    /usr/lib/x86_64-linux-gnu/libpangocairo-1.0.so.0.3000.0
7f8e82be0000-7f8e82c5b000 r-xp 00000000 08:05 1576867                    /usr/lib/x86_64-linux-gnu/libgdk-3.so.0.400.2
7f8e82c5b000-7f8e82e5b000 ---p 0007b000 08:05 1576867                    /usr/lib/x86_64-linux-gnu/libgdk-3.so.0.400.2
7f8e82e5b000-7f8e82e5e000 r--p 0007b000 08:05 1576867                    /usr/lib/x86_64-linux-gnu/libgdk-3.so.0.400.2
7f8e82e5e000-7f8e82e60000 rw-p 0007e000 08:05 1576867                    /usr/lib/x86_64-linux-gnu/libgdk-3.so.0.400.2
7f8e82e60000-7f8e82e6f000 r-xp 00000000 08:05 5381560                    /home/emmanuel/programmes/eclipse_lambda/plugins/org.eclipse.equinox.launcher.gtk.linux.x86_64_1.1.200.v20131025-1931/eclipse_1601.so
7f8e82e6f000-7f8e82f6f000 ---p 0000f000 08:05 5381560                    /home/emmanuel/programmes/eclipse_lambda/plugins/org.eclipse.equinox.launcher.gtk.linux.x86_64_1.1.200.v20131025-1931/eclipse_1601.so
7f8e82f6f000-7f8e82f71000 rw-p 0000f000 08:05 5381560                    /home/emmanuel/programmes/eclipse_lambda/plugins/org.eclipse.equinox.launcher.gtk.linux.x86_64_1.1.200.v20131025-1931/eclipse_1601.so
7f8e82f71000-7f8e82f74000 r--s 0003a000 08:05 5381664                    /home/emmanuel/programmes/eclipse_lambda/plugins/org.eclipse.osgi.compatibility.state_1.0.0.v20131023-1243.jar
7f8e82f74000-7f8e82f78000 r--s 0008a000 08:05 1604295                    /usr/lib/jvm/java-7-oracle/jre/lib/jsse.jar
7f8e82f78000-7f8e82f7a000 r--s 0000b000 08:05 5379631                    /home/emmanuel/programmes/eclipse_lambda/plugins/org.eclipse.equinox.launcher_1.3.0.v20130327-1440.jar
7f8e82f7a000-7f8e82f7b000 ---p 00000000 00:00 0 
7f8e82f7b000-7f8e8307b000 rw-p 00000000 00:00 0 
7f8e8307b000-7f8e8307e000 ---p 00000000 00:00 0 
7f8e8307e000-7f8e8317c000 rw-p 00000000 00:00 0 
7f8e8317c000-7f8e8317f000 ---p 00000000 00:00 0 
7f8e8317f000-7f8e8327d000 rw-p 00000000 00:00 0 
7f8e8327d000-7f8e83280000 ---p 00000000 00:00 0 
7f8e83280000-7f8e8337e000 rw-p 00000000 00:00 0 
7f8e8337e000-7f8e83381000 ---p 00000000 00:00 0 
7f8e83381000-7f8e8347f000 rw-p 00000000 00:00 0 
7f8e8347f000-7f8e835f6000 r--p 00000000 08:05 1579336                    /usr/lib/locale/locale-archive
7f8e835f6000-7f8e835f9000 ---p 00000000 00:00 0 
7f8e835f9000-7f8e836f7000 rw-p 00000000 00:00 0 
7f8e836f7000-7f8e836fa000 ---p 00000000 00:00 0 
7f8e836fa000-7f8e837f8000 rw-p 00000000 00:00 0 
7f8e837f8000-7f8e837f9000 ---p 00000000 00:00 0 
7f8e837f9000-7f8e84000000 rw-p 00000000 00:00 0 
7f8e84000000-7f8e850de000 rw-p 00000000 00:00 0 
7f8e850de000-7f8e88000000 ---p 00000000 00:00 0 
7f8e88000000-7f8e88001000 r--s 00004000 08:05 5381690                    /home/emmanuel/programmes/eclipse_lambda/plugins/org.eclipse.swt_3.103.0.v20131212-1937.jar
7f8e88001000-7f8e88002000 r--s 00003000 08:05 5381687                    /home/emmanuel/programmes/eclipse_lambda/plugins/org.eclipse.rcp_4.3.100.v20131212-1600.jar
7f8e88002000-7f8e88003000 r--s 00002000 08:05 919489                     /home/emmanuel/programmes/eclipse_lambda/plugins/org.eclipse.platform_4.4.0.v20131212-1600/platform.jar
7f8e88003000-7f8e8801c000 r--p 00000000 08:05 1585299                    /usr/share/locale/fr/LC_MESSAGES/glib20.mo
7f8e8801c000-7f8e8801f000 r--p 00000000 08:05 1579313                    /usr/share/locale/fr/LC_MESSAGES/atk10.mo
7f8e8801f000-7f8e8804d000 r--p 00000000 08:05 1599540                    /usr/share/locale/fr/LC_MESSAGES/gtk30-properties.mo
7f8e8804d000-7f8e88070000 r--p 00000000 08:05 1579346                    /usr/share/locale/fr/LC_MESSAGES/libc.mo
7f8e88070000-7f8e888c3000 rw-p 00000000 00:00 0 
7f8e888c3000-7f8e88a7f000 r--s 039b2000 08:05 1583874                    /usr/lib/jvm/java-7-oracle/jre/lib/rt.jar
7f8e88a7f000-7f8e8a4d0000 rw-p 00000000 00:00 0 
7f8e8a4d0000-7f8e8a4d1000 ---p 00000000 00:00 0 
7f8e8a4d1000-7f8e8a5d1000 rw-p 00000000 00:00 0 
7f8e8a5d1000-7f8e8a5d2000 ---p 00000000 00:00 0 
7f8e8a5d2000-7f8e8a6d2000 rw-p 00000000 00:00 0 
7f8e8a6d2000-7f8e8a6d3000 ---p 00000000 00:00 0 
7f8e8a6d3000-7f8e8a7d3000 rw-p 00000000 00:00 0 
7f8e8a7d3000-7f8e8a7d4000 ---p 00000000 00:00 0 
7f8e8a7d4000-7f8e8a8df000 rw-p 00000000 00:00 0 
7f8e8a8df000-7f8e8a954000 rw-p 00000000 00:00 0 
7f8e8a954000-7f8e8a962000 rw-p 00000000 00:00 0 
7f8e8a962000-7f8e8a9ff000 rw-p 00000000 00:00 0 
7f8e8a9ff000-7f8e8aa0a000 rw-p 00000000 00:00 0 
7f8e8aa0a000-7f8e8aa7f000 rw-p 00000000 00:00 0 
7f8e8aa7f000-7f8e8aa8d000 rw-p 00000000 00:00 0 
7f8e8aa8d000-7f8e8ab29000 rw-p 00000000 00:00 0 
7f8e8ab29000-7f8e8ab46000 rw-p 00000000 00:00 0 
7f8e8ab46000-7f8e8ab7f000 rw-p 00000000 00:00 0 
7f8e8ab7f000-7f8e8ab80000 rw-p 00000000 00:00 0 
7f8e8ab80000-7f8e8adf0000 rwxp 00000000 00:00 0 
7f8e8adf0000-7f8e8db80000 rw-p 00000000 00:00 0 
7f8e8db80000-7f8e8db9a000 r-xp 00000000 08:05 1589353                    /usr/lib/jvm/java-7-oracle/jre/lib/amd64/libzip.so
7f8e8db9a000-7f8e8dd9a000 ---p 0001a000 08:05 1589353                    /usr/lib/jvm/java-7-oracle/jre/lib/amd64/libzip.so
7f8e8dd9a000-7f8e8dd9b000 rw-p 0001a000 08:05 1589353                    /usr/lib/jvm/java-7-oracle/jre/lib/amd64/libzip.so
7f8e8dd9b000-7f8e8dda6000 r-xp 00000000 08:05 3014669                    /lib/x86_64-linux-gnu/libnss_files-2.13.so
7f8e8dda6000-7f8e8dfa5000 ---p 0000b000 08:05 3014669                    /lib/x86_64-linux-gnu/libnss_files-2.13.so
7f8e8dfa5000-7f8e8dfa6000 r--p 0000a000 08:05 3014669                    /lib/x86_64-linux-gnu/libnss_files-2.13.so
7f8e8dfa6000-7f8e8dfa7000 rw-p 0000b000 08:05 3014669                    /lib/x86_64-linux-gnu/libnss_files-2.13.so
7f8e8dfa7000-7f8e8dfb1000 r-xp 00000000 08:05 3014681                    /lib/x86_64-linux-gnu/libnss_nis-2.13.so
7f8e8dfb1000-7f8e8e1b0000 ---p 0000a000 08:05 3014681                    /lib/x86_64-linux-gnu/libnss_nis-2.13.so
7f8e8e1b0000-7f8e8e1b1000 r--p 00009000 08:05 3014681                    /lib/x86_64-linux-gnu/libnss_nis-2.13.so
7f8e8e1b1000-7f8e8e1b2000 rw-p 0000a000 08:05 3014681                    /lib/x86_64-linux-gnu/libnss_nis-2.13.so
7f8e8e1b2000-7f8e8e1c7000 r-xp 00000000 08:05 3014679                    /lib/x86_64-linux-gnu/libnsl-2.13.so
7f8e8e1c7000-7f8e8e3c6000 ---p 00015000 08:05 3014679                    /lib/x86_64-linux-gnu/libnsl-2.13.so
7f8e8e3c6000-7f8e8e3c7000 r--p 00014000 08:05 3014679                    /lib/x86_64-linux-gnu/libnsl-2.13.so
7f8e8e3c7000-7f8e8e3c8000 rw-p 00015000 08:05 3014679                    /lib/x86_64-linux-gnu/libnsl-2.13.so
7f8e8e3c8000-7f8e8e3ca000 rw-p 00000000 00:00 0 
7f8e8e3ca000-7f8e8e3d1000 r-xp 00000000 08:05 3014671                    /lib/x86_64-linux-gnu/libnss_compat-2.13.so
7f8e8e3d1000-7f8e8e5d0000 ---p 00007000 08:05 3014671                    /lib/x86_64-linux-gnu/libnss_compat-2.13.so
7f8e8e5d0000-7f8e8e5d1000 r--p 00006000 08:05 3014671                    /lib/x86_64-linux-gnu/libnss_compat-2.13.so
7f8e8e5d1000-7f8e8e5d2000 rw-p 00007000 08:05 3014671                    /lib/x86_64-linux-gnu/libnss_compat-2.13.so
7f8e8e5d2000-7f8e8e5fb000 r-xp 00000000 08:05 1589351                    /usr/lib/jvm/java-7-oracle/jre/lib/amd64/libjava.so
7f8e8e5fb000-7f8e8e7fb000 ---p 00029000 08:05 1589351                    /usr/lib/jvm/java-7-oracle/jre/lib/amd64/libjava.so
7f8e8e7fb000-7f8e8e7fd000 rw-p 00029000 08:05 1589351                    /usr/lib/jvm/java-7-oracle/jre/lib/amd64/libjava.so
7f8e8e7fd000-7f8e8e80a000 r-xp 00000000 08:05 1589355                    /usr/lib/jvm/java-7-oracle/jre/lib/amd64/libverify.so
7f8e8e80a000-7f8e8ea09000 ---p 0000d000 08:05 1589355                    /usr/lib/jvm/java-7-oracle/jre/lib/amd64/libverify.so
7f8e8ea09000-7f8e8ea0b000 rw-p 0000c000 08:05 1589355                    /usr/lib/jvm/java-7-oracle/jre/lib/amd64/libverify.so
7f8e8ea0b000-7f8e8ea12000 r-xp 00000000 08:05 3014670                    /lib/x86_64-linux-gnu/librt-2.13.so
7f8e8ea12000-7f8e8ec11000 ---p 00007000 08:05 3014670                    /lib/x86_64-linux-gnu/librt-2.13.so
7f8e8ec11000-7f8e8ec12000 r--p 00006000 08:05 3014670                    /lib/x86_64-linux-gnu/librt-2.13.so
7f8e8ec12000-7f8e8ec13000 rw-p 00007000 08:05 3014670                    /lib/x86_64-linux-gnu/librt-2.13.so
7f8e8ec13000-7f8e8ec94000 r-xp 00000000 08:05 3014672                    /lib/x86_64-linux-gnu/libm-2.13.so
7f8e8ec94000-7f8e8ee93000 ---p 00081000 08:05 3014672                    /lib/x86_64-linux-gnu/libm-2.13.so
7f8e8ee93000-7f8e8ee94000 r--p 00080000 08:05 3014672                    /lib/x86_64-linux-gnu/libm-2.13.so
7f8e8ee94000-7f8e8ee95000 rw-p 00081000 08:05 3014672                    /lib/x86_64-linux-gnu/libm-2.13.so
7f8e8ee95000-7f8e8f9f7000 r-xp 00000000 08:05 1589340                    /usr/lib/jvm/java-7-oracle/jre/lib/amd64/server/libjvm.so
7f8e8f9f7000-7f8e8fbf7000 ---p 00b62000 08:05 1589340                    /usr/lib/jvm/java-7-oracle/jre/lib/amd64/server/libjvm.so
7f8e8fbf7000-7f8e8fcba000 rw-p 00b62000 08:05 1589340                    /usr/lib/jvm/java-7-oracle/jre/lib/amd64/server/libjvm.so
7f8e8fcba000-7f8e8fcfb000 rw-p 00000000 00:00 0 
7f8e8fcfb000-7f8e8fe7b000 r-xp 00000000 08:05 3014675                    /lib/x86_64-linux-gnu/libc-2.13.so
7f8e8fe7b000-7f8e9007b000 ---p 00180000 08:05 3014675                    /lib/x86_64-linux-gnu/libc-2.13.so
7f8e9007b000-7f8e9007f000 r--p 00180000 08:05 3014675                    /lib/x86_64-linux-gnu/libc-2.13.so
7f8e9007f000-7f8e90080000 rw-p 00184000 08:05 3014675                    /lib/x86_64-linux-gnu/libc-2.13.so
7f8e90080000-7f8e90085000 rw-p 00000000 00:00 0 
7f8e90085000-7f8e90087000 r-xp 00000000 08:05 3014668                    /lib/x86_64-linux-gnu/libdl-2.13.so
7f8e90087000-7f8e90287000 ---p 00002000 08:05 3014668                    /lib/x86_64-linux-gnu/libdl-2.13.so
7f8e90287000-7f8e90288000 r--p 00002000 08:05 3014668                    /lib/x86_64-linux-gnu/libdl-2.13.so
7f8e90288000-7f8e90289000 rw-p 00003000 08:05 3014668                    /lib/x86_64-linux-gnu/libdl-2.13.so
7f8e90289000-7f8e9029f000 r-xp 00000000 08:05 1589381                    /usr/lib/jvm/java-7-oracle/jre/lib/amd64/jli/libjli.so
7f8e9029f000-7f8e9049f000 ---p 00016000 08:05 1589381                    /usr/lib/jvm/java-7-oracle/jre/lib/amd64/jli/libjli.so
7f8e9049f000-7f8e904a0000 rw-p 00016000 08:05 1589381                    /usr/lib/jvm/java-7-oracle/jre/lib/amd64/jli/libjli.so
7f8e904a0000-7f8e904b7000 r-xp 00000000 08:05 3014665                    /lib/x86_64-linux-gnu/libpthread-2.13.so
7f8e904b7000-7f8e906b6000 ---p 00017000 08:05 3014665                    /lib/x86_64-linux-gnu/libpthread-2.13.so
7f8e906b6000-7f8e906b7000 r--p 00016000 08:05 3014665                    /lib/x86_64-linux-gnu/libpthread-2.13.so
7f8e906b7000-7f8e906b8000 rw-p 00017000 08:05 3014665                    /lib/x86_64-linux-gnu/libpthread-2.13.so
7f8e906b8000-7f8e906bc000 rw-p 00000000 00:00 0 
7f8e906bc000-7f8e906dc000 r-xp 00000000 08:05 3014678                    /lib/x86_64-linux-gnu/ld-2.13.so
7f8e906dc000-7f8e906e2000 r--p 00000000 08:05 1579069                    /usr/share/locale/fr/LC_MESSAGES/gdk-pixbuf.mo
7f8e906e2000-7f8e906e9000 r--s 00000000 08:05 1572926                    /usr/lib/x86_64-linux-gnu/gconv/gconv-modules.cache
7f8e906e9000-7f8e906f9000 r--p 00000000 08:05 1599541                    /usr/share/locale/fr/LC_MESSAGES/gtk30.mo
7f8e906f9000-7f8e90703000 rw-p 00000000 00:00 0 
7f8e90703000-7f8e907b9000 rw-p 00000000 00:00 0 
7f8e907b9000-7f8e907bc000 ---p 00000000 00:00 0 
7f8e907bc000-7f8e908be000 rw-p 00000000 00:00 0 
7f8e908be000-7f8e908bf000 r--s 00002000 08:05 5381720                    /home/emmanuel/programmes/eclipse_lambda/plugins/org.eclipse.pde.api.tools.annotations_1.0.0.v20130923-1839.jar
7f8e908bf000-7f8e908c0000 r--s 00006000 08:05 5381639                    /home/emmanuel/programmes/eclipse_lambda/plugins/org.eclipse.jetty.continuation_8.1.12.v20130726.jar
7f8e908c0000-7f8e908cf000 rw-p 00000000 00:00 0 
7f8e908cf000-7f8e908d7000 rw-s 00000000 08:05 2099621                    /tmp/hsperfdata_emmanuel/25106
7f8e908d7000-7f8e908d8000 rw-p 00000000 00:00 0 
7f8e908d8000-7f8e908d9000 r--p 00000000 00:00 0 
7f8e908d9000-7f8e908db000 rw-p 00000000 00:00 0 
7f8e908db000-7f8e908dc000 r--p 0001f000 08:05 3014678                    /lib/x86_64-linux-gnu/ld-2.13.so
7f8e908dc000-7f8e908dd000 rw-p 00020000 08:05 3014678                    /lib/x86_64-linux-gnu/ld-2.13.so
7f8e908dd000-7f8e908de000 rw-p 00000000 00:00 0 
7fff9ee07000-7fff9ee28000 rw-p 00000000 00:00 0                          [stack]
7fff9ef26000-7fff9ef27000 r-xp 00000000 00:00 0                          [vdso]
ffffffffff600000-ffffffffff601000 r-xp 00000000 00:00 0                  [vsyscall]

VM Arguments:
jvm_args: -Xms40m -Xmx512m -XX:MaxPermSize=256m 
java_command: /home/emmanuel/programmes/eclipse_lambda//plugins/org.eclipse.equinox.launcher_1.3.0.v20130327-1440.jar -os linux -ws gtk -arch x86_64 -showsplash /home/emmanuel/programmes/eclipse_lambda//plugins/org.eclipse.platform_4.4.0.v20131212-1600/splash.bmp -launcher /home/emmanuel/programmes/eclipse_lambda/eclipse -name Eclipse --launcher.library /home/emmanuel/programmes/eclipse_lambda//plugins/org.eclipse.equinox.launcher.gtk.linux.x86_64_1.1.200.v20131025-1931/eclipse_1601.so -startup /home/emmanuel/programmes/eclipse_lambda//plugins/org.eclipse.equinox.launcher_1.3.0.v20130327-1440.jar --launcher.appendVmargs -exitdata 9af0002 -vm /usr/bin/java -vmargs -Xms40m -Xmx512m -XX:MaxPermSize=256m -jar /home/emmanuel/programmes/eclipse_lambda//plugins/org.eclipse.equinox.launcher_1.3.0.v20130327-1440.jar
Launcher Type: SUN_STANDARD

Environment Variables:
PATH=/usr/local/bin:/usr/bin:/bin:/usr/local/games:/usr/games
USERNAME=emmanuel
SHELL=/bin/bash
DISPLAY=:0

Signal Handlers:
SIGSEGV: [libjvm.so+0x9935b0], sa_mask[0]=0x7ffbfeff, sa_flags=0x10000004
SIGBUS: [libjvm.so+0x9935b0], sa_mask[0]=0x7ffbfeff, sa_flags=0x10000004
SIGFPE: [libjvm.so+0x810330], sa_mask[0]=0x7ffbfeff, sa_flags=0x10000004
SIGPIPE: SIG_IGN, sa_mask[0]=0x00001000, sa_flags=0x10000000
SIGXFSZ: [libjvm.so+0x810330], sa_mask[0]=0x7ffbfeff, sa_flags=0x10000004
SIGILL: [libjvm.so+0x810330], sa_mask[0]=0x7ffbfeff, sa_flags=0x10000004
SIGUSR1: SIG_DFL, sa_mask[0]=0x00000000, sa_flags=0x00000000
SIGUSR2: [libjvm.so+0x811820], sa_mask[0]=0x00000000, sa_flags=0x10000004
SIGHUP: [libjvm.so+0x812790], sa_mask[0]=0x7ffbfeff, sa_flags=0x10000004
SIGINT: [libjvm.so+0x812790], sa_mask[0]=0x7ffbfeff, sa_flags=0x10000004
SIGTERM: [libjvm.so+0x812790], sa_mask[0]=0x7ffbfeff, sa_flags=0x10000004
SIGQUIT: [libjvm.so+0x812790], sa_mask[0]=0x7ffbfeff, sa_flags=0x10000004


---------------  S Y S T E M  ---------------

OS:7.3

uname:Linux 3.2.0-4-amd64 #1 SMP Debian 3.2.51-1 x86_64
libc:glibc 2.13 NPTL 2.13 
rlimit: STACK 8192k, CORE 0k, NPROC 30937, NOFILE 4096, AS infinity
load average:0,54 0,36 0,17

/proc/meminfo:
MemTotal:        3972192 kB
MemFree:          638296 kB
Buffers:           91416 kB
Cached:          1700148 kB
SwapCached:            4 kB
Active:          1921204 kB
Inactive:        1237100 kB
Active(anon):    1207248 kB
Inactive(anon):   463784 kB
Active(file):     713956 kB
Inactive(file):   773316 kB
Unevictable:          16 kB
Mlocked:              16 kB
SwapTotal:       4335612 kB
SwapFree:        4334768 kB
Dirty:              7692 kB
Writeback:             0 kB
AnonPages:       1367064 kB
Mapped:           288648 kB
Shmem:            304292 kB
Slab:              98996 kB
SReclaimable:      68984 kB
SUnreclaim:        30012 kB
KernelStack:        3864 kB
PageTables:        32600 kB
NFS_Unstable:          0 kB
Bounce:                0 kB
WritebackTmp:          0 kB
CommitLimit:     6321708 kB
Committed_AS:    4284180 kB
VmallocTotal:   34359738367 kB
VmallocUsed:      359596 kB
VmallocChunk:   34359372272 kB
HardwareCorrupted:     0 kB
AnonHugePages:         0 kB
HugePages_Total:       0
HugePages_Free:        0
HugePages_Rsvd:        0
HugePages_Surp:        0
Hugepagesize:       2048 kB
DirectMap4k:       65536 kB
DirectMap2M:     4044800 kB


CPU:total 4 (2 cores per cpu, 2 threads per core) family 6 model 42 stepping 7, cmov, cx8, fxsr, mmx, sse, sse2, sse3, ssse3, sse4.1, sse4.2, popcnt, avx, ht, tsc, tscinvbit

/proc/cpuinfo:
processor	: 0
vendor_id	: GenuineIntel
cpu family	: 6
model		: 42
model name	: Intel(R) Core(TM) i3-2330M CPU @ 2.20GHz
stepping	: 7
microcode	: 0x1a
cpu MHz		: 2200.000
cache size	: 3072 KB
physical id	: 0
siblings	: 4
core id		: 0
cpu cores	: 2
apicid		: 0
initial apicid	: 0
fpu		: yes
fpu_exception	: yes
cpuid level	: 13
wp		: yes
flags		: fpu vme de pse tsc msr pae mce cx8 apic sep mtrr pge mca cmov pat pse36 clflush dts acpi mmx fxsr sse sse2 ss ht tm pbe syscall nx rdtscp lm constant_tsc arch_perfmon pebs bts nopl xtopology nonstop_tsc aperfmperf pni pclmulqdq dtes64 monitor ds_cpl vmx est tm2 ssse3 cx16 xtpr pdcm pcid sse4_1 sse4_2 x2apic popcnt tsc_deadline_timer xsave avx lahf_lm arat epb xsaveopt pln pts dtherm tpr_shadow vnmi flexpriority ept vpid
bogomips	: 4390.35
clflush size	: 64
cache_alignment	: 64
address sizes	: 36 bits physical, 48 bits virtual
power management:

processor	: 1
vendor_id	: GenuineIntel
cpu family	: 6
model		: 42
model name	: Intel(R) Core(TM) i3-2330M CPU @ 2.20GHz
stepping	: 7
microcode	: 0x1a
cpu MHz		: 2200.000
cache size	: 3072 KB
physical id	: 0
siblings	: 4
core id		: 0
cpu cores	: 2
apicid		: 1
initial apicid	: 1
fpu		: yes
fpu_exception	: yes
cpuid level	: 13
wp		: yes
flags		: fpu vme de pse tsc msr pae mce cx8 apic sep mtrr pge mca cmov pat pse36 clflush dts acpi mmx fxsr sse sse2 ss ht tm pbe syscall nx rdtscp lm constant_tsc arch_perfmon pebs bts nopl xtopology nonstop_tsc aperfmperf pni pclmulqdq dtes64 monitor ds_cpl vmx est tm2 ssse3 cx16 xtpr pdcm pcid sse4_1 sse4_2 x2apic popcnt tsc_deadline_timer xsave avx lahf_lm arat epb xsaveopt pln pts dtherm tpr_shadow vnmi flexpriority ept vpid
bogomips	: 4389.82
clflush size	: 64
cache_alignment	: 64
address sizes	: 36 bits physical, 48 bits virtual
power management:

processor	: 2
vendor_id	: GenuineIntel
cpu family	: 6
model		: 42
model name	: Intel(R) Core(TM) i3-2330M CPU @ 2.20GHz
stepping	: 7
microcode	: 0x1a
cpu MHz		: 2200.000
cache size	: 3072 KB
physical id	: 0
siblings	: 4
core id		: 1
cpu cores	: 2
apicid		: 2
initial apicid	: 2
fpu		: yes
fpu_exception	: yes
cpuid level	: 13
wp		: yes
flags		: fpu vme de pse tsc msr pae mce cx8 apic sep mtrr pge mca cmov pat pse36 clflush dts acpi mmx fxsr sse sse2 ss ht tm pbe syscall nx rdtscp lm constant_tsc arch_perfmon pebs bts nopl xtopology nonstop_tsc aperfmperf pni pclmulqdq dtes64 monitor ds_cpl vmx est tm2 ssse3 cx16 xtpr pdcm pcid sse4_1 sse4_2 x2apic popcnt tsc_deadline_timer xsave avx lahf_lm arat epb xsaveopt pln pts dtherm tpr_shadow vnmi flexpriority ept vpid
bogomips	: 4389.82
clflush size	: 64
cache_alignment	: 64
address sizes	: 36 bits physical, 48 bits virtual
power management:

processor	: 3
vendor_id	: GenuineIntel
cpu family	: 6
model		: 42
model name	: Intel(R) Core(TM) i3-2330M CPU @ 2.20GHz
stepping	: 7
microcode	: 0x1a
cpu MHz		: 2200.000
cache size	: 3072 KB
physical id	: 0
siblings	: 4
core id		: 1
cpu cores	: 2
apicid		: 3
initial apicid	: 3
fpu		: yes
fpu_exception	: yes
cpuid level	: 13
wp		: yes
flags		: fpu vme de pse tsc msr pae mce cx8 apic sep mtrr pge mca cmov pat pse36 clflush dts acpi mmx fxsr sse sse2 ss ht tm pbe syscall nx rdtscp lm constant_tsc arch_perfmon pebs bts nopl xtopology nonstop_tsc aperfmperf pni pclmulqdq dtes64 monitor ds_cpl vmx est tm2 ssse3 cx16 xtpr pdcm pcid sse4_1 sse4_2 x2apic popcnt tsc_deadline_timer xsave avx lahf_lm arat epb xsaveopt pln pts dtherm tpr_shadow vnmi flexpriority ept vpid
bogomips	: 4389.82
clflush size	: 64
cache_alignment	: 64
address sizes	: 36 bits physical, 48 bits virtual
power management:



Memory: 4k page, physical 3972192k(638296k free), swap 4335612k(4334768k free)

vm_info: Java HotSpot(TM) 64-Bit Server VM (24.45-b08) for linux-amd64 JRE (1.7.0_45-b18), built on Oct  8 2013 05:44:25 by "java_re" with gcc 4.3.0 20080428 (Red Hat 4.3.0-8)

time: Fri Dec 20 21:39:43 2013
elapsed time: 3 seconds

